[ 2013-12-31T13:18:03+08:00 ] 223.199.137.5 /index.php
INFO: [ app_begin ] --START--
INFO: Run ReadHtmlCache Behavior [ RunTime:0.002173s ]
INFO: [ app_begin ] --END-- [ RunTime:0.002408s ]
NOTIC: [2] Cannot use a scalar value as an array D:\wwwroot\wx6\Web\Lib\Core\Action.class.php 第 206 行.
INFO: [ view_template ] --START--
INFO: Run LocationTemplate Behavior [ RunTime:-0.047302s ]
INFO: [ view_template ] --END-- [ RunTime:0.008314s ]
INFO: [ view_parse ] --START--
NOTIC: [8] Use of undefined constant uid - assumed 'uid' D:\wwwroot\wx6\Web\data\Conf\logs\Cache\Home\6fec05cdeb567bdd6f06e8ce37bfd4e0.php 第 31 行.
NOTIC: [8] Undefined index:  uid D:\wwwroot\wx6\Web\data\Conf\logs\Cache\Home\6fec05cdeb567bdd6f06e8ce37bfd4e0.php 第 31 行.
INFO: Run ParseTemplate Behavior [ RunTime:-0.055884s ]
INFO: [ view_parse ] --END-- [ RunTime:0.146519s ]
INFO: [ view_filter ] --START--
INFO: Run ContentReplace Behavior [ RunTime:-0.202521s ]
INFO: Run TokenBuild Behavior [ RunTime:-0.204486s ]
INFO: Run WriteHtmlCache Behavior [ RunTime:-0.218673s ]
INFO: Run ShowRuntime Behavior [ RunTime:-0.220465s ]
INFO: [ view_filter ] --END-- [ RunTime:0.022083s ]
INFO: [ view_end ] --START--
INFO: Run ShowPageTrace Behavior [ RunTime:-0.231354s ]
INFO: [ view_end ] --END-- [ RunTime:0.003482s ]

[ 2013-12-31T13:37:49+08:00 ] 223.199.137.5 /index.php
INFO: [ app_begin ] --START--
INFO: Run ReadHtmlCache Behavior [ RunTime:0.002722s ]
INFO: [ app_begin ] --END-- [ RunTime:0.003032s ]
NOTIC: [2] Cannot use a scalar value as an array D:\wwwroot\wx6\Web\Lib\Core\Action.class.php 第 206 行.
INFO: [ view_template ] --START--
INFO: Run LocationTemplate Behavior [ RunTime:-0.037541s ]
INFO: [ view_template ] --END-- [ RunTime:0.003986s ]
INFO: [ view_parse ] --START--
NOTIC: [8] Use of undefined constant uid - assumed 'uid' D:\wwwroot\wx6\Web\data\Conf\logs\Cache\Home\6fec05cdeb567bdd6f06e8ce37bfd4e0.php 第 31 行.
NOTIC: [8] Undefined index:  uid D:\wwwroot\wx6\Web\data\Conf\logs\Cache\Home\6fec05cdeb567bdd6f06e8ce37bfd4e0.php 第 31 行.
INFO: Run ParseTemplate Behavior [ RunTime:-0.041764s ]
INFO: [ view_parse ] --END-- [ RunTime:0.162917s ]
INFO: [ view_filter ] --START--
INFO: Run ContentReplace Behavior [ RunTime:-0.205134s ]
INFO: Run TokenBuild Behavior [ RunTime:-0.213439s ]
INFO: Run WriteHtmlCache Behavior [ RunTime:-0.217167s ]
INFO: Run ShowRuntime Behavior [ RunTime:-0.219279s ]
INFO: [ view_filter ] --END-- [ RunTime:0.016162s ]
INFO: [ view_end ] --START--
INFO: Run ShowPageTrace Behavior [ RunTime:-0.221353s ]
INFO: [ view_end ] --END-- [ RunTime:0.008318s ]

[ 2013-12-31T13:37:52+08:00 ] 223.199.137.5 /index.php?m=Index&a=login
INFO: [ app_begin ] --START--
INFO: Run ReadHtmlCache Behavior [ RunTime:0.007665s ]
INFO: [ app_begin ] --END-- [ RunTime:0.008215s ]
NOTIC: [2] Cannot use a scalar value as an array D:\wwwroot\wx6\Web\Lib\Core\Action.class.php 第 206 行.
INFO: [ view_template ] --START--
INFO: Run LocationTemplate Behavior [ RunTime:-0.037032s ]
INFO: [ view_template ] --END-- [ RunTime:0.007753s ]
INFO: [ view_parse ] --START--
NOTIC: [8] Use of undefined constant uid - assumed 'uid' D:\wwwroot\wx6\Web\data\Conf\logs\Cache\Home\52f87a7eb8f08d96b8a13f27c31684b4.php 第 31 行.
NOTIC: [8] Undefined index:  uid D:\wwwroot\wx6\Web\data\Conf\logs\Cache\Home\52f87a7eb8f08d96b8a13f27c31684b4.php 第 31 行.
INFO: Run ParseTemplate Behavior [ RunTime:-0.045104s ]
INFO: [ view_parse ] --END-- [ RunTime:0.149259s ]
INFO: [ view_filter ] --START--
INFO: Run ContentReplace Behavior [ RunTime:-0.194359s ]
INFO: Run TokenBuild Behavior [ RunTime:-0.196044s ]
INFO: Run WriteHtmlCache Behavior [ RunTime:-0.198020s ]
INFO: Run ShowRuntime Behavior [ RunTime:-0.204649s ]
INFO: [ view_filter ] --END-- [ RunTime:0.012466s ]
INFO: [ view_end ] --START--
INFO: Run ShowPageTrace Behavior [ RunTime:-0.207022s ]
INFO: [ view_end ] --END-- [ RunTime:0.007139s ]

[ 2013-12-31T13:38:16+08:00 ] 223.199.137.5 /index.php?m=Users&a=checkreg
INFO: [ app_begin ] --START--
INFO: Run ReadHtmlCache Behavior [ RunTime:0.006854s ]
INFO: [ app_begin ] --END-- [ RunTime:0.007189s ]
NOTIC: [2] Cannot use a scalar value as an array D:\wwwroot\wx6\Web\Lib\Core\Action.class.php 第 206 行.
SQL: SHOW COLUMNS FROM `tp_users` [ RunTime:0.018471s ]
SQL: SHOW COLUMNS FROM `tp_user_group` [ RunTime:0.008613s ]
SQL: SELECT * FROM `tp_user_group` WHERE ( `id` = 1 ) LIMIT 1   [ RunTime:0.007173s ]
SQL: SELECT * FROM `tp_users` WHERE ( `username` = 'aaaa' ) LIMIT 1   [ RunTime:0.000916s ]
SQL: SELECT * FROM `tp_users` WHERE ( `email` = 'boot217@qq.com' ) LIMIT 1   [ RunTime:0.002804s ]
NOTIC: [2] md5() expects at least 1 parameter, 0 given D:\wwwroot\wx6\Web\Lib\Core\Model.class.php 第 876 行.
SQL: INSERT INTO `tp_users` (`username`,`password`,`email`,`createtime`,`createip`,`viptime`,`lasttime`,`lastip`,`status`,`gid`) VALUES ('aaaa','74b87337454200d4d33f80c4663dc5e5','boot217@qq.com',1388468296,'223.199.137.5',1388468296,1388468296,'223.199.137.5',1,1) [ RunTime:0.001127s ]
SQL: UPDATE `tp_users` SET `viptime`=1388727496 WHERE ( `id` = 33 ) [ RunTime:0.000944s ]
INFO: [ view_template ] --START--
INFO: Run LocationTemplate Behavior [ RunTime:-0.171989s ]
INFO: [ view_template ] --END-- [ RunTime:0.006568s ]
INFO: [ view_parse ] --START--
INFO: Run ParseTemplate Behavior [ RunTime:-0.178725s ]
INFO: [ view_parse ] --END-- [ RunTime:0.100828s ]
INFO: [ view_filter ] --START--
INFO: Run ContentReplace Behavior [ RunTime:-0.279567s ]
INFO: Run TokenBuild Behavior [ RunTime:-0.281688s ]
INFO: Run WriteHtmlCache Behavior [ RunTime:-0.304164s ]
INFO: Run ShowRuntime Behavior [ RunTime:-0.306057s ]
INFO: [ view_filter ] --END-- [ RunTime:0.033862s ]
INFO: [ view_end ] --START--
INFO: Run ShowPageTrace Behavior [ RunTime:-0.313708s ]
INFO: [ view_end ] --END-- [ RunTime:0.006029s ]

[ 2013-12-31T13:38:18+08:00 ] 223.199.137.5 /index.php?g=User&m=Index&a=index
INFO: [ app_begin ] --START--
INFO: Run ReadHtmlCache Behavior [ RunTime:0.002668s ]
INFO: [ app_begin ] --END-- [ RunTime:0.002976s ]
NOTIC: [2048] Declaration of IndexAction::insert() should be compatible with that of BaseAction::insert() D:\wwwroot\wx6\Web\Lanrain\Lib\Action\User\IndexAction.class.php 第 2 行.
NOTIC: [2] Cannot use a scalar value as an array D:\wwwroot\wx6\Web\Lib\Core\Action.class.php 第 206 行.
SQL: SHOW COLUMNS FROM `tp_user_group` [ RunTime:0.009859s ]
SQL: SELECT * FROM `tp_user_group` WHERE ( `id` = 1 ) LIMIT 1   [ RunTime:0.000762s ]
SQL: SHOW COLUMNS FROM `tp_users` [ RunTime:0.020243s ]
SQL: SELECT * FROM `tp_users` WHERE ( `id` = 33 ) LIMIT 1   [ RunTime:0.001235s ]
SQL: SHOW COLUMNS FROM `tp_wxuser` [ RunTime:0.007748s ]
SQL: SELECT `wxname`,`wxid`,`headerpic`,`weixin` FROM `tp_wxuser` WHERE ( `token` = null ) AND ( `uid` = 33 ) LIMIT 1   [ RunTime:0.004699s ]
SQL: SHOW COLUMNS FROM `tp_user_group` [ RunTime:0.005356s ]
SQL: SELECT * FROM `tp_user_group`  [ RunTime:0.008460s ]
SQL: SELECT COUNT(*) AS tp_count FROM `tp_wxuser` WHERE ( `uid` = 33 ) LIMIT 1   [ RunTime:0.001143s ]
SQL: SELECT * FROM `tp_wxuser` WHERE ( `uid` = 33 ) LIMIT 0,25   [ RunTime:0.007910s ]
INFO: [ view_template ] --START--
INFO: Run LocationTemplate Behavior [ RunTime:-0.200830s ]
INFO: [ view_template ] --END-- [ RunTime:0.003644s ]
INFO: [ view_parse ] --START--
NOTIC: [8] Undefined index:  viptime D:\wwwroot\wx6\Web\data\Conf\logs\Cache\User\56f7804e54d354c9c14b7fc522e75478.php 第 60 行.
INFO: Run ParseTemplate Behavior [ RunTime:-0.204670s ]
INFO: [ view_parse ] --END-- [ RunTime:0.134285s ]
INFO: [ view_filter ] --START--
INFO: Run ContentReplace Behavior [ RunTime:-0.339175s ]
INFO: Run TokenBuild Behavior [ RunTime:-0.363305s ]
INFO: Run WriteHtmlCache Behavior [ RunTime:-0.379765s ]
INFO: Run ShowRuntime Behavior [ RunTime:-0.387543s ]
INFO: [ view_filter ] --END-- [ RunTime:0.051360s ]
INFO: [ view_end ] --START--
INFO: Run ShowPageTrace Behavior [ RunTime:-0.390810s ]
INFO: [ view_end ] --END-- [ RunTime:0.012424s ]

[ 2013-12-31T13:38:34+08:00 ] 223.199.137.5 /index.php
INFO: [ app_begin ] --START--
INFO: Run ReadHtmlCache Behavior [ RunTime:0.006826s ]
INFO: [ app_begin ] --END-- [ RunTime:0.007138s ]
NOTIC: [2] Cannot use a scalar value as an array D:\wwwroot\wx6\Web\Lib\Core\Action.class.php 第 206 行.
INFO: [ view_template ] --START--
INFO: Run LocationTemplate Behavior [ RunTime:-0.020777s ]
INFO: [ view_template ] --END-- [ RunTime:0.002636s ]
INFO: [ view_parse ] --START--
NOTIC: [8] Use of undefined constant uid - assumed 'uid' D:\wwwroot\wx6\Web\data\Conf\logs\Cache\Home\6fec05cdeb567bdd6f06e8ce37bfd4e0.php 第 31 行.
INFO: Run ParseTemplate Behavior [ RunTime:-0.023593s ]
INFO: [ view_parse ] --END-- [ RunTime:0.146192s ]
INFO: [ view_filter ] --START--
INFO: Run ContentReplace Behavior [ RunTime:-0.171255s ]
INFO: Run TokenBuild Behavior [ RunTime:-0.172783s ]
INFO: Run WriteHtmlCache Behavior [ RunTime:-0.174195s ]
INFO: Run ShowRuntime Behavior [ RunTime:-0.179952s ]
INFO: [ view_filter ] --END-- [ RunTime:0.013824s ]
INFO: [ view_end ] --START--
INFO: Run ShowPageTrace Behavior [ RunTime:-0.185251s ]
INFO: [ view_end ] --END-- [ RunTime:0.002451s ]

[ 2013-12-31T13:38:42+08:00 ] 223.199.137.5 /index.php?g=System&m=Admin&a=index
INFO: [ app_begin ] --START--
INFO: Run ReadHtmlCache Behavior [ RunTime:0.004917s ]
INFO: [ app_begin ] --END-- [ RunTime:0.005267s ]
NOTIC: [2] Cannot use a scalar value as an array D:\wwwroot\wx6\Web\Lib\Core\Action.class.php 第 206 行.
INFO: [ view_template ] --START--
INFO: Run LocationTemplate Behavior [ RunTime:-0.023428s ]
INFO: [ view_template ] --END-- [ RunTime:0.003985s ]
INFO: [ view_parse ] --START--
NOTIC: [8] Use of undefined constant STATICS - assumed 'STATICS' D:\wwwroot\wx6\Web\data\Conf\logs\Cache\System\0ac5617eb2d3cba46a940e61fff06d9f.php 第 14 行.
INFO: Run ParseTemplate Behavior [ RunTime:-0.032254s ]
INFO: [ view_parse ] --END-- [ RunTime:0.114868s ]
INFO: [ view_filter ] --START--
INFO: Run ContentReplace Behavior [ RunTime:-0.147178s ]
INFO: Run TokenBuild Behavior [ RunTime:-0.162247s ]
INFO: Run WriteHtmlCache Behavior [ RunTime:-0.166187s ]
INFO: Run ShowRuntime Behavior [ RunTime:-0.174429s ]
INFO: [ view_filter ] --END-- [ RunTime:0.033044s ]
INFO: [ view_end ] --START--
INFO: Run ShowPageTrace Behavior [ RunTime:-0.180548s ]
INFO: [ view_end ] --END-- [ RunTime:0.004527s ]

[ 2013-12-31T13:38:43+08:00 ] 223.199.137.5 /index.php?g=System&m=Admin&a=verify
INFO: [ app_begin ] --START--
INFO: Run ReadHtmlCache Behavior [ RunTime:0.003041s ]
INFO: [ app_begin ] --END-- [ RunTime:0.010910s ]
NOTIC: [2] Cannot use a scalar value as an array D:\wwwroot\wx6\Web\Lib\Core\Action.class.php 第 206 行.

[ 2013-12-31T13:39:00+08:00 ] 223.199.137.5 /index.php?g=System&m=Admin&a=insert
INFO: [ app_begin ] --START--
INFO: Run ReadHtmlCache Behavior [ RunTime:0.006437s ]
INFO: [ app_begin ] --END-- [ RunTime:0.007676s ]
NOTIC: [2] Cannot use a scalar value as an array D:\wwwroot\wx6\Web\Lib\Core\Action.class.php 第 206 行.
SQL: SHOW COLUMNS FROM `tp_user` [ RunTime:0.018834s ]
SQL: SELECT * FROM `tp_user` WHERE ( `username` = 'admin' ) AND ( `status` = 1 ) LIMIT 1   [ RunTime:0.006386s ]
INFO: [ view_template ] --START--
INFO: Run LocationTemplate Behavior [ RunTime:-0.170589s ]
INFO: [ view_template ] --END-- [ RunTime:0.011814s ]
INFO: [ view_parse ] --START--
INFO: Run ParseTemplate Behavior [ RunTime:-0.183271s ]
INFO: [ view_parse ] --END-- [ RunTime:0.068575s ]
INFO: [ view_filter ] --START--
INFO: Run ContentReplace Behavior [ RunTime:-0.252893s ]
INFO: Run TokenBuild Behavior [ RunTime:-0.254119s ]
INFO: Run WriteHtmlCache Behavior [ RunTime:-0.255689s ]
INFO: Run ShowRuntime Behavior [ RunTime:-0.256587s ]
INFO: [ view_filter ] --END-- [ RunTime:0.005472s ]
INFO: [ view_end ] --START--
INFO: Run ShowPageTrace Behavior [ RunTime:-0.258506s ]
INFO: [ view_end ] --END-- [ RunTime:0.005251s ]

[ 2013-12-31T13:39:14+08:00 ] 223.199.137.5 /index.php?g=System&m=Admin&a=insert
INFO: [ app_begin ] --START--
INFO: Run ReadHtmlCache Behavior [ RunTime:0.002802s ]
INFO: [ app_begin ] --END-- [ RunTime:0.003076s ]
NOTIC: [2] Cannot use a scalar value as an array D:\wwwroot\wx6\Web\Lib\Core\Action.class.php 第 206 行.
SQL: SHOW COLUMNS FROM `tp_user` [ RunTime:0.004819s ]
SQL: SELECT * FROM `tp_user` WHERE ( `username` = 'admin' ) AND ( `status` = 1 ) LIMIT 1   [ RunTime:0.004953s ]
NOTIC: [2] fopen(D:\wwwroot\wx6\Web\Lanrain\Lib\ORG/UTFWry.dat) [<a href='function.fopen'>function.fopen</a>]: failed to open stream: No such file or directory D:\wwwroot\wx6\Web\Lanrain\Lib\ORG\IpLocation.class.php 第 57 行.
SQL: UPDATE `tp_user` SET `last_location`='',`last_login_time`=1388468354,`last_login_ip`='223.199.137.5' WHERE ( `id` = 8 ) [ RunTime:0.001317s ]

[ 2013-12-31T13:39:14+08:00 ] 223.199.137.5 /index.php?g=System&m=System&a=index
INFO: [ app_begin ] --START--
INFO: Run ReadHtmlCache Behavior [ RunTime:0.001487s ]
INFO: [ app_begin ] --END-- [ RunTime:0.001916s ]
NOTIC: [2] Cannot use a scalar value as an array D:\wwwroot\wx6\Web\Lib\Core\Action.class.php 第 206 行.
SQL: SHOW COLUMNS FROM `tp_node` [ RunTime:0.007755s ]
SQL: SELECT * FROM `tp_node` WHERE ( `level` = null ) AND ( `pid` = 2 ) AND ( `status` = 1 ) AND ( `display` > 0 ) ORDER BY `sort` asc  [ RunTime:0.006662s ]
SQL: SHOW COLUMNS FROM `tp_node` [ RunTime:0.004154s ]
SQL: SELECT * FROM `tp_node` WHERE ( `display` = 1 ) AND ( `status` = 1 ) ORDER BY `sort` asc  [ RunTime:0.003998s ]
INFO: [ view_template ] --START--
INFO: Run LocationTemplate Behavior [ RunTime:-0.147854s ]
INFO: [ view_template ] --END-- [ RunTime:0.014359s ]
INFO: [ view_parse ] --START--
INFO: Run ParseTemplate Behavior [ RunTime:-0.162340s ]
INFO: [ view_parse ] --END-- [ RunTime:0.081325s ]
INFO: [ view_filter ] --START--
INFO: Run ContentReplace Behavior [ RunTime:-0.243990s ]
INFO: Run TokenBuild Behavior [ RunTime:-0.260126s ]
INFO: Run WriteHtmlCache Behavior [ RunTime:-0.261666s ]
INFO: Run ShowRuntime Behavior [ RunTime:-0.262656s ]
INFO: [ view_filter ] --END-- [ RunTime:0.020677s ]
INFO: [ view_end ] --START--
INFO: Run ShowPageTrace Behavior [ RunTime:-0.265239s ]
INFO: [ view_end ] --END-- [ RunTime:0.007046s ]

[ 2013-12-31T13:39:19+08:00 ] 223.199.137.5 /index.php?g=System&m=System&a=main
INFO: [ app_begin ] --START--
INFO: Run ReadHtmlCache Behavior [ RunTime:0.002057s ]
INFO: [ app_begin ] --END-- [ RunTime:0.002405s ]
NOTIC: [2] Cannot use a scalar value as an array D:\wwwroot\wx6\Web\Lib\Core\Action.class.php 第 206 行.
SQL: SHOW COLUMNS FROM `tp_node` [ RunTime:0.013422s ]
SQL: SELECT * FROM `tp_node` WHERE ( `level` = null ) AND ( `pid` = 2 ) AND ( `status` = 1 ) AND ( `display` > 0 ) ORDER BY `sort` asc  [ RunTime:0.009390s ]
INFO: [ view_template ] --START--
INFO: Run LocationTemplate Behavior [ RunTime:-0.138372s ]
INFO: [ view_template ] --END-- [ RunTime:0.003184s ]
INFO: [ view_parse ] --START--
INFO: Run ParseTemplate Behavior [ RunTime:-0.141716s ]
INFO: [ view_parse ] --END-- [ RunTime:0.081742s ]
INFO: [ view_filter ] --START--
INFO: Run ContentReplace Behavior [ RunTime:-0.228774s ]
INFO: Run TokenBuild Behavior [ RunTime:-0.230333s ]
INFO: Run WriteHtmlCache Behavior [ RunTime:-0.235102s ]
INFO: Run ShowRuntime Behavior [ RunTime:-0.241843s ]
INFO: [ view_filter ] --END-- [ RunTime:0.023786s ]
INFO: [ view_end ] --START--
INFO: Run ShowPageTrace Behavior [ RunTime:-0.247711s ]
INFO: [ view_end ] --END-- [ RunTime:0.007521s ]

[ 2013-12-31T13:39:20+08:00 ] 223.199.137.5 /index.php?g=System&m=System&a=menu
INFO: [ app_begin ] --START--
INFO: Run ReadHtmlCache Behavior [ RunTime:0.001685s ]
INFO: [ app_begin ] --END-- [ RunTime:0.001954s ]
NOTIC: [2] Cannot use a scalar value as an array D:\wwwroot\wx6\Web\Lib\Core\Action.class.php 第 206 行.
SQL: SHOW COLUMNS FROM `tp_node` [ RunTime:0.009277s ]
SQL: SELECT * FROM `tp_node` WHERE ( `level` = null ) AND ( `pid` = 2 ) AND ( `status` = 1 ) AND ( `display` > 0 ) ORDER BY `sort` asc  [ RunTime:0.001870s ]
SQL: SHOW COLUMNS FROM `tp_node` [ RunTime:0.005618s ]
SQL: SELECT * FROM `tp_node` WHERE ( `display` = 2 ) AND ( `status` = 1 ) AND ( `pid` = 2 ) AND ( `level` = 2 ) ORDER BY `sort` asc  [ RunTime:0.000775s ]
INFO: [ view_template ] --START--
INFO: Run LocationTemplate Behavior [ RunTime:-0.398142s ]
INFO: [ view_template ] --END-- [ RunTime:0.004364s ]
INFO: [ view_parse ] --START--
INFO: Run ParseTemplate Behavior [ RunTime:-0.402697s ]
INFO: [ view_parse ] --END-- [ RunTime:0.049915s ]
INFO: [ view_filter ] --START--
INFO: Run ContentReplace Behavior [ RunTime:-0.452764s ]
INFO: Run TokenBuild Behavior [ RunTime:-0.453891s ]
INFO: Run WriteHtmlCache Behavior [ RunTime:-0.455108s ]
INFO: Run ShowRuntime Behavior [ RunTime:-0.455901s ]
INFO: [ view_filter ] --END-- [ RunTime:0.013638s ]
INFO: [ view_end ] --START--
INFO: Run ShowPageTrace Behavior [ RunTime:-0.466650s ]
INFO: [ view_end ] --END-- [ RunTime:0.001934s ]

[ 2013-12-31T13:39:32+08:00 ] 223.199.137.5 /index.php?g=System&m=Site&a=index&pid=6&level=3
INFO: [ app_begin ] --START--
INFO: Run ReadHtmlCache Behavior [ RunTime:0.004702s ]
INFO: [ app_begin ] --END-- [ RunTime:0.005043s ]
NOTIC: [2048] Declaration of SiteAction::insert() should be compatible with that of BaseAction::insert() D:\wwwroot\wx6\Web\Lanrain\Lib\Action\System\SiteAction.class.php 第 2 行.
NOTIC: [2] Cannot use a scalar value as an array D:\wwwroot\wx6\Web\Lib\Core\Action.class.php 第 206 行.
SQL: SHOW COLUMNS FROM `tp_node` [ RunTime:0.002762s ]
SQL: SELECT * FROM `tp_node` WHERE ( `level` = 3 ) AND ( `pid` = 6 ) AND ( `status` = 1 ) AND ( `display` > 0 ) ORDER BY `sort` asc  [ RunTime:0.001745s ]
INFO: [ view_template ] --START--
INFO: Run LocationTemplate Behavior [ RunTime:-0.116418s ]
INFO: [ view_template ] --END-- [ RunTime:0.002145s ]
INFO: [ view_parse ] --START--
NOTIC: [8] Use of undefined constant checked - assumed 'checked' D:\wwwroot\wx6\Web\data\Conf\logs\Cache\System\290787b61e1d188e50b8f6a79194f6f3.php 第 44 行.
INFO: Run ParseTemplate Behavior [ RunTime:-0.118773s ]
INFO: [ view_parse ] --END-- [ RunTime:0.088894s ]
INFO: [ view_filter ] --START--
INFO: Run ContentReplace Behavior [ RunTime:-0.207813s ]
INFO: Run TokenBuild Behavior [ RunTime:-0.213845s ]
INFO: Run WriteHtmlCache Behavior [ RunTime:-0.215536s ]
INFO: Run ShowRuntime Behavior [ RunTime:-0.216198s ]
INFO: [ view_filter ] --END-- [ RunTime:0.010001s ]
INFO: [ view_end ] --START--
INFO: Run ShowPageTrace Behavior [ RunTime:-0.218077s ]
INFO: [ view_end ] --END-- [ RunTime:0.008374s ]

[ 2013-12-31T13:40:01+08:00 ] 223.199.137.5 /index.php?g=System&m=Site&a=insert
INFO: [ app_begin ] --START--
INFO: Run ReadHtmlCache Behavior [ RunTime:0.010711s ]
INFO: [ app_begin ] --END-- [ RunTime:0.011077s ]
NOTIC: [2048] Declaration of SiteAction::insert() should be compatible with that of BaseAction::insert() D:\wwwroot\wx6\Web\Lanrain\Lib\Action\System\SiteAction.class.php 第 2 行.
NOTIC: [2] Cannot use a scalar value as an array D:\wwwroot\wx6\Web\Lib\Core\Action.class.php 第 206 行.
SQL: SHOW COLUMNS FROM `tp_node` [ RunTime:0.003803s ]
SQL: SELECT * FROM `tp_node` WHERE ( `level` = null ) AND ( `pid` = 2 ) AND ( `status` = 1 ) AND ( `display` > 0 ) ORDER BY `sort` asc  [ RunTime:0.005384s ]
NOTIC: [2] unlink(./data/conf/logs/~runtime.php) [<a href='function.unlink'>function.unlink</a>]: No such file or directory D:\wwwroot\wx6\Web\Lanrain\Lib\Action\System\SiteAction.class.php 第 43 行.
INFO: [ view_template ] --START--
INFO: Run LocationTemplate Behavior [ RunTime:-0.109662s ]
INFO: [ view_template ] --END-- [ RunTime:0.009050s ]
INFO: [ view_parse ] --START--
INFO: Run ParseTemplate Behavior [ RunTime:-0.118927s ]
INFO: [ view_parse ] --END-- [ RunTime:0.085644s ]
INFO: [ view_filter ] --START--
INFO: Run ContentReplace Behavior [ RunTime:-0.204843s ]
INFO: Run TokenBuild Behavior [ RunTime:-0.213161s ]
INFO: Run WriteHtmlCache Behavior [ RunTime:-0.215119s ]
INFO: Run ShowRuntime Behavior [ RunTime:-0.217654s ]
INFO: [ view_filter ] --END-- [ RunTime:0.015458s ]
INFO: [ view_end ] --START--
INFO: Run ShowPageTrace Behavior [ RunTime:-0.220485s ]
INFO: [ view_end ] --END-- [ RunTime:0.002763s ]

[ 2013-12-31T13:40:02+08:00 ] 223.199.137.5 /index.php?g=System&m=Site&a=index&pid=6&level=3
INFO: [ app_begin ] --START--
INFO: Run ReadHtmlCache Behavior [ RunTime:0.002232s ]
INFO: [ app_begin ] --END-- [ RunTime:0.002532s ]
NOTIC: [2048] Declaration of SiteAction::insert() should be compatible with that of BaseAction::insert() D:\wwwroot\wx6\Web\Lanrain\Lib\Action\System\SiteAction.class.php 第 2 行.
NOTIC: [2] Cannot use a scalar value as an array D:\wwwroot\wx6\Web\Lib\Core\Action.class.php 第 206 行.
SQL: SHOW COLUMNS FROM `tp_node` [ RunTime:0.002719s ]
SQL: SELECT * FROM `tp_node` WHERE ( `level` = 3 ) AND ( `pid` = 6 ) AND ( `status` = 1 ) AND ( `display` > 0 ) ORDER BY `sort` asc  [ RunTime:0.000863s ]
INFO: [ view_template ] --START--
INFO: Run LocationTemplate Behavior [ RunTime:-0.109622s ]
INFO: [ view_template ] --END-- [ RunTime:0.002305s ]
INFO: [ view_parse ] --START--
NOTIC: [8] Use of undefined constant checked - assumed 'checked' D:\wwwroot\wx6\Web\data\Conf\logs\Cache\System\290787b61e1d188e50b8f6a79194f6f3.php 第 44 行.
INFO: Run ParseTemplate Behavior [ RunTime:-0.112036s ]
INFO: [ view_parse ] --END-- [ RunTime:0.107758s ]
INFO: [ view_filter ] --START--
INFO: Run ContentReplace Behavior [ RunTime:-0.220682s ]
INFO: Run TokenBuild Behavior [ RunTime:-0.223906s ]
INFO: Run WriteHtmlCache Behavior [ RunTime:-0.227040s ]
INFO: Run ShowRuntime Behavior [ RunTime:-0.229813s ]
INFO: [ view_filter ] --END-- [ RunTime:0.016320s ]
INFO: [ view_end ] --START--
INFO: Run ShowPageTrace Behavior [ RunTime:-0.236996s ]
INFO: [ view_end ] --END-- [ RunTime:0.003335s ]

[ 2013-12-31T13:41:31+08:00 ] 223.199.137.5 /index.php
INFO: [ app_begin ] --START--
INFO: Run ReadHtmlCache Behavior [ RunTime:0.002006s ]
INFO: [ app_begin ] --END-- [ RunTime:0.002268s ]
NOTIC: [2] Cannot use a scalar value as an array D:\wwwroot\wx6\Web\Lib\Core\Action.class.php 第 206 行.
INFO: [ view_template ] --START--
INFO: Run LocationTemplate Behavior [ RunTime:-0.026259s ]
INFO: [ view_template ] --END-- [ RunTime:0.004056s ]
INFO: [ view_parse ] --START--
NOTIC: [8] Use of undefined constant uid - assumed 'uid' D:\wwwroot\wx6\Web\data\Conf\logs\Cache\Home\6fec05cdeb567bdd6f06e8ce37bfd4e0.php 第 31 行.
INFO: Run ParseTemplate Behavior [ RunTime:-0.030486s ]
INFO: [ view_parse ] --END-- [ RunTime:0.110244s ]
INFO: [ view_filter ] --START--
INFO: Run ContentReplace Behavior [ RunTime:-0.140891s ]
INFO: Run TokenBuild Behavior [ RunTime:-0.148353s ]
INFO: Run WriteHtmlCache Behavior [ RunTime:-0.156951s ]
INFO: Run ShowRuntime Behavior [ RunTime:-0.158635s ]
INFO: [ view_filter ] --END-- [ RunTime:0.019518s ]
INFO: [ view_end ] --START--
INFO: Run ShowPageTrace Behavior [ RunTime:-0.161904s ]
INFO: [ view_end ] --END-- [ RunTime:0.007079s ]

[ 2013-12-31T13:45:32+08:00 ] 223.199.137.5 /index.php?g=User&m=Index&a=index
INFO: [ app_begin ] --START--
INFO: Run ReadHtmlCache Behavior [ RunTime:0.002437s ]
INFO: [ app_begin ] --END-- [ RunTime:0.002717s ]
NOTIC: [2048] Declaration of IndexAction::insert() should be compatible with that of BaseAction::insert() D:\wwwroot\wx6\Web\Lanrain\Lib\Action\User\IndexAction.class.php 第 2 行.
NOTIC: [2] Cannot use a scalar value as an array D:\wwwroot\wx6\Web\Lib\Core\Action.class.php 第 206 行.
SQL: SHOW COLUMNS FROM `tp_user_group` [ RunTime:0.011477s ]
SQL: SELECT * FROM `tp_user_group` WHERE ( `id` = 1 ) LIMIT 1   [ RunTime:0.001395s ]
SQL: SHOW COLUMNS FROM `tp_users` [ RunTime:0.011339s ]
SQL: SELECT * FROM `tp_users` WHERE ( `id` = 33 ) LIMIT 1   [ RunTime:0.000447s ]
SQL: SHOW COLUMNS FROM `tp_wxuser` [ RunTime:0.013427s ]
SQL: SELECT `wxname`,`wxid`,`headerpic`,`weixin` FROM `tp_wxuser` WHERE ( `token` = null ) AND ( `uid` = 33 ) LIMIT 1   [ RunTime:0.000451s ]
SQL: SHOW COLUMNS FROM `tp_user_group` [ RunTime:0.003810s ]
SQL: SELECT * FROM `tp_user_group`  [ RunTime:0.001169s ]
SQL: SELECT COUNT(*) AS tp_count FROM `tp_wxuser` WHERE ( `uid` = 33 ) LIMIT 1   [ RunTime:0.001560s ]
SQL: SELECT * FROM `tp_wxuser` WHERE ( `uid` = 33 ) LIMIT 0,25   [ RunTime:0.000709s ]
INFO: [ view_template ] --START--
INFO: Run LocationTemplate Behavior [ RunTime:-0.172334s ]
INFO: [ view_template ] --END-- [ RunTime:0.009852s ]
INFO: [ view_parse ] --START--
NOTIC: [8] Undefined index:  viptime D:\wwwroot\wx6\Web\data\Conf\logs\Cache\User\56f7804e54d354c9c14b7fc522e75478.php 第 60 行.
INFO: Run ParseTemplate Behavior [ RunTime:-0.182397s ]
INFO: [ view_parse ] --END-- [ RunTime:0.111121s ]
INFO: [ view_filter ] --START--
INFO: Run ContentReplace Behavior [ RunTime:-0.293617s ]
INFO: Run TokenBuild Behavior [ RunTime:-0.295290s ]
INFO: Run WriteHtmlCache Behavior [ RunTime:-0.297319s ]
INFO: Run ShowRuntime Behavior [ RunTime:-0.298790s ]
INFO: [ view_filter ] --END-- [ RunTime:0.015128s ]
INFO: [ view_end ] --START--
INFO: Run ShowPageTrace Behavior [ RunTime:-0.309188s ]
INFO: [ view_end ] --END-- [ RunTime:0.003179s ]

[ 2013-12-31T13:45:40+08:00 ] 223.199.137.5 /index.php?g=User&m=Index&a=add
INFO: [ app_begin ] --START--
INFO: Run ReadHtmlCache Behavior [ RunTime:0.002356s ]
INFO: [ app_begin ] --END-- [ RunTime:0.002809s ]
NOTIC: [2048] Declaration of IndexAction::insert() should be compatible with that of BaseAction::insert() D:\wwwroot\wx6\Web\Lanrain\Lib\Action\User\IndexAction.class.php 第 2 行.
NOTIC: [2] Cannot use a scalar value as an array D:\wwwroot\wx6\Web\Lib\Core\Action.class.php 第 206 行.
SQL: SHOW COLUMNS FROM `tp_user_group` [ RunTime:0.002697s ]
SQL: SELECT * FROM `tp_user_group` WHERE ( `id` = 1 ) LIMIT 1   [ RunTime:0.008033s ]
SQL: SHOW COLUMNS FROM `tp_users` [ RunTime:0.004057s ]
SQL: SELECT * FROM `tp_users` WHERE ( `id` = 33 ) LIMIT 1   [ RunTime:0.000529s ]
SQL: SHOW COLUMNS FROM `tp_wxuser` [ RunTime:0.007447s ]
SQL: SELECT `wxname`,`wxid`,`headerpic`,`weixin` FROM `tp_wxuser` WHERE ( `token` = null ) AND ( `uid` = 33 ) LIMIT 1   [ RunTime:0.001160s ]
INFO: [ view_template ] --START--
INFO: Run LocationTemplate Behavior [ RunTime:-0.171746s ]
INFO: [ view_template ] --END-- [ RunTime:0.003537s ]
INFO: [ view_parse ] --START--
NOTIC: [8] Undefined index:  viptime D:\wwwroot\wx6\Web\data\Conf\logs\Cache\User\abcb2dc0cdf6cecdbc543733dfd2e7d4.php 第 60 行.
NOTIC: [8] Undefined variable: province D:\wwwroot\wx6\Web\data\Conf\logs\Cache\User\abcb2dc0cdf6cecdbc543733dfd2e7d4.php 第 151 行.
NOTIC: [8] Undefined variable: city D:\wwwroot\wx6\Web\data\Conf\logs\Cache\User\abcb2dc0cdf6cecdbc543733dfd2e7d4.php 第 151 行.
INFO: Run ParseTemplate Behavior [ RunTime:-0.175436s ]
INFO: [ view_parse ] --END-- [ RunTime:0.098085s ]
INFO: [ view_filter ] --START--
INFO: Run ContentReplace Behavior [ RunTime:-0.273704s ]
INFO: Run TokenBuild Behavior [ RunTime:-0.280832s ]
INFO: Run WriteHtmlCache Behavior [ RunTime:-0.282274s ]
INFO: Run ShowRuntime Behavior [ RunTime:-0.283169s ]
INFO: [ view_filter ] --END-- [ RunTime:0.011019s ]
INFO: [ view_end ] --START--
INFO: Run ShowPageTrace Behavior [ RunTime:-0.284936s ]
INFO: [ view_end ] --END-- [ RunTime:0.002127s ]

[ 2013-12-31T13:45:52+08:00 ] 223.199.137.5 /index.php?g=User&m=Index&a=insert
INFO: [ app_begin ] --START--
INFO: Run ReadHtmlCache Behavior [ RunTime:0.002916s ]
INFO: [ app_begin ] --END-- [ RunTime:0.003200s ]
NOTIC: [2048] Declaration of IndexAction::insert() should be compatible with that of BaseAction::insert() D:\wwwroot\wx6\Web\Lanrain\Lib\Action\User\IndexAction.class.php 第 2 行.
NOTIC: [2] Cannot use a scalar value as an array D:\wwwroot\wx6\Web\Lib\Core\Action.class.php 第 206 行.
SQL: SHOW COLUMNS FROM `tp_user_group` [ RunTime:0.010747s ]
SQL: SELECT * FROM `tp_user_group` WHERE ( `id` = 1 ) LIMIT 1   [ RunTime:0.000729s ]
SQL: SHOW COLUMNS FROM `tp_users` [ RunTime:0.018324s ]
SQL: SELECT * FROM `tp_users` WHERE ( `id` = 33 ) LIMIT 1   [ RunTime:0.005165s ]
SQL: SHOW COLUMNS FROM `tp_wxuser` [ RunTime:0.019215s ]
SQL: SELECT `wxname`,`wxid`,`headerpic`,`weixin` FROM `tp_wxuser` WHERE ( `token` = null ) AND ( `uid` = 33 ) LIMIT 1   [ RunTime:0.010255s ]
SQL: SELECT `wechat_card_num` FROM `tp_user_group` WHERE ( `id` = 1 ) LIMIT 1   [ RunTime:0.008879s ]
SQL: SELECT `wechat_card_num` FROM `tp_users` WHERE ( `id` = 33 ) LIMIT 1   [ RunTime:0.020360s ]
SQL: SHOW COLUMNS FROM `tp_wxuser` [ RunTime:0.018502s ]
SQL: SELECT * FROM `tp_wxuser` WHERE ( `token` = 'jalkmt1388468740' ) LIMIT 1   [ RunTime:0.001364s ]
NOTIC: [8] Undefined offset:  3 D:\wwwroot\wx6\Web\Lib\Core\Model.class.php 第 868 行.
NOTIC: [8] Undefined offset:  3 D:\wwwroot\wx6\Web\Lib\Core\Model.class.php 第 868 行.
NOTIC: [8] Undefined offset:  3 D:\wwwroot\wx6\Web\Lib\Core\Model.class.php 第 868 行.
NOTIC: [8] Undefined offset:  3 D:\wwwroot\wx6\Web\Lib\Core\Model.class.php 第 868 行.
NOTIC: [8] Undefined offset:  3 D:\wwwroot\wx6\Web\Lib\Core\Model.class.php 第 868 行.
NOTIC: [8] Undefined offset:  3 D:\wwwroot\wx6\Web\Lib\Core\Model.class.php 第 868 行.
SQL: INSERT INTO `tp_wxuser` (`wxname`,`wxid`,`weixin`,`headerpic`,`token`,`province`,`city`,`qq`,`wxfans`,`uid`,`tpltypeid`,`tpllistid`,`tplcontentid`,`tpltypename`,`tpllistname`,`tplcontentname`,`createtime`,`updatetime`,`typeid`,`typename`) VALUES ('八一总场','gh_8ada6f117344','bayizongchang','./tpl/User/default/common/images/portrait.jpg','jalkmt1388468740','海南','儋州','1388468740@yourdomain.com',0,33,'1','1','1','ty_index','yl_list','ktv_content',1388468752,1388468752,1,'情感') [ RunTime:0.001944s ]
SQL: UPDATE `tp_users` SET `wechat_card_num`=wechat_card_num+1 WHERE ( `id` = 33 ) [ RunTime:0.001832s ]
SQL: SHOW COLUMNS FROM `tp_token_open` [ RunTime:0.004297s ]
SQL: SHOW COLUMNS FROM `tp_function` [ RunTime:0.018635s ]
SQL: SELECT `funname`,`gid`,`isserve` FROM `tp_function` WHERE `gid` <= 1  [ RunTime:0.001683s ]
NOTIC: [8] Undefined variable: queryname D:\wwwroot\wx6\Web\Lanrain\Lib\Action\User\IndexAction.class.php 第 105 行.
SQL: INSERT INTO `tp_token_open` (`uid`,`token`,`queryname`) VALUES (33,'jalkmt1388468740','tianqi,qiushi,jishuan,kuaidi,xiaohua,peiliao,liaotian,shouji,fujin,fanyi,suanming,shouye,adma,geci') [ RunTime:0.001462s ]
INFO: [ view_template ] --START--
INFO: Run LocationTemplate Behavior [ RunTime:-0.292558s ]
INFO: [ view_template ] --END-- [ RunTime:0.003194s ]
INFO: [ view_parse ] --START--
INFO: Run ParseTemplate Behavior [ RunTime:-0.295851s ]
INFO: [ view_parse ] --END-- [ RunTime:0.080240s ]
INFO: [ view_filter ] --START--
INFO: Run ContentReplace Behavior [ RunTime:-0.376226s ]
INFO: Run TokenBuild Behavior [ RunTime:-0.378183s ]
INFO: Run WriteHtmlCache Behavior [ RunTime:-0.379688s ]
INFO: Run ShowRuntime Behavior [ RunTime:-0.382541s ]
INFO: [ view_filter ] --END-- [ RunTime:0.017858s ]
INFO: [ view_end ] --START--
INFO: Run ShowPageTrace Behavior [ RunTime:-0.394274s ]
INFO: [ view_end ] --END-- [ RunTime:0.004972s ]

[ 2013-12-31T13:45:54+08:00 ] 223.199.137.5 /index.php?g=User&m=Index&a=index
INFO: [ app_begin ] --START--
INFO: Run ReadHtmlCache Behavior [ RunTime:0.006802s ]
INFO: [ app_begin ] --END-- [ RunTime:0.007065s ]
NOTIC: [2048] Declaration of IndexAction::insert() should be compatible with that of BaseAction::insert() D:\wwwroot\wx6\Web\Lanrain\Lib\Action\User\IndexAction.class.php 第 2 行.
NOTIC: [2] Cannot use a scalar value as an array D:\wwwroot\wx6\Web\Lib\Core\Action.class.php 第 206 行.
SQL: SHOW COLUMNS FROM `tp_user_group` [ RunTime:0.002999s ]
SQL: SELECT * FROM `tp_user_group` WHERE ( `id` = 1 ) LIMIT 1   [ RunTime:0.000804s ]
SQL: SHOW COLUMNS FROM `tp_users` [ RunTime:0.017025s ]
SQL: SELECT * FROM `tp_users` WHERE ( `id` = 33 ) LIMIT 1   [ RunTime:0.001046s ]
SQL: SHOW COLUMNS FROM `tp_wxuser` [ RunTime:0.010323s ]
SQL: SELECT `wxname`,`wxid`,`headerpic`,`weixin` FROM `tp_wxuser` WHERE ( `token` = null ) AND ( `uid` = 33 ) LIMIT 1   [ RunTime:0.000933s ]
SQL: SHOW COLUMNS FROM `tp_user_group` [ RunTime:0.017623s ]
SQL: SELECT * FROM `tp_user_group`  [ RunTime:0.001037s ]
SQL: SELECT COUNT(*) AS tp_count FROM `tp_wxuser` WHERE ( `uid` = 33 ) LIMIT 1   [ RunTime:0.001273s ]
SQL: SELECT * FROM `tp_wxuser` WHERE ( `uid` = 33 ) LIMIT 0,25   [ RunTime:0.001257s ]
INFO: [ view_template ] --START--
INFO: Run LocationTemplate Behavior [ RunTime:-0.170864s ]
INFO: [ view_template ] --END-- [ RunTime:0.002844s ]
INFO: [ view_parse ] --START--
NOTIC: [8] Undefined index:  viptime D:\wwwroot\wx6\Web\data\Conf\logs\Cache\User\56f7804e54d354c9c14b7fc522e75478.php 第 60 行.
INFO: Run ParseTemplate Behavior [ RunTime:-0.173923s ]
INFO: [ view_parse ] --END-- [ RunTime:0.126324s ]
INFO: [ view_filter ] --START--
INFO: Run ContentReplace Behavior [ RunTime:-0.300378s ]
INFO: Run TokenBuild Behavior [ RunTime:-0.301909s ]
INFO: Run WriteHtmlCache Behavior [ RunTime:-0.308524s ]
INFO: Run ShowRuntime Behavior [ RunTime:-0.309567s ]
INFO: [ view_filter ] --END-- [ RunTime:0.011260s ]
INFO: [ view_end ] --START--
INFO: Run ShowPageTrace Behavior [ RunTime:-0.312036s ]
INFO: [ view_end ] --END-- [ RunTime:0.009570s ]

[ 2013-12-31T13:45:57+08:00 ] 223.199.137.5 /index.php?g=Home&m=Index&a=common
INFO: [ app_begin ] --START--
INFO: Run ReadHtmlCache Behavior [ RunTime:0.012248s ]
INFO: [ app_begin ] --END-- [ RunTime:0.017440s ]
NOTIC: [2] Cannot use a scalar value as an array D:\wwwroot\wx6\Web\Lib\Core\Action.class.php 第 206 行.
INFO: [ view_template ] --START--
INFO: Run LocationTemplate Behavior [ RunTime:-0.017188s ]
INFO: [ view_template ] --END-- [ RunTime:0.023380s ]
INFO: [ view_parse ] --START--
NOTIC: [8] Use of undefined constant uid - assumed 'uid' D:\wwwroot\wx6\Web\data\Conf\logs\Cache\Home\3a807e3868876623571a2cfb7c876a8f.php 第 31 行.
INFO: Run ParseTemplate Behavior [ RunTime:-0.040727s ]
INFO: [ view_parse ] --END-- [ RunTime:0.090739s ]
INFO: [ view_filter ] --START--
INFO: Run ContentReplace Behavior [ RunTime:-0.131943s ]
INFO: Run TokenBuild Behavior [ RunTime:-0.133980s ]
INFO: Run WriteHtmlCache Behavior [ RunTime:-0.140546s ]
INFO: Run ShowRuntime Behavior [ RunTime:-0.141425s ]
INFO: [ view_filter ] --END-- [ RunTime:0.011327s ]
INFO: [ view_end ] --START--
INFO: Run ShowPageTrace Behavior [ RunTime:-0.143259s ]
INFO: [ view_end ] --END-- [ RunTime:0.006470s ]

[ 2013-12-31T13:45:59+08:00 ] 223.199.137.5 /index.php?g=Home&m=Index&a=price
INFO: [ app_begin ] --START--
INFO: Run ReadHtmlCache Behavior [ RunTime:0.004164s ]
INFO: [ app_begin ] --END-- [ RunTime:0.004480s ]
NOTIC: [2] Cannot use a scalar value as an array D:\wwwroot\wx6\Web\Lib\Core\Action.class.php 第 206 行.
INFO: [ view_template ] --START--
INFO: Run LocationTemplate Behavior [ RunTime:-0.031871s ]
INFO: [ view_template ] --END-- [ RunTime:0.002458s ]
INFO: [ view_parse ] --START--
NOTIC: [8] Use of undefined constant uid - assumed 'uid' D:\wwwroot\wx6\Web\data\Conf\logs\Cache\Home\7d87f40fe1a639b5d2faca7da636fe55.php 第 31 行.
INFO: Run ParseTemplate Behavior [ RunTime:-0.034568s ]
INFO: [ view_parse ] --END-- [ RunTime:0.221163s ]
INFO: [ view_filter ] --START--
INFO: Run ContentReplace Behavior [ RunTime:-0.255931s ]
INFO: Run TokenBuild Behavior [ RunTime:-0.268026s ]
INFO: Run WriteHtmlCache Behavior [ RunTime:-0.270459s ]
INFO: Run ShowRuntime Behavior [ RunTime:-0.278438s ]
INFO: [ view_filter ] --END-- [ RunTime:0.025741s ]
INFO: [ view_end ] --START--
INFO: Run ShowPageTrace Behavior [ RunTime:-0.281983s ]
INFO: [ view_end ] --END-- [ RunTime:0.014687s ]

[ 2013-12-31T13:46:02+08:00 ] 223.199.137.5 /index.php
INFO: [ app_begin ] --START--
INFO: Run ReadHtmlCache Behavior [ RunTime:0.001953s ]
INFO: [ app_begin ] --END-- [ RunTime:0.002202s ]
NOTIC: [2] Cannot use a scalar value as an array D:\wwwroot\wx6\Web\Lib\Core\Action.class.php 第 206 行.
INFO: [ view_template ] --START--
INFO: Run LocationTemplate Behavior [ RunTime:-0.020028s ]
INFO: [ view_template ] --END-- [ RunTime:0.008085s ]
INFO: [ view_parse ] --START--
NOTIC: [8] Use of undefined constant uid - assumed 'uid' D:\wwwroot\wx6\Web\data\Conf\logs\Cache\Home\6fec05cdeb567bdd6f06e8ce37bfd4e0.php 第 31 行.
INFO: Run ParseTemplate Behavior [ RunTime:-0.028393s ]
INFO: [ view_parse ] --END-- [ RunTime:0.115458s ]
INFO: [ view_filter ] --START--
INFO: Run ContentReplace Behavior [ RunTime:-0.143933s ]
INFO: Run TokenBuild Behavior [ RunTime:-0.145136s ]
INFO: Run WriteHtmlCache Behavior [ RunTime:-0.146225s ]
INFO: Run ShowRuntime Behavior [ RunTime:-0.147037s ]
INFO: [ view_filter ] --END-- [ RunTime:0.009767s ]
INFO: [ view_end ] --START--
INFO: Run ShowPageTrace Behavior [ RunTime:-0.154099s ]
INFO: [ view_end ] --END-- [ RunTime:0.002862s ]

[ 2013-12-31T13:46:04+08:00 ] 223.199.137.5 /index.php?g=User&m=Index&a=index
INFO: [ app_begin ] --START--
INFO: Run ReadHtmlCache Behavior [ RunTime:0.004833s ]
INFO: [ app_begin ] --END-- [ RunTime:0.005243s ]
NOTIC: [2048] Declaration of IndexAction::insert() should be compatible with that of BaseAction::insert() D:\wwwroot\wx6\Web\Lanrain\Lib\Action\User\IndexAction.class.php 第 2 行.
NOTIC: [2] Cannot use a scalar value as an array D:\wwwroot\wx6\Web\Lib\Core\Action.class.php 第 206 行.
SQL: SHOW COLUMNS FROM `tp_user_group` [ RunTime:0.003494s ]
SQL: SELECT * FROM `tp_user_group` WHERE ( `id` = 1 ) LIMIT 1   [ RunTime:0.005895s ]
SQL: SHOW COLUMNS FROM `tp_users` [ RunTime:0.013288s ]
SQL: SELECT * FROM `tp_users` WHERE ( `id` = 33 ) LIMIT 1   [ RunTime:0.000503s ]
SQL: SHOW COLUMNS FROM `tp_wxuser` [ RunTime:0.004804s ]
SQL: SELECT `wxname`,`wxid`,`headerpic`,`weixin` FROM `tp_wxuser` WHERE ( `token` = null ) AND ( `uid` = 33 ) LIMIT 1   [ RunTime:0.000493s ]
SQL: SHOW COLUMNS FROM `tp_user_group` [ RunTime:0.009582s ]
SQL: SELECT * FROM `tp_user_group`  [ RunTime:0.000509s ]
SQL: SELECT COUNT(*) AS tp_count FROM `tp_wxuser` WHERE ( `uid` = 33 ) LIMIT 1   [ RunTime:0.000586s ]
SQL: SELECT * FROM `tp_wxuser` WHERE ( `uid` = 33 ) LIMIT 0,25   [ RunTime:0.001450s ]
INFO: [ view_template ] --START--
INFO: Run LocationTemplate Behavior [ RunTime:-0.143819s ]
INFO: [ view_template ] --END-- [ RunTime:0.001460s ]
INFO: [ view_parse ] --START--
NOTIC: [8] Undefined index:  viptime D:\wwwroot\wx6\Web\data\Conf\logs\Cache\User\56f7804e54d354c9c14b7fc522e75478.php 第 60 行.
INFO: Run ParseTemplate Behavior [ RunTime:-0.145524s ]
INFO: [ view_parse ] --END-- [ RunTime:0.131959s ]
INFO: [ view_filter ] --START--
INFO: Run ContentReplace Behavior [ RunTime:-0.277650s ]
INFO: Run TokenBuild Behavior [ RunTime:-0.278965s ]
INFO: Run WriteHtmlCache Behavior [ RunTime:-0.280677s ]
INFO: Run ShowRuntime Behavior [ RunTime:-0.281555s ]
INFO: [ view_filter ] --END-- [ RunTime:0.010810s ]
INFO: [ view_end ] --START--
INFO: Run ShowPageTrace Behavior [ RunTime:-0.288642s ]
INFO: [ view_end ] --END-- [ RunTime:0.001453s ]

[ 2013-12-31T13:46:27+08:00 ] 115.236.153.102 /index.php
INFO: [ app_begin ] --START--
INFO: Run ReadHtmlCache Behavior [ RunTime:0.002473s ]
INFO: [ app_begin ] --END-- [ RunTime:0.002863s ]
NOTIC: [2] Cannot use a scalar value as an array D:\wwwroot\wx6\Web\Lib\Core\Action.class.php 第 206 行.
INFO: [ view_template ] --START--
INFO: Run LocationTemplate Behavior [ RunTime:-0.029890s ]
INFO: [ view_template ] --END-- [ RunTime:0.001787s ]
INFO: [ view_parse ] --START--
NOTIC: [8] Use of undefined constant uid - assumed 'uid' D:\wwwroot\wx6\Web\data\Conf\logs\Cache\Home\6fec05cdeb567bdd6f06e8ce37bfd4e0.php 第 31 行.
NOTIC: [8] Undefined index:  uid D:\wwwroot\wx6\Web\data\Conf\logs\Cache\Home\6fec05cdeb567bdd6f06e8ce37bfd4e0.php 第 31 行.
INFO: Run ParseTemplate Behavior [ RunTime:-0.031871s ]
INFO: [ view_parse ] --END-- [ RunTime:0.101704s ]
INFO: [ view_filter ] --START--
INFO: Run ContentReplace Behavior [ RunTime:-0.134089s ]
INFO: Run TokenBuild Behavior [ RunTime:-0.135215s ]
INFO: Run WriteHtmlCache Behavior [ RunTime:-0.136322s ]
INFO: Run ShowRuntime Behavior [ RunTime:-0.142232s ]
INFO: [ view_filter ] --END-- [ RunTime:0.010443s ]
INFO: [ view_end ] --START--
INFO: Run ShowPageTrace Behavior [ RunTime:-0.144627s ]
INFO: [ view_end ] --END-- [ RunTime:0.002591s ]

[ 2013-12-31T13:46:27+08:00 ] 119.147.146.189 /index.php
INFO: [ app_begin ] --START--
INFO: Run ReadHtmlCache Behavior [ RunTime:0.001735s ]
INFO: [ app_begin ] --END-- [ RunTime:0.002043s ]
NOTIC: [2] Cannot use a scalar value as an array D:\wwwroot\wx6\Web\Lib\Core\Action.class.php 第 206 行.
INFO: [ view_template ] --START--
INFO: Run LocationTemplate Behavior [ RunTime:-0.012629s ]
INFO: [ view_template ] --END-- [ RunTime:0.002104s ]
INFO: [ view_parse ] --START--
NOTIC: [8] Use of undefined constant uid - assumed 'uid' D:\wwwroot\wx6\Web\data\Conf\logs\Cache\Home\6fec05cdeb567bdd6f06e8ce37bfd4e0.php 第 31 行.
NOTIC: [8] Undefined index:  uid D:\wwwroot\wx6\Web\data\Conf\logs\Cache\Home\6fec05cdeb567bdd6f06e8ce37bfd4e0.php 第 31 行.
INFO: Run ParseTemplate Behavior [ RunTime:-0.014945s ]
INFO: [ view_parse ] --END-- [ RunTime:0.110266s ]
INFO: [ view_filter ] --START--
INFO: Run ContentReplace Behavior [ RunTime:-0.125294s ]
INFO: Run TokenBuild Behavior [ RunTime:-0.126714s ]
INFO: Run WriteHtmlCache Behavior [ RunTime:-0.130656s ]
INFO: Run ShowRuntime Behavior [ RunTime:-0.136456s ]
INFO: [ view_filter ] --END-- [ RunTime:0.012503s ]
INFO: [ view_end ] --START--
INFO: Run ShowPageTrace Behavior [ RunTime:-0.138137s ]
INFO: [ view_end ] --END-- [ RunTime:0.002080s ]

[ 2013-12-31T14:05:01+08:00 ] 123.114.34.254 /index.php
INFO: [ app_begin ] --START--
INFO: Run ReadHtmlCache Behavior [ RunTime:0.004799s ]
INFO: [ app_begin ] --END-- [ RunTime:0.009838s ]
NOTIC: [2] Cannot use a scalar value as an array D:\wwwroot\wx6\Web\Lib\Core\Action.class.php 第 206 行.
INFO: [ view_template ] --START--
INFO: Run LocationTemplate Behavior [ RunTime:-0.052949s ]
INFO: [ view_template ] --END-- [ RunTime:0.003056s ]
INFO: [ view_parse ] --START--
NOTIC: [8] Use of undefined constant uid - assumed 'uid' D:\wwwroot\wx6\Web\data\Conf\logs\Cache\Home\6fec05cdeb567bdd6f06e8ce37bfd4e0.php 第 31 行.
NOTIC: [8] Undefined index:  uid D:\wwwroot\wx6\Web\data\Conf\logs\Cache\Home\6fec05cdeb567bdd6f06e8ce37bfd4e0.php 第 31 行.
INFO: Run ParseTemplate Behavior [ RunTime:-0.056170s ]
INFO: [ view_parse ] --END-- [ RunTime:0.115519s ]
INFO: [ view_filter ] --START--
INFO: Run ContentReplace Behavior [ RunTime:-0.171856s ]
INFO: Run TokenBuild Behavior [ RunTime:-0.175398s ]
INFO: Run WriteHtmlCache Behavior [ RunTime:-0.178721s ]
INFO: Run ShowRuntime Behavior [ RunTime:-0.180432s ]
INFO: [ view_filter ] --END-- [ RunTime:0.012124s ]
INFO: [ view_end ] --START--
INFO: Run ShowPageTrace Behavior [ RunTime:-0.185039s ]
INFO: [ view_end ] --END-- [ RunTime:0.008468s ]

[ 2013-12-31T14:05:11+08:00 ] 123.114.34.254 /index.php?m=Index&a=reg
INFO: [ app_begin ] --START--
INFO: Run ReadHtmlCache Behavior [ RunTime:0.002095s ]
INFO: [ app_begin ] --END-- [ RunTime:0.002375s ]
NOTIC: [2] Cannot use a scalar value as an array D:\wwwroot\wx6\Web\Lib\Core\Action.class.php 第 206 行.
INFO: [ view_template ] --START--
INFO: Run LocationTemplate Behavior [ RunTime:-0.035157s ]
INFO: [ view_template ] --END-- [ RunTime:0.002082s ]
INFO: [ view_parse ] --START--
NOTIC: [8] Use of undefined constant uid - assumed 'uid' D:\wwwroot\wx6\Web\data\Conf\logs\Cache\Home\94646f0357bfd06757437fe3b0b3b0e0.php 第 31 行.
NOTIC: [8] Undefined index:  uid D:\wwwroot\wx6\Web\data\Conf\logs\Cache\Home\94646f0357bfd06757437fe3b0b3b0e0.php 第 31 行.
INFO: Run ParseTemplate Behavior [ RunTime:-0.037337s ]
INFO: [ view_parse ] --END-- [ RunTime:0.102200s ]
INFO: [ view_filter ] --START--
INFO: Run ContentReplace Behavior [ RunTime:-0.139780s ]
INFO: Run TokenBuild Behavior [ RunTime:-0.142730s ]
INFO: Run WriteHtmlCache Behavior [ RunTime:-0.147267s ]
INFO: Run ShowRuntime Behavior [ RunTime:-0.153573s ]
INFO: [ view_filter ] --END-- [ RunTime:0.016674s ]
INFO: [ view_end ] --START--
INFO: Run ShowPageTrace Behavior [ RunTime:-0.156602s ]
INFO: [ view_end ] --END-- [ RunTime:0.007589s ]

[ 2013-12-31T14:05:17+08:00 ] 123.114.34.254 /index.php?m=Users&a=checklogin
INFO: [ app_begin ] --START--
INFO: Run ReadHtmlCache Behavior [ RunTime:0.003037s ]
INFO: [ app_begin ] --END-- [ RunTime:0.003555s ]
NOTIC: [2] Cannot use a scalar value as an array D:\wwwroot\wx6\Web\Lib\Core\Action.class.php 第 206 行.
SQL: SHOW COLUMNS FROM `tp_users` [ RunTime:0.007598s ]
SQL: SELECT * FROM `tp_users` WHERE ( `username` = 'aaaa' ) LIMIT 1   [ RunTime:0.001583s ]
SQL: SHOW COLUMNS FROM `tp_user_group` [ RunTime:0.025214s ]
SQL: SELECT * FROM `tp_user_group` WHERE ( `id` = 1 ) LIMIT 1   [ RunTime:0.007766s ]
SQL: UPDATE `tp_users` SET `lasttime`=1388469917,`lastloginmonth`=12,`lastip`='123.114.34.254' WHERE ( `id` = 33 ) [ RunTime:0.004007s ]
INFO: [ view_template ] --START--
INFO: Run LocationTemplate Behavior [ RunTime:-0.177256s ]
INFO: [ view_template ] --END-- [ RunTime:0.007370s ]
INFO: [ view_parse ] --START--
INFO: Run ParseTemplate Behavior [ RunTime:-0.184881s ]
INFO: [ view_parse ] --END-- [ RunTime:0.086700s ]
INFO: [ view_filter ] --START--
INFO: Run ContentReplace Behavior [ RunTime:-0.271899s ]
INFO: Run TokenBuild Behavior [ RunTime:-0.274549s ]
INFO: Run WriteHtmlCache Behavior [ RunTime:-0.279327s ]
INFO: Run ShowRuntime Behavior [ RunTime:-0.280928s ]
INFO: [ view_filter ] --END-- [ RunTime:0.014798s ]
INFO: [ view_end ] --START--
INFO: Run ShowPageTrace Behavior [ RunTime:-0.287082s ]
INFO: [ view_end ] --END-- [ RunTime:0.004919s ]

[ 2013-12-31T14:05:19+08:00 ] 123.114.34.254 /index.php?g=User&m=Index&a=index
INFO: [ app_begin ] --START--
INFO: Run ReadHtmlCache Behavior [ RunTime:0.004646s ]
INFO: [ app_begin ] --END-- [ RunTime:0.005242s ]
NOTIC: [2048] Declaration of IndexAction::insert() should be compatible with that of BaseAction::insert() D:\wwwroot\wx6\Web\Lanrain\Lib\Action\User\IndexAction.class.php 第 2 行.
NOTIC: [2] Cannot use a scalar value as an array D:\wwwroot\wx6\Web\Lib\Core\Action.class.php 第 206 行.
SQL: SHOW COLUMNS FROM `tp_user_group` [ RunTime:0.009528s ]
SQL: SELECT * FROM `tp_user_group` WHERE ( `id` = 1 ) LIMIT 1   [ RunTime:0.006308s ]
SQL: SHOW COLUMNS FROM `tp_users` [ RunTime:0.004440s ]
SQL: SELECT * FROM `tp_users` WHERE ( `id` = 33 ) LIMIT 1   [ RunTime:0.006614s ]
SQL: SHOW COLUMNS FROM `tp_wxuser` [ RunTime:0.004032s ]
SQL: SELECT `wxname`,`wxid`,`headerpic`,`weixin` FROM `tp_wxuser` WHERE ( `token` = null ) AND ( `uid` = 33 ) LIMIT 1   [ RunTime:0.005019s ]
SQL: SHOW COLUMNS FROM `tp_user_group` [ RunTime:0.009853s ]
SQL: SELECT * FROM `tp_user_group`  [ RunTime:0.001040s ]
SQL: SELECT COUNT(*) AS tp_count FROM `tp_wxuser` WHERE ( `uid` = 33 ) LIMIT 1   [ RunTime:0.000338s ]
SQL: SELECT * FROM `tp_wxuser` WHERE ( `uid` = 33 ) LIMIT 0,25   [ RunTime:0.000640s ]
INFO: [ view_template ] --START--
INFO: Run LocationTemplate Behavior [ RunTime:-0.155693s ]
INFO: [ view_template ] --END-- [ RunTime:0.007434s ]
INFO: [ view_parse ] --START--
INFO: Run ParseTemplate Behavior [ RunTime:-0.163548s ]
INFO: [ view_parse ] --END-- [ RunTime:0.124220s ]
INFO: [ view_filter ] --START--
INFO: Run ContentReplace Behavior [ RunTime:-0.287944s ]
INFO: Run TokenBuild Behavior [ RunTime:-0.289431s ]
INFO: Run WriteHtmlCache Behavior [ RunTime:-0.295815s ]
INFO: Run ShowRuntime Behavior [ RunTime:-0.297010s ]
INFO: [ view_filter ] --END-- [ RunTime:0.012269s ]
INFO: [ view_end ] --START--
INFO: Run ShowPageTrace Behavior [ RunTime:-0.300502s ]
INFO: [ view_end ] --END-- [ RunTime:0.002189s ]

[ 2013-12-31T14:08:56+08:00 ] 123.114.34.254 /index.php
INFO: [ app_begin ] --START--
INFO: Run ReadHtmlCache Behavior [ RunTime:0.011949s ]
INFO: [ app_begin ] --END-- [ RunTime:0.012341s ]
NOTIC: [2] Cannot use a scalar value as an array D:\wwwroot\wx6\Web\Lib\Core\Action.class.php 第 206 行.
INFO: [ view_template ] --START--
INFO: Run LocationTemplate Behavior [ RunTime:-0.027800s ]
INFO: [ view_template ] --END-- [ RunTime:0.010145s ]
INFO: [ view_parse ] --START--
NOTIC: [8] Use of undefined constant uid - assumed 'uid' D:\wwwroot\wx6\Web\data\Conf\logs\Cache\Home\6fec05cdeb567bdd6f06e8ce37bfd4e0.php 第 31 行.
INFO: Run ParseTemplate Behavior [ RunTime:-0.038124s ]
INFO: [ view_parse ] --END-- [ RunTime:0.142693s ]
INFO: [ view_filter ] --START--
INFO: Run ContentReplace Behavior [ RunTime:-0.181037s ]
INFO: Run TokenBuild Behavior [ RunTime:-0.185408s ]
INFO: Run WriteHtmlCache Behavior [ RunTime:-0.193155s ]
INFO: Run ShowRuntime Behavior [ RunTime:-0.194809s ]
INFO: [ view_filter ] --END-- [ RunTime:0.017544s ]
INFO: [ view_end ] --START--
INFO: Run ShowPageTrace Behavior [ RunTime:-0.198873s ]
INFO: [ view_end ] --END-- [ RunTime:0.017081s ]

[ 2013-12-31T14:08:59+08:00 ] 123.114.34.254 /index.php?m=Index&a=reg
INFO: [ app_begin ] --START--
INFO: Run ReadHtmlCache Behavior [ RunTime:0.001583s ]
INFO: [ app_begin ] --END-- [ RunTime:0.001869s ]
NOTIC: [2] Cannot use a scalar value as an array D:\wwwroot\wx6\Web\Lib\Core\Action.class.php 第 206 行.
INFO: [ view_template ] --START--
INFO: Run LocationTemplate Behavior [ RunTime:-0.022793s ]
INFO: [ view_template ] --END-- [ RunTime:0.001355s ]
INFO: [ view_parse ] --START--
NOTIC: [8] Use of undefined constant uid - assumed 'uid' D:\wwwroot\wx6\Web\data\Conf\logs\Cache\Home\94646f0357bfd06757437fe3b0b3b0e0.php 第 31 行.
INFO: Run ParseTemplate Behavior [ RunTime:-0.024276s ]
INFO: [ view_parse ] --END-- [ RunTime:0.095945s ]
INFO: [ view_filter ] --START--
INFO: Run ContentReplace Behavior [ RunTime:-0.120399s ]
INFO: Run TokenBuild Behavior [ RunTime:-0.124605s ]
INFO: Run WriteHtmlCache Behavior [ RunTime:-0.131651s ]
INFO: Run ShowRuntime Behavior [ RunTime:-0.132688s ]
INFO: [ view_filter ] --END-- [ RunTime:0.014162s ]
INFO: [ view_end ] --START--
INFO: Run ShowPageTrace Behavior [ RunTime:-0.134811s ]
INFO: [ view_end ] --END-- [ RunTime:0.001710s ]

[ 2013-12-31T14:09:04+08:00 ] 123.114.34.254 /index.php?m=Users&a=checklogin
INFO: [ app_begin ] --START--
INFO: Run ReadHtmlCache Behavior [ RunTime:0.002771s ]
INFO: [ app_begin ] --END-- [ RunTime:0.003093s ]
NOTIC: [2] Cannot use a scalar value as an array D:\wwwroot\wx6\Web\Lib\Core\Action.class.php 第 206 行.
SQL: SHOW COLUMNS FROM `tp_users` [ RunTime:0.016152s ]
SQL: SELECT * FROM `tp_users` WHERE ( `username` = 'aaaa' ) LIMIT 1   [ RunTime:0.002310s ]
SQL: SHOW COLUMNS FROM `tp_user_group` [ RunTime:0.010037s ]
SQL: SELECT * FROM `tp_user_group` WHERE ( `id` = 1 ) LIMIT 1   [ RunTime:0.002857s ]
SQL: UPDATE `tp_users` SET `lasttime`=1388470144,`lastloginmonth`=12,`lastip`='123.114.34.254' WHERE ( `id` = 33 ) [ RunTime:0.000744s ]
INFO: [ view_template ] --START--
INFO: Run LocationTemplate Behavior [ RunTime:-0.174942s ]
INFO: [ view_template ] --END-- [ RunTime:0.010535s ]
INFO: [ view_parse ] --START--
INFO: Run ParseTemplate Behavior [ RunTime:-0.185741s ]
INFO: [ view_parse ] --END-- [ RunTime:0.088903s ]
INFO: [ view_filter ] --START--
INFO: Run ContentReplace Behavior [ RunTime:-0.274927s ]
INFO: Run TokenBuild Behavior [ RunTime:-0.277126s ]
INFO: Run WriteHtmlCache Behavior [ RunTime:-0.280093s ]
INFO: Run ShowRuntime Behavior [ RunTime:-0.283168s ]
INFO: [ view_filter ] --END-- [ RunTime:0.010610s ]
INFO: [ view_end ] --START--
INFO: Run ShowPageTrace Behavior [ RunTime:-0.285816s ]
INFO: [ view_end ] --END-- [ RunTime:0.008676s ]

[ 2013-12-31T14:09:06+08:00 ] 123.114.34.254 /index.php?g=User&m=Index&a=index
INFO: [ app_begin ] --START--
INFO: Run ReadHtmlCache Behavior [ RunTime:0.006336s ]
INFO: [ app_begin ] --END-- [ RunTime:0.006755s ]
NOTIC: [2048] Declaration of IndexAction::insert() should be compatible with that of BaseAction::insert() D:\wwwroot\wx6\Web\Lanrain\Lib\Action\User\IndexAction.class.php 第 2 行.
NOTIC: [2] Cannot use a scalar value as an array D:\wwwroot\wx6\Web\Lib\Core\Action.class.php 第 206 行.
SQL: SHOW COLUMNS FROM `tp_user_group` [ RunTime:0.005452s ]
SQL: SELECT * FROM `tp_user_group` WHERE ( `id` = 1 ) LIMIT 1   [ RunTime:0.006548s ]
SQL: SHOW COLUMNS FROM `tp_users` [ RunTime:0.010388s ]
SQL: SELECT * FROM `tp_users` WHERE ( `id` = 33 ) LIMIT 1   [ RunTime:0.006083s ]
SQL: SHOW COLUMNS FROM `tp_wxuser` [ RunTime:0.005144s ]
SQL: SELECT `wxname`,`wxid`,`headerpic`,`weixin` FROM `tp_wxuser` WHERE ( `token` = null ) AND ( `uid` = 33 ) LIMIT 1   [ RunTime:0.000658s ]
SQL: SHOW COLUMNS FROM `tp_user_group` [ RunTime:0.011535s ]
SQL: SELECT * FROM `tp_user_group`  [ RunTime:0.000588s ]
SQL: SELECT COUNT(*) AS tp_count FROM `tp_wxuser` WHERE ( `uid` = 33 ) LIMIT 1   [ RunTime:0.000488s ]
SQL: SELECT * FROM `tp_wxuser` WHERE ( `uid` = 33 ) LIMIT 0,25   [ RunTime:0.000626s ]
INFO: [ view_template ] --START--
INFO: Run LocationTemplate Behavior [ RunTime:-0.215529s ]
INFO: [ view_template ] --END-- [ RunTime:0.007917s ]
INFO: [ view_parse ] --START--
INFO: Run ParseTemplate Behavior [ RunTime:-0.223579s ]
INFO: [ view_parse ] --END-- [ RunTime:0.151156s ]
INFO: [ view_filter ] --START--
INFO: Run ContentReplace Behavior [ RunTime:-0.374977s ]
INFO: Run TokenBuild Behavior [ RunTime:-0.376433s ]
INFO: Run WriteHtmlCache Behavior [ RunTime:-0.382086s ]
INFO: Run ShowRuntime Behavior [ RunTime:-0.383573s ]
INFO: [ view_filter ] --END-- [ RunTime:0.011005s ]
INFO: [ view_end ] --START--
INFO: Run ShowPageTrace Behavior [ RunTime:-0.386151s ]
INFO: [ view_end ] --END-- [ RunTime:0.006153s ]

[ 2013-12-31T14:09:11+08:00 ] 123.114.34.254 /index.php?g=User&m=Index&a=index
INFO: [ app_begin ] --START--
INFO: Run ReadHtmlCache Behavior [ RunTime:0.006349s ]
INFO: [ app_begin ] --END-- [ RunTime:0.006620s ]
NOTIC: [2048] Declaration of IndexAction::insert() should be compatible with that of BaseAction::insert() D:\wwwroot\wx6\Web\Lanrain\Lib\Action\User\IndexAction.class.php 第 2 行.
NOTIC: [2] Cannot use a scalar value as an array D:\wwwroot\wx6\Web\Lib\Core\Action.class.php 第 206 行.
SQL: SHOW COLUMNS FROM `tp_user_group` [ RunTime:0.007298s ]
SQL: SELECT * FROM `tp_user_group` WHERE ( `id` = 1 ) LIMIT 1   [ RunTime:0.000583s ]
SQL: SHOW COLUMNS FROM `tp_users` [ RunTime:0.003762s ]
SQL: SELECT * FROM `tp_users` WHERE ( `id` = 33 ) LIMIT 1   [ RunTime:0.008161s ]
SQL: SHOW COLUMNS FROM `tp_wxuser` [ RunTime:0.004339s ]
SQL: SELECT `wxname`,`wxid`,`headerpic`,`weixin` FROM `tp_wxuser` WHERE ( `token` = null ) AND ( `uid` = 33 ) LIMIT 1   [ RunTime:0.005711s ]
SQL: SHOW COLUMNS FROM `tp_user_group` [ RunTime:0.015706s ]
SQL: SELECT * FROM `tp_user_group`  [ RunTime:0.003878s ]
SQL: SELECT COUNT(*) AS tp_count FROM `tp_wxuser` WHERE ( `uid` = 33 ) LIMIT 1   [ RunTime:0.000844s ]
SQL: SELECT * FROM `tp_wxuser` WHERE ( `uid` = 33 ) LIMIT 0,25   [ RunTime:0.000744s ]
INFO: [ view_template ] --START--
INFO: Run LocationTemplate Behavior [ RunTime:-0.159657s ]
INFO: [ view_template ] --END-- [ RunTime:0.010075s ]
INFO: [ view_parse ] --START--
INFO: Run ParseTemplate Behavior [ RunTime:-0.165011s ]
INFO: [ view_parse ] --END-- [ RunTime:0.116929s ]
INFO: [ view_filter ] --START--
INFO: Run ContentReplace Behavior [ RunTime:-0.282116s ]
INFO: Run TokenBuild Behavior [ RunTime:-0.285090s ]
INFO: Run WriteHtmlCache Behavior [ RunTime:-0.288775s ]
INFO: Run ShowRuntime Behavior [ RunTime:-0.289773s ]
INFO: [ view_filter ] --END-- [ RunTime:0.014377s ]
INFO: [ view_end ] --START--
INFO: Run ShowPageTrace Behavior [ RunTime:-0.296671s ]
INFO: [ view_end ] --END-- [ RunTime:0.002020s ]

[ 2013-12-31T14:09:18+08:00 ] 123.114.34.254 /index.php?g=User&m=Index&a=useredit
INFO: [ app_begin ] --START--
INFO: Run ReadHtmlCache Behavior [ RunTime:0.010277s ]
INFO: [ app_begin ] --END-- [ RunTime:0.010671s ]
NOTIC: [2048] Declaration of IndexAction::insert() should be compatible with that of BaseAction::insert() D:\wwwroot\wx6\Web\Lanrain\Lib\Action\User\IndexAction.class.php 第 2 行.
NOTIC: [2] Cannot use a scalar value as an array D:\wwwroot\wx6\Web\Lib\Core\Action.class.php 第 206 行.
SQL: SHOW COLUMNS FROM `tp_user_group` [ RunTime:0.002486s ]
SQL: SELECT * FROM `tp_user_group` WHERE ( `id` = 1 ) LIMIT 1   [ RunTime:0.003585s ]
SQL: SHOW COLUMNS FROM `tp_users` [ RunTime:0.008316s ]
SQL: SELECT * FROM `tp_users` WHERE ( `id` = 33 ) LIMIT 1   [ RunTime:0.004948s ]
SQL: SHOW COLUMNS FROM `tp_wxuser` [ RunTime:0.015719s ]
SQL: SELECT `wxname`,`wxid`,`headerpic`,`weixin` FROM `tp_wxuser` WHERE ( `token` = null ) AND ( `uid` = 33 ) LIMIT 1   [ RunTime:0.006048s ]
INFO: [ view_template ] --START--
INFO: Run LocationTemplate Behavior [ RunTime:-0.184042s ]
INFO: [ view_template ] --END-- [ RunTime:0.001609s ]
INFO: [ view_parse ] --START--
INFO: Run ParseTemplate Behavior [ RunTime:-0.185884s ]
INFO: [ view_parse ] --END-- [ RunTime:0.119800s ]
INFO: [ view_filter ] --START--
INFO: Run ContentReplace Behavior [ RunTime:-0.305833s ]
INFO: Run TokenBuild Behavior [ RunTime:-0.312124s ]
INFO: Run WriteHtmlCache Behavior [ RunTime:-0.313810s ]
INFO: Run ShowRuntime Behavior [ RunTime:-0.314653s ]
INFO: [ view_filter ] --END-- [ RunTime:0.013685s ]
INFO: [ view_end ] --START--
INFO: Run ShowPageTrace Behavior [ RunTime:-0.320782s ]
INFO: [ view_end ] --END-- [ RunTime:0.006305s ]

[ 2013-12-31T14:09:23+08:00 ] 123.114.34.254 /index.php?g=User&m=Index&a=add
INFO: [ app_begin ] --START--
INFO: Run ReadHtmlCache Behavior [ RunTime:0.003811s ]
INFO: [ app_begin ] --END-- [ RunTime:0.004816s ]
NOTIC: [2048] Declaration of IndexAction::insert() should be compatible with that of BaseAction::insert() D:\wwwroot\wx6\Web\Lanrain\Lib\Action\User\IndexAction.class.php 第 2 行.
NOTIC: [2] Cannot use a scalar value as an array D:\wwwroot\wx6\Web\Lib\Core\Action.class.php 第 206 行.
SQL: SHOW COLUMNS FROM `tp_user_group` [ RunTime:0.018335s ]
SQL: SELECT * FROM `tp_user_group` WHERE ( `id` = 1 ) LIMIT 1   [ RunTime:0.009249s ]
SQL: SHOW COLUMNS FROM `tp_users` [ RunTime:0.012622s ]
SQL: SELECT * FROM `tp_users` WHERE ( `id` = 33 ) LIMIT 1   [ RunTime:0.005796s ]
SQL: SHOW COLUMNS FROM `tp_wxuser` [ RunTime:0.012896s ]
SQL: SELECT `wxname`,`wxid`,`headerpic`,`weixin` FROM `tp_wxuser` WHERE ( `token` = null ) AND ( `uid` = 33 ) LIMIT 1   [ RunTime:0.007603s ]
INFO: [ view_template ] --START--
INFO: Run LocationTemplate Behavior [ RunTime:-0.193896s ]
INFO: [ view_template ] --END-- [ RunTime:0.001733s ]
INFO: [ view_parse ] --START--
NOTIC: [8] Undefined variable: province D:\wwwroot\wx6\Web\data\Conf\logs\Cache\User\abcb2dc0cdf6cecdbc543733dfd2e7d4.php 第 151 行.
NOTIC: [8] Undefined variable: city D:\wwwroot\wx6\Web\data\Conf\logs\Cache\User\abcb2dc0cdf6cecdbc543733dfd2e7d4.php 第 151 行.
INFO: Run ParseTemplate Behavior [ RunTime:-0.195825s ]
INFO: [ view_parse ] --END-- [ RunTime:0.106349s ]
INFO: [ view_filter ] --START--
INFO: Run ContentReplace Behavior [ RunTime:-0.302402s ]
INFO: Run TokenBuild Behavior [ RunTime:-0.309211s ]
INFO: Run WriteHtmlCache Behavior [ RunTime:-0.311878s ]
INFO: Run ShowRuntime Behavior [ RunTime:-0.312893s ]
INFO: [ view_filter ] --END-- [ RunTime:0.017782s ]
INFO: [ view_end ] --START--
INFO: Run ShowPageTrace Behavior [ RunTime:-0.320357s ]
INFO: [ view_end ] --END-- [ RunTime:0.007316s ]

[ 2013-12-31T14:09:25+08:00 ] 123.114.34.254 /index.php?g=User&m=Index&a=index
INFO: [ app_begin ] --START--
INFO: Run ReadHtmlCache Behavior [ RunTime:0.006269s ]
INFO: [ app_begin ] --END-- [ RunTime:0.007636s ]
NOTIC: [2048] Declaration of IndexAction::insert() should be compatible with that of BaseAction::insert() D:\wwwroot\wx6\Web\Lanrain\Lib\Action\User\IndexAction.class.php 第 2 行.
NOTIC: [2] Cannot use a scalar value as an array D:\wwwroot\wx6\Web\Lib\Core\Action.class.php 第 206 行.
SQL: SHOW COLUMNS FROM `tp_user_group` [ RunTime:0.009851s ]
SQL: SELECT * FROM `tp_user_group` WHERE ( `id` = 1 ) LIMIT 1   [ RunTime:0.000411s ]
SQL: SHOW COLUMNS FROM `tp_users` [ RunTime:0.013778s ]
SQL: SELECT * FROM `tp_users` WHERE ( `id` = 33 ) LIMIT 1   [ RunTime:0.006518s ]
SQL: SHOW COLUMNS FROM `tp_wxuser` [ RunTime:0.007804s ]
SQL: SELECT `wxname`,`wxid`,`headerpic`,`weixin` FROM `tp_wxuser` WHERE ( `token` = null ) AND ( `uid` = 33 ) LIMIT 1   [ RunTime:0.000465s ]
SQL: SHOW COLUMNS FROM `tp_user_group` [ RunTime:0.010637s ]
SQL: SELECT * FROM `tp_user_group`  [ RunTime:0.000447s ]
SQL: SELECT COUNT(*) AS tp_count FROM `tp_wxuser` WHERE ( `uid` = 33 ) LIMIT 1   [ RunTime:0.004922s ]
SQL: SELECT * FROM `tp_wxuser` WHERE ( `uid` = 33 ) LIMIT 0,25   [ RunTime:0.000661s ]
INFO: [ view_template ] --START--
INFO: Run LocationTemplate Behavior [ RunTime:-0.176756s ]
INFO: [ view_template ] --END-- [ RunTime:0.002657s ]
INFO: [ view_parse ] --START--
INFO: Run ParseTemplate Behavior [ RunTime:-0.179684s ]
INFO: [ view_parse ] --END-- [ RunTime:0.138107s ]
INFO: [ view_filter ] --START--
INFO: Run ContentReplace Behavior [ RunTime:-0.318398s ]
INFO: Run TokenBuild Behavior [ RunTime:-0.319504s ]
INFO: Run WriteHtmlCache Behavior [ RunTime:-0.321173s ]
INFO: Run ShowRuntime Behavior [ RunTime:-0.322105s ]
INFO: [ view_filter ] --END-- [ RunTime:0.007201s ]
INFO: [ view_end ] --START--
INFO: Run ShowPageTrace Behavior [ RunTime:-0.325956s ]
INFO: [ view_end ] --END-- [ RunTime:0.004224s ]

[ 2013-12-31T14:09:27+08:00 ] 123.114.34.254 /index.php?g=User&m=Index&a=useredit
INFO: [ app_begin ] --START--
INFO: Run ReadHtmlCache Behavior [ RunTime:0.007779s ]
INFO: [ app_begin ] --END-- [ RunTime:0.008315s ]
NOTIC: [2048] Declaration of IndexAction::insert() should be compatible with that of BaseAction::insert() D:\wwwroot\wx6\Web\Lanrain\Lib\Action\User\IndexAction.class.php 第 2 行.
NOTIC: [2] Cannot use a scalar value as an array D:\wwwroot\wx6\Web\Lib\Core\Action.class.php 第 206 行.
SQL: SHOW COLUMNS FROM `tp_user_group` [ RunTime:0.003409s ]
SQL: SELECT * FROM `tp_user_group` WHERE ( `id` = 1 ) LIMIT 1   [ RunTime:0.001109s ]
SQL: SHOW COLUMNS FROM `tp_users` [ RunTime:0.015059s ]
SQL: SELECT * FROM `tp_users` WHERE ( `id` = 33 ) LIMIT 1   [ RunTime:0.001180s ]
SQL: SHOW COLUMNS FROM `tp_wxuser` [ RunTime:0.014863s ]
SQL: SELECT `wxname`,`wxid`,`headerpic`,`weixin` FROM `tp_wxuser` WHERE ( `token` = null ) AND ( `uid` = 33 ) LIMIT 1   [ RunTime:0.000956s ]
INFO: [ view_template ] --START--
INFO: Run LocationTemplate Behavior [ RunTime:-0.130957s ]
INFO: [ view_template ] --END-- [ RunTime:0.007240s ]
INFO: [ view_parse ] --START--
INFO: Run ParseTemplate Behavior [ RunTime:-0.138562s ]
INFO: [ view_parse ] --END-- [ RunTime:0.087150s ]
INFO: [ view_filter ] --START--
INFO: Run ContentReplace Behavior [ RunTime:-0.225915s ]
INFO: Run TokenBuild Behavior [ RunTime:-0.227221s ]
INFO: Run WriteHtmlCache Behavior [ RunTime:-0.230069s ]
INFO: Run ShowRuntime Behavior [ RunTime:-0.233211s ]
INFO: [ view_filter ] --END-- [ RunTime:0.011171s ]
INFO: [ view_end ] --START--
INFO: Run ShowPageTrace Behavior [ RunTime:-0.237417s ]
INFO: [ view_end ] --END-- [ RunTime:0.007909s ]

[ 2013-12-31T14:09:29+08:00 ] 123.114.34.254 /index.php?g=User&m=Index&a=add
INFO: [ app_begin ] --START--
INFO: Run ReadHtmlCache Behavior [ RunTime:0.002365s ]
INFO: [ app_begin ] --END-- [ RunTime:0.002639s ]
NOTIC: [2048] Declaration of IndexAction::insert() should be compatible with that of BaseAction::insert() D:\wwwroot\wx6\Web\Lanrain\Lib\Action\User\IndexAction.class.php 第 2 行.
NOTIC: [2] Cannot use a scalar value as an array D:\wwwroot\wx6\Web\Lib\Core\Action.class.php 第 206 行.
SQL: SHOW COLUMNS FROM `tp_user_group` [ RunTime:0.040958s ]
SQL: SELECT * FROM `tp_user_group` WHERE ( `id` = 1 ) LIMIT 1   [ RunTime:0.000583s ]
SQL: SHOW COLUMNS FROM `tp_users` [ RunTime:0.013191s ]
SQL: SELECT * FROM `tp_users` WHERE ( `id` = 33 ) LIMIT 1   [ RunTime:0.000631s ]
SQL: SHOW COLUMNS FROM `tp_wxuser` [ RunTime:0.006624s ]
SQL: SELECT `wxname`,`wxid`,`headerpic`,`weixin` FROM `tp_wxuser` WHERE ( `token` = null ) AND ( `uid` = 33 ) LIMIT 1   [ RunTime:0.000795s ]
INFO: [ view_template ] --START--
INFO: Run LocationTemplate Behavior [ RunTime:-0.168175s ]
INFO: [ view_template ] --END-- [ RunTime:0.003847s ]
INFO: [ view_parse ] --START--
NOTIC: [8] Undefined variable: province D:\wwwroot\wx6\Web\data\Conf\logs\Cache\User\abcb2dc0cdf6cecdbc543733dfd2e7d4.php 第 151 行.
NOTIC: [8] Undefined variable: city D:\wwwroot\wx6\Web\data\Conf\logs\Cache\User\abcb2dc0cdf6cecdbc543733dfd2e7d4.php 第 151 行.
INFO: Run ParseTemplate Behavior [ RunTime:-0.172241s ]
INFO: [ view_parse ] --END-- [ RunTime:0.123035s ]
INFO: [ view_filter ] --START--
INFO: Run ContentReplace Behavior [ RunTime:-0.295345s ]
INFO: Run TokenBuild Behavior [ RunTime:-0.297579s ]
INFO: Run WriteHtmlCache Behavior [ RunTime:-0.299364s ]
INFO: Run ShowRuntime Behavior [ RunTime:-0.300563s ]
INFO: [ view_filter ] --END-- [ RunTime:0.018279s ]
INFO: [ view_end ] --START--
INFO: Run ShowPageTrace Behavior [ RunTime:-0.313983s ]
INFO: [ view_end ] --END-- [ RunTime:0.003102s ]

[ 2013-12-31T14:09:31+08:00 ] 123.114.34.254 /index.php?g=User&m=Index&a=index
INFO: [ app_begin ] --START--
INFO: Run ReadHtmlCache Behavior [ RunTime:0.006942s ]
INFO: [ app_begin ] --END-- [ RunTime:0.007292s ]
NOTIC: [2048] Declaration of IndexAction::insert() should be compatible with that of BaseAction::insert() D:\wwwroot\wx6\Web\Lanrain\Lib\Action\User\IndexAction.class.php 第 2 行.
NOTIC: [2] Cannot use a scalar value as an array D:\wwwroot\wx6\Web\Lib\Core\Action.class.php 第 206 行.
SQL: SHOW COLUMNS FROM `tp_user_group` [ RunTime:0.003593s ]
SQL: SELECT * FROM `tp_user_group` WHERE ( `id` = 1 ) LIMIT 1   [ RunTime:0.001514s ]
SQL: SHOW COLUMNS FROM `tp_users` [ RunTime:0.008771s ]
SQL: SELECT * FROM `tp_users` WHERE ( `id` = 33 ) LIMIT 1   [ RunTime:0.000444s ]
SQL: SHOW COLUMNS FROM `tp_wxuser` [ RunTime:0.004756s ]
SQL: SELECT `wxname`,`wxid`,`headerpic`,`weixin` FROM `tp_wxuser` WHERE ( `token` = null ) AND ( `uid` = 33 ) LIMIT 1   [ RunTime:0.000397s ]
SQL: SHOW COLUMNS FROM `tp_user_group` [ RunTime:0.007436s ]
SQL: SELECT * FROM `tp_user_group`  [ RunTime:0.000494s ]
SQL: SELECT COUNT(*) AS tp_count FROM `tp_wxuser` WHERE ( `uid` = 33 ) LIMIT 1   [ RunTime:0.000438s ]
SQL: SELECT * FROM `tp_wxuser` WHERE ( `uid` = 33 ) LIMIT 0,25   [ RunTime:0.000639s ]
INFO: [ view_template ] --START--
INFO: Run LocationTemplate Behavior [ RunTime:-0.128893s ]
INFO: [ view_template ] --END-- [ RunTime:0.001472s ]
INFO: [ view_parse ] --START--
INFO: Run ParseTemplate Behavior [ RunTime:-0.130456s ]
INFO: [ view_parse ] --END-- [ RunTime:0.091215s ]
INFO: [ view_filter ] --START--
INFO: Run ContentReplace Behavior [ RunTime:-0.226833s ]
INFO: Run TokenBuild Behavior [ RunTime:-0.228714s ]
INFO: Run WriteHtmlCache Behavior [ RunTime:-0.230063s ]
INFO: Run ShowRuntime Behavior [ RunTime:-0.230856s ]
INFO: [ view_filter ] --END-- [ RunTime:0.011693s ]
INFO: [ view_end ] --START--
INFO: Run ShowPageTrace Behavior [ RunTime:-0.239564s ]
INFO: [ view_end ] --END-- [ RunTime:0.004377s ]

[ 2013-12-31T14:09:32+08:00 ] 123.114.34.254 /index.php?g=User&m=Alipay&a=index
INFO: [ app_begin ] --START--
INFO: Run ReadHtmlCache Behavior [ RunTime:0.007853s ]
INFO: [ app_begin ] --END-- [ RunTime:0.008361s ]
NOTIC: [2] Cannot use a scalar value as an array D:\wwwroot\wx6\Web\Lib\Core\Action.class.php 第 206 行.
SQL: SHOW COLUMNS FROM `tp_user_group` [ RunTime:0.002924s ]
SQL: SELECT * FROM `tp_user_group` WHERE ( `id` = 1 ) LIMIT 1   [ RunTime:0.000678s ]
SQL: SHOW COLUMNS FROM `tp_users` [ RunTime:0.007944s ]
SQL: SELECT * FROM `tp_users` WHERE ( `id` = 33 ) LIMIT 1   [ RunTime:0.000582s ]
SQL: SHOW COLUMNS FROM `tp_wxuser` [ RunTime:0.015482s ]
SQL: SELECT `wxname`,`wxid`,`headerpic`,`weixin` FROM `tp_wxuser` WHERE ( `token` = null ) AND ( `uid` = 33 ) LIMIT 1   [ RunTime:0.000972s ]
SQL: SELECT `id`,`name`,`price` FROM `tp_user_group` WHERE price>0  [ RunTime:0.000896s ]
SQL: SELECT `price` FROM `tp_user_group` WHERE ( `id` = 1 ) LIMIT 1   [ RunTime:0.000732s ]
INFO: [ view_template ] --START--
INFO: Run LocationTemplate Behavior [ RunTime:-0.159633s ]
INFO: [ view_template ] --END-- [ RunTime:0.008855s ]
INFO: [ view_parse ] --START--
INFO: Run ParseTemplate Behavior [ RunTime:-0.168684s ]
INFO: [ view_parse ] --END-- [ RunTime:0.119819s ]
INFO: [ view_filter ] --START--
INFO: Run ContentReplace Behavior [ RunTime:-0.288773s ]
INFO: Run TokenBuild Behavior [ RunTime:-0.289964s ]
INFO: Run WriteHtmlCache Behavior [ RunTime:-0.292172s ]
INFO: Run ShowRuntime Behavior [ RunTime:-0.293051s ]
INFO: [ view_filter ] --END-- [ RunTime:0.006372s ]
INFO: [ view_end ] --START--
INFO: Run ShowPageTrace Behavior [ RunTime:-0.301341s ]
INFO: [ view_end ] --END-- [ RunTime:0.010464s ]

[ 2013-12-31T14:09:35+08:00 ] 123.114.34.254 /index.php?g=User&m=Index&a=index
INFO: [ app_begin ] --START--
INFO: Run ReadHtmlCache Behavior [ RunTime:0.001428s ]
INFO: [ app_begin ] --END-- [ RunTime:0.001684s ]
NOTIC: [2048] Declaration of IndexAction::insert() should be compatible with that of BaseAction::insert() D:\wwwroot\wx6\Web\Lanrain\Lib\Action\User\IndexAction.class.php 第 2 行.
NOTIC: [2] Cannot use a scalar value as an array D:\wwwroot\wx6\Web\Lib\Core\Action.class.php 第 206 行.
SQL: SHOW COLUMNS FROM `tp_user_group` [ RunTime:0.003643s ]
SQL: SELECT * FROM `tp_user_group` WHERE ( `id` = 1 ) LIMIT 1   [ RunTime:0.000624s ]
SQL: SHOW COLUMNS FROM `tp_users` [ RunTime:0.013364s ]
SQL: SELECT * FROM `tp_users` WHERE ( `id` = 33 ) LIMIT 1   [ RunTime:0.001048s ]
SQL: SHOW COLUMNS FROM `tp_wxuser` [ RunTime:0.012963s ]
SQL: SELECT `wxname`,`wxid`,`headerpic`,`weixin` FROM `tp_wxuser` WHERE ( `token` = null ) AND ( `uid` = 33 ) LIMIT 1   [ RunTime:0.000482s ]
SQL: SHOW COLUMNS FROM `tp_user_group` [ RunTime:0.004907s ]
SQL: SELECT * FROM `tp_user_group`  [ RunTime:0.000574s ]
SQL: SELECT COUNT(*) AS tp_count FROM `tp_wxuser` WHERE ( `uid` = 33 ) LIMIT 1   [ RunTime:0.000528s ]
SQL: SELECT * FROM `tp_wxuser` WHERE ( `uid` = 33 ) LIMIT 0,25   [ RunTime:0.011061s ]
INFO: [ view_template ] --START--
INFO: Run LocationTemplate Behavior [ RunTime:-0.119226s ]
INFO: [ view_template ] --END-- [ RunTime:0.008112s ]
INFO: [ view_parse ] --START--
INFO: Run ParseTemplate Behavior [ RunTime:-0.127776s ]
INFO: [ view_parse ] --END-- [ RunTime:0.116378s ]
INFO: [ view_filter ] --START--
INFO: Run ContentReplace Behavior [ RunTime:-0.244381s ]
INFO: Run TokenBuild Behavior [ RunTime:-0.251143s ]
INFO: Run WriteHtmlCache Behavior [ RunTime:-0.252730s ]
INFO: Run ShowRuntime Behavior [ RunTime:-0.254845s ]
INFO: [ view_filter ] --END-- [ RunTime:0.012279s ]
INFO: [ view_end ] --START--
INFO: Run ShowPageTrace Behavior [ RunTime:-0.256920s ]
INFO: [ view_end ] --END-- [ RunTime:0.007114s ]

[ 2013-12-31T14:13:00+08:00 ] 106.120.160.109 /index.php
INFO: [ app_begin ] --START--
INFO: Run ReadHtmlCache Behavior [ RunTime:0.004416s ]
INFO: [ app_begin ] --END-- [ RunTime:0.004967s ]
NOTIC: [2] Cannot use a scalar value as an array D:\wwwroot\wx6\Web\Lib\Core\Action.class.php 第 206 行.
INFO: [ view_template ] --START--
INFO: Run LocationTemplate Behavior [ RunTime:-0.031544s ]
INFO: [ view_template ] --END-- [ RunTime:0.009014s ]
INFO: [ view_parse ] --START--
NOTIC: [8] Use of undefined constant uid - assumed 'uid' D:\wwwroot\wx6\Web\data\Conf\logs\Cache\Home\6fec05cdeb567bdd6f06e8ce37bfd4e0.php 第 31 行.
NOTIC: [8] Undefined index:  uid D:\wwwroot\wx6\Web\data\Conf\logs\Cache\Home\6fec05cdeb567bdd6f06e8ce37bfd4e0.php 第 31 行.
INFO: Run ParseTemplate Behavior [ RunTime:-0.040686s ]
INFO: [ view_parse ] --END-- [ RunTime:0.159919s ]
INFO: [ view_filter ] --START--
INFO: Run ContentReplace Behavior [ RunTime:-0.200705s ]
INFO: Run TokenBuild Behavior [ RunTime:-0.205371s ]
INFO: Run WriteHtmlCache Behavior [ RunTime:-0.213002s ]
INFO: Run ShowRuntime Behavior [ RunTime:-0.217278s ]
INFO: [ view_filter ] --END-- [ RunTime:0.026371s ]
INFO: [ view_end ] --START--
INFO: Run ShowPageTrace Behavior [ RunTime:-0.227361s ]
INFO: [ view_end ] --END-- [ RunTime:0.003415s ]

[ 2013-12-31T14:14:59+08:00 ] 220.181.132.19 /index.php
INFO: [ app_begin ] --START--
INFO: Run ReadHtmlCache Behavior [ RunTime:0.005761s ]
INFO: [ app_begin ] --END-- [ RunTime:0.006068s ]
NOTIC: [2] Cannot use a scalar value as an array D:\wwwroot\wx6\Web\Lib\Core\Action.class.php 第 206 行.
INFO: [ view_template ] --START--
INFO: Run LocationTemplate Behavior [ RunTime:-0.027201s ]
INFO: [ view_template ] --END-- [ RunTime:0.012136s ]
INFO: [ view_parse ] --START--
NOTIC: [8] Use of undefined constant uid - assumed 'uid' D:\wwwroot\wx6\Web\data\Conf\logs\Cache\Home\6fec05cdeb567bdd6f06e8ce37bfd4e0.php 第 31 行.
NOTIC: [8] Undefined index:  uid D:\wwwroot\wx6\Web\data\Conf\logs\Cache\Home\6fec05cdeb567bdd6f06e8ce37bfd4e0.php 第 31 行.
INFO: Run ParseTemplate Behavior [ RunTime:-0.038702s ]
INFO: [ view_parse ] --END-- [ RunTime:0.145856s ]
INFO: [ view_filter ] --START--
INFO: Run ContentReplace Behavior [ RunTime:-0.185156s ]
INFO: Run TokenBuild Behavior [ RunTime:-0.189958s ]
INFO: Run WriteHtmlCache Behavior [ RunTime:-0.198719s ]
INFO: Run ShowRuntime Behavior [ RunTime:-0.200490s ]
INFO: [ view_filter ] --END-- [ RunTime:0.019886s ]
INFO: [ view_end ] --START--
INFO: Run ShowPageTrace Behavior [ RunTime:-0.205110s ]
INFO: [ view_end ] --END-- [ RunTime:0.004506s ]

[ 2013-12-31T14:15:12+08:00 ] 123.114.34.254 /index.php?g=User&m=Index&a=index
INFO: [ app_begin ] --START--
INFO: Run ReadHtmlCache Behavior [ RunTime:0.002318s ]
INFO: [ app_begin ] --END-- [ RunTime:0.002662s ]
NOTIC: [2048] Declaration of IndexAction::insert() should be compatible with that of BaseAction::insert() D:\wwwroot\wx6\Web\Lanrain\Lib\Action\User\IndexAction.class.php 第 2 行.
NOTIC: [2] Cannot use a scalar value as an array D:\wwwroot\wx6\Web\Lib\Core\Action.class.php 第 206 行.
SQL: SHOW COLUMNS FROM `tp_user_group` [ RunTime:0.011069s ]
SQL: SELECT * FROM `tp_user_group` WHERE ( `id` = 1 ) LIMIT 1   [ RunTime:0.003373s ]
SQL: SHOW COLUMNS FROM `tp_users` [ RunTime:0.003021s ]
SQL: SELECT * FROM `tp_users` WHERE ( `id` = 33 ) LIMIT 1   [ RunTime:0.000820s ]
SQL: SHOW COLUMNS FROM `tp_wxuser` [ RunTime:0.003252s ]
SQL: SELECT `wxname`,`wxid`,`headerpic`,`weixin` FROM `tp_wxuser` WHERE ( `token` = null ) AND ( `uid` = 33 ) LIMIT 1   [ RunTime:0.003753s ]
SQL: SHOW COLUMNS FROM `tp_user_group` [ RunTime:0.005917s ]
SQL: SELECT * FROM `tp_user_group`  [ RunTime:0.003992s ]
SQL: SELECT COUNT(*) AS tp_count FROM `tp_wxuser` WHERE ( `uid` = 33 ) LIMIT 1   [ RunTime:0.000364s ]
SQL: SELECT * FROM `tp_wxuser` WHERE ( `uid` = 33 ) LIMIT 0,25   [ RunTime:0.000674s ]
INFO: [ view_template ] --START--
INFO: Run LocationTemplate Behavior [ RunTime:-0.144797s ]
INFO: [ view_template ] --END-- [ RunTime:0.001774s ]
INFO: [ view_parse ] --START--
INFO: Run ParseTemplate Behavior [ RunTime:-0.146648s ]
INFO: [ view_parse ] --END-- [ RunTime:0.098060s ]
INFO: [ view_filter ] --START--
INFO: Run ContentReplace Behavior [ RunTime:-0.244884s ]
INFO: Run TokenBuild Behavior [ RunTime:-0.246740s ]
INFO: Run WriteHtmlCache Behavior [ RunTime:-0.253169s ]
INFO: Run ShowRuntime Behavior [ RunTime:-0.257361s ]
INFO: [ view_filter ] --END-- [ RunTime:0.014277s ]
INFO: [ view_end ] --START--
INFO: Run ShowPageTrace Behavior [ RunTime:-0.259556s ]
INFO: [ view_end ] --END-- [ RunTime:0.005927s ]

[ 2013-12-31T14:15:15+08:00 ] 123.114.34.254 /index.php?g=Home&m=Index&a=help&id=59&token=jalkmt1388468740
INFO: [ app_begin ] --START--
INFO: Run ReadHtmlCache Behavior [ RunTime:0.004282s ]
INFO: [ app_begin ] --END-- [ RunTime:0.004530s ]
NOTIC: [2] Cannot use a scalar value as an array D:\wwwroot\wx6\Web\Lib\Core\Action.class.php 第 206 行.
INFO: [ view_template ] --START--
INFO: Run LocationTemplate Behavior [ RunTime:-0.025253s ]
INFO: [ view_template ] --END-- [ RunTime:0.002544s ]
INFO: [ view_parse ] --START--
NOTIC: [8] Use of undefined constant uid - assumed 'uid' D:\wwwroot\wx6\Web\data\Conf\logs\Cache\Home\ac7dcbce78569838c0e0004a41cffac4.php 第 31 行.
INFO: Run ParseTemplate Behavior [ RunTime:-0.027935s ]
INFO: [ view_parse ] --END-- [ RunTime:0.109265s ]
INFO: [ view_filter ] --START--
INFO: Run ContentReplace Behavior [ RunTime:-0.137353s ]
INFO: Run TokenBuild Behavior [ RunTime:-0.143053s ]
INFO: Run WriteHtmlCache Behavior [ RunTime:-0.149841s ]
INFO: Run ShowRuntime Behavior [ RunTime:-0.151039s ]
INFO: [ view_filter ] --END-- [ RunTime:0.015059s ]
INFO: [ view_end ] --START--
INFO: Run ShowPageTrace Behavior [ RunTime:-0.152522s ]
INFO: [ view_end ] --END-- [ RunTime:0.002953s ]

