[ 2013-12-11T23:53:25+08:00 ] 110.243.54.122 /index.php?g=User&m=Index&a=index
INFO: [ app_begin ] --START--
INFO: Run ReadHtmlCache Behavior [ RunTime:0.000643s ]
INFO: [ app_begin ] --END-- [ RunTime:0.000751s ]
NOTIC: [2048] Declaration of IndexAction::insert() should be compatible with that of BaseAction::insert() E:\home\ftp\w\weixinxb\wwwroot\Lanrain\Lib\Action\User\IndexAction.class.php 第 2 行.
NOTIC: [2] Cannot use a scalar value as an array E:\home\ftp\w\weixinxb\wwwroot\Lib\Core\Action.class.php 第 206 行.
SQL: SHOW COLUMNS FROM `tp_user_group` [ RunTime:0.001013s ]
SQL: SELECT * FROM `tp_user_group` WHERE ( `id` = 4 ) LIMIT 1   [ RunTime:0.000253s ]
SQL: SHOW COLUMNS FROM `tp_users` [ RunTime:0.001205s ]
SQL: SELECT * FROM `tp_users` WHERE ( `id` = 32 ) LIMIT 1   [ RunTime:0.000242s ]
SQL: SHOW COLUMNS FROM `tp_wxuser` [ RunTime:0.001052s ]
SQL: SELECT `wxname`,`wxid`,`headerpic`,`weixin` FROM `tp_wxuser` WHERE ( `token` = null ) AND ( `uid` = 32 ) LIMIT 1   [ RunTime:0.000282s ]
SQL: SHOW COLUMNS FROM `tp_user_group` [ RunTime:0.001057s ]
SQL: SELECT * FROM `tp_user_group`  [ RunTime:0.000240s ]
SQL: SELECT COUNT(*) AS tp_count FROM `tp_wxuser` WHERE ( `uid` = 32 ) LIMIT 1   [ RunTime:0.000227s ]
SQL: SELECT * FROM `tp_wxuser` WHERE ( `uid` = 32 ) LIMIT 0,25   [ RunTime:0.000357s ]
INFO: [ view_template ] --START--
INFO: Run LocationTemplate Behavior [ RunTime:-0.081167s ]
INFO: [ view_template ] --END-- [ RunTime:0.001116s ]
INFO: [ view_parse ] --START--
INFO: Run ParseTemplate Behavior [ RunTime:-0.082374s ]
INFO: [ view_parse ] --END-- [ RunTime:0.020641s ]
INFO: [ view_filter ] --START--
INFO: Run ContentReplace Behavior [ RunTime:-0.103070s ]
INFO: Run TokenBuild Behavior [ RunTime:-0.103552s ]
INFO: Run WriteHtmlCache Behavior [ RunTime:-0.104028s ]
INFO: Run ShowRuntime Behavior [ RunTime:-0.104346s ]
INFO: [ view_filter ] --END-- [ RunTime:0.001863s ]
INFO: [ view_end ] --START--
INFO: Run ShowPageTrace Behavior [ RunTime:-0.105034s ]
INFO: [ view_end ] --END-- [ RunTime:0.000717s ]

[ 2013-12-11T23:53:28+08:00 ] 110.243.54.122 /index.php?g=User&m=Function&a=index&id=58&token=gdmlwn1386769141
INFO: [ app_begin ] --START--
INFO: Run ReadHtmlCache Behavior [ RunTime:0.001161s ]
INFO: [ app_begin ] --END-- [ RunTime:0.001291s ]
NOTIC: [2] Cannot use a scalar value as an array E:\home\ftp\w\weixinxb\wwwroot\Lib\Core\Action.class.php 第 206 行.
SQL: SHOW COLUMNS FROM `tp_user_group` [ RunTime:0.001286s ]
SQL: SELECT * FROM `tp_user_group` WHERE ( `id` = 4 ) LIMIT 1   [ RunTime:0.000266s ]
SQL: SHOW COLUMNS FROM `tp_users` [ RunTime:0.001064s ]
SQL: SELECT * FROM `tp_users` WHERE ( `id` = 32 ) LIMIT 1   [ RunTime:0.000289s ]
SQL: SHOW COLUMNS FROM `tp_wxuser` [ RunTime:0.001264s ]
SQL: SELECT `wxname`,`wxid`,`headerpic`,`weixin` FROM `tp_wxuser` WHERE ( `token` = null ) AND ( `uid` = 32 ) LIMIT 1   [ RunTime:0.000345s ]
SQL: SELECT * FROM `tp_wxuser` WHERE ( `id` = 58 ) LIMIT 1   [ RunTime:0.000243s ]
SQL: SHOW COLUMNS FROM `tp_token_open` [ RunTime:0.000895s ]
SQL: SELECT `id`,`queryname` FROM `tp_token_open` WHERE ( `token` = 'gdmlwn1386769141' ) AND ( `uid` = 32 ) LIMIT 1   [ RunTime:0.000255s ]
SQL: SELECT `id`,`name` FROM `tp_user_group` WHERE status=1  [ RunTime:0.000180s ]
SQL: SHOW COLUMNS FROM `tp_function` [ RunTime:0.000915s ]
SQL: SELECT * FROM `tp_function` WHERE ( `status` = 1 ) AND ( `gid` = 1 )  [ RunTime:0.000264s ]
SQL: SELECT * FROM `tp_function` WHERE ( `status` = 1 ) AND ( `gid` = 2 )  [ RunTime:0.000259s ]
SQL: SELECT * FROM `tp_function` WHERE ( `status` = 1 ) AND ( `gid` = 3 )  [ RunTime:0.000239s ]
SQL: SELECT * FROM `tp_function` WHERE ( `status` = 1 ) AND ( `gid` = 4 )  [ RunTime:0.000357s ]
SQL: SELECT `wxname`,`wxid`,`headerpic`,`weixin` FROM `tp_wxuser` WHERE ( `token` = 'gdmlwn1386769141' ) AND ( `uid` = 32 ) LIMIT 1   [ RunTime:0.000252s ]
INFO: [ view_template ] --START--
INFO: Run LocationTemplate Behavior [ RunTime:-0.035369s ]
INFO: [ view_template ] --END-- [ RunTime:0.001131s ]
INFO: [ view_parse ] --START--
INFO: Run ParseTemplate Behavior [ RunTime:-0.036546s ]
INFO: [ view_parse ] --END-- [ RunTime:0.050185s ]
INFO: [ view_filter ] --START--
INFO: Run ContentReplace Behavior [ RunTime:-0.086798s ]
INFO: Run TokenBuild Behavior [ RunTime:-0.087958s ]
INFO: Run WriteHtmlCache Behavior [ RunTime:-0.089063s ]
INFO: Run ShowRuntime Behavior [ RunTime:-0.089961s ]
INFO: [ view_filter ] --END-- [ RunTime:0.004447s ]
INFO: [ view_end ] --START--
INFO: Run ShowPageTrace Behavior [ RunTime:-0.091427s ]
INFO: [ view_end ] --END-- [ RunTime:0.001504s ]

[ 2013-12-11T23:53:31+08:00 ] 110.243.54.122 /index.php?g=User&m=Lottery&a=index&token=gdmlwn1386769141
INFO: [ app_begin ] --START--
INFO: Run ReadHtmlCache Behavior [ RunTime:0.000645s ]
INFO: [ app_begin ] --END-- [ RunTime:0.000795s ]
NOTIC: [2] Cannot use a scalar value as an array E:\home\ftp\w\weixinxb\wwwroot\Lib\Core\Action.class.php 第 206 行.
SQL: SHOW COLUMNS FROM `tp_user_group` [ RunTime:0.001184s ]
SQL: SELECT * FROM `tp_user_group` WHERE ( `id` = 4 ) LIMIT 1   [ RunTime:0.000236s ]
SQL: SHOW COLUMNS FROM `tp_users` [ RunTime:0.000998s ]
SQL: SELECT * FROM `tp_users` WHERE ( `id` = 32 ) LIMIT 1   [ RunTime:0.000265s ]
SQL: SHOW COLUMNS FROM `tp_wxuser` [ RunTime:0.001341s ]
SQL: SELECT `wxname`,`wxid`,`headerpic`,`weixin` FROM `tp_wxuser` WHERE ( `token` = 'gdmlwn1386769141' ) AND ( `uid` = 32 ) LIMIT 1   [ RunTime:0.000366s ]
SQL: SELECT `gid`,`activitynum` FROM `tp_users` WHERE ( `id` = 32 ) LIMIT 1   [ RunTime:0.000226s ]
SQL: SELECT * FROM `tp_user_group` WHERE ( `id` = 4 ) LIMIT 1   [ RunTime:0.000244s ]
SQL: SHOW COLUMNS FROM `tp_lottery` [ RunTime:0.001539s ]
SQL: SELECT * FROM `tp_lottery` WHERE ( `token` = 'gdmlwn1386769141' ) AND ( `type` = 1 )  [ RunTime:0.000417s ]
SQL: SELECT COUNT(*) AS tp_count FROM `tp_lottery` WHERE ( `token` = 'gdmlwn1386769141' ) AND ( `type` = 1 ) LIMIT 1   [ RunTime:0.000301s ]
INFO: [ view_template ] --START--
INFO: Run LocationTemplate Behavior [ RunTime:-0.028735s ]
INFO: [ view_template ] --END-- [ RunTime:0.001169s ]
INFO: [ view_parse ] --START--
INFO: Run ParseTemplate Behavior [ RunTime:-0.029997s ]
INFO: [ view_parse ] --END-- [ RunTime:0.046043s ]
INFO: [ view_filter ] --START--
INFO: Run ContentReplace Behavior [ RunTime:-0.076122s ]
INFO: Run TokenBuild Behavior [ RunTime:-0.076718s ]
INFO: Run WriteHtmlCache Behavior [ RunTime:-0.077282s ]
INFO: Run ShowRuntime Behavior [ RunTime:-0.077582s ]
INFO: [ view_filter ] --END-- [ RunTime:0.002092s ]
INFO: [ view_end ] --START--
INFO: Run ShowPageTrace Behavior [ RunTime:-0.078306s ]
INFO: [ view_end ] --END-- [ RunTime:0.000711s ]

[ 2013-12-11T23:53:33+08:00 ] 110.243.54.122 /index.php?g=User&m=Lottery&a=add
INFO: [ app_begin ] --START--
INFO: Run ReadHtmlCache Behavior [ RunTime:0.000596s ]
INFO: [ app_begin ] --END-- [ RunTime:0.000698s ]
NOTIC: [2] Cannot use a scalar value as an array E:\home\ftp\w\weixinxb\wwwroot\Lib\Core\Action.class.php 第 206 行.
SQL: SHOW COLUMNS FROM `tp_user_group` [ RunTime:0.001097s ]
SQL: SELECT * FROM `tp_user_group` WHERE ( `id` = 4 ) LIMIT 1   [ RunTime:0.000251s ]
SQL: SHOW COLUMNS FROM `tp_users` [ RunTime:0.001544s ]
SQL: SELECT * FROM `tp_users` WHERE ( `id` = 32 ) LIMIT 1   [ RunTime:0.000281s ]
SQL: SHOW COLUMNS FROM `tp_wxuser` [ RunTime:0.001114s ]
SQL: SELECT `wxname`,`wxid`,`headerpic`,`weixin` FROM `tp_wxuser` WHERE ( `token` = 'gdmlwn1386769141' ) AND ( `uid` = 32 ) LIMIT 1   [ RunTime:0.000240s ]
INFO: [ view_template ] --START--
INFO: Run LocationTemplate Behavior [ RunTime:-0.021326s ]
INFO: [ view_template ] --END-- [ RunTime:0.000950s ]
INFO: [ view_parse ] --START--
NOTIC: [8] Undefined variable: vo E:\home\ftp\w\weixinxb\wwwroot\data\Conf\logs\Cache\User\df11d88fe977022c8cd0c68d110b9a4a.php 第 360 行.
NOTIC: [8] Undefined variable: vo E:\home\ftp\w\weixinxb\wwwroot\data\Conf\logs\Cache\User\df11d88fe977022c8cd0c68d110b9a4a.php 第 365 行.
NOTIC: [8] Undefined variable: vo E:\home\ftp\w\weixinxb\wwwroot\data\Conf\logs\Cache\User\df11d88fe977022c8cd0c68d110b9a4a.php 第 376 行.
NOTIC: [8] Undefined variable: vo E:\home\ftp\w\weixinxb\wwwroot\data\Conf\logs\Cache\User\df11d88fe977022c8cd0c68d110b9a4a.php 第 383 行.
NOTIC: [8] Undefined variable: vo E:\home\ftp\w\weixinxb\wwwroot\data\Conf\logs\Cache\User\df11d88fe977022c8cd0c68d110b9a4a.php 第 389 行.
NOTIC: [8] Undefined variable: vo E:\home\ftp\w\weixinxb\wwwroot\data\Conf\logs\Cache\User\df11d88fe977022c8cd0c68d110b9a4a.php 第 394 行.
NOTIC: [8] Undefined variable: vo E:\home\ftp\w\weixinxb\wwwroot\data\Conf\logs\Cache\User\df11d88fe977022c8cd0c68d110b9a4a.php 第 396 行.
NOTIC: [8] Undefined variable: vo E:\home\ftp\w\weixinxb\wwwroot\data\Conf\logs\Cache\User\df11d88fe977022c8cd0c68d110b9a4a.php 第 401 行.
NOTIC: [8] Undefined variable: vo E:\home\ftp\w\weixinxb\wwwroot\data\Conf\logs\Cache\User\df11d88fe977022c8cd0c68d110b9a4a.php 第 407 行.
NOTIC: [8] Undefined variable: vo E:\home\ftp\w\weixinxb\wwwroot\data\Conf\logs\Cache\User\df11d88fe977022c8cd0c68d110b9a4a.php 第 425 行.
NOTIC: [8] Undefined variable: vo E:\home\ftp\w\weixinxb\wwwroot\data\Conf\logs\Cache\User\df11d88fe977022c8cd0c68d110b9a4a.php 第 428 行.
NOTIC: [8] Undefined variable: vo E:\home\ftp\w\weixinxb\wwwroot\data\Conf\logs\Cache\User\df11d88fe977022c8cd0c68d110b9a4a.php 第 435 行.
NOTIC: [8] Undefined variable: vo E:\home\ftp\w\weixinxb\wwwroot\data\Conf\logs\Cache\User\df11d88fe977022c8cd0c68d110b9a4a.php 第 453 行.
NOTIC: [8] Undefined variable: vo E:\home\ftp\w\weixinxb\wwwroot\data\Conf\logs\Cache\User\df11d88fe977022c8cd0c68d110b9a4a.php 第 459 行.
NOTIC: [8] Undefined variable: vo E:\home\ftp\w\weixinxb\wwwroot\data\Conf\logs\Cache\User\df11d88fe977022c8cd0c68d110b9a4a.php 第 464 行.
NOTIC: [8] Undefined variable: vo E:\home\ftp\w\weixinxb\wwwroot\data\Conf\logs\Cache\User\df11d88fe977022c8cd0c68d110b9a4a.php 第 469 行.
NOTIC: [8] Undefined variable: vo E:\home\ftp\w\weixinxb\wwwroot\data\Conf\logs\Cache\User\df11d88fe977022c8cd0c68d110b9a4a.php 第 474 行.
NOTIC: [8] Undefined variable: vo E:\home\ftp\w\weixinxb\wwwroot\data\Conf\logs\Cache\User\df11d88fe977022c8cd0c68d110b9a4a.php 第 479 行.
NOTIC: [8] Undefined variable: vo E:\home\ftp\w\weixinxb\wwwroot\data\Conf\logs\Cache\User\df11d88fe977022c8cd0c68d110b9a4a.php 第 484 行.
NOTIC: [8] Undefined variable: vo E:\home\ftp\w\weixinxb\wwwroot\data\Conf\logs\Cache\User\df11d88fe977022c8cd0c68d110b9a4a.php 第 490 行.
NOTIC: [8] Undefined variable: vo E:\home\ftp\w\weixinxb\wwwroot\data\Conf\logs\Cache\User\df11d88fe977022c8cd0c68d110b9a4a.php 第 495 行.
NOTIC: [8] Undefined variable: vo E:\home\ftp\w\weixinxb\wwwroot\data\Conf\logs\Cache\User\df11d88fe977022c8cd0c68d110b9a4a.php 第 501 行.
NOTIC: [8] Undefined variable: vo E:\home\ftp\w\weixinxb\wwwroot\data\Conf\logs\Cache\User\df11d88fe977022c8cd0c68d110b9a4a.php 第 506 行.
NOTIC: [8] Undefined variable: vo E:\home\ftp\w\weixinxb\wwwroot\data\Conf\logs\Cache\User\df11d88fe977022c8cd0c68d110b9a4a.php 第 512 行.
NOTIC: [8] Undefined variable: vo E:\home\ftp\w\weixinxb\wwwroot\data\Conf\logs\Cache\User\df11d88fe977022c8cd0c68d110b9a4a.php 第 520 行.
NOTIC: [8] Undefined variable: vo E:\home\ftp\w\weixinxb\wwwroot\data\Conf\logs\Cache\User\df11d88fe977022c8cd0c68d110b9a4a.php 第 524 行.
NOTIC: [8] Undefined variable: vo E:\home\ftp\w\weixinxb\wwwroot\data\Conf\logs\Cache\User\df11d88fe977022c8cd0c68d110b9a4a.php 第 529 行.
NOTIC: [8] Undefined variable: vo E:\home\ftp\w\weixinxb\wwwroot\data\Conf\logs\Cache\User\df11d88fe977022c8cd0c68d110b9a4a.php 第 529 行.
NOTIC: [8] Undefined variable: vo E:\home\ftp\w\weixinxb\wwwroot\data\Conf\logs\Cache\User\df11d88fe977022c8cd0c68d110b9a4a.php 第 533 行.
NOTIC: [8] Undefined variable: vo E:\home\ftp\w\weixinxb\wwwroot\data\Conf\logs\Cache\User\df11d88fe977022c8cd0c68d110b9a4a.php 第 533 行.
INFO: Run ParseTemplate Behavior [ RunTime:-0.022340s ]
INFO: [ view_parse ] --END-- [ RunTime:0.066548s ]
INFO: [ view_filter ] --START--
INFO: Run ContentReplace Behavior [ RunTime:-0.089010s ]
INFO: Run TokenBuild Behavior [ RunTime:-0.090040s ]
INFO: Run WriteHtmlCache Behavior [ RunTime:-0.091003s ]
INFO: Run ShowRuntime Behavior [ RunTime:-0.091455s ]
INFO: [ view_filter ] --END-- [ RunTime:0.003342s ]
INFO: [ view_end ] --START--
INFO: Run ShowPageTrace Behavior [ RunTime:-0.092508s ]
INFO: [ view_end ] --END-- [ RunTime:0.001049s ]

[ 2013-12-11T23:53:47+08:00 ] 110.243.54.122 /index.php?g=User&m=Product&a=index&token=gdmlwn1386769141
INFO: [ app_begin ] --START--
INFO: Run ReadHtmlCache Behavior [ RunTime:0.000610s ]
INFO: [ app_begin ] --END-- [ RunTime:0.000712s ]
NOTIC: [2] Cannot use a scalar value as an array E:\home\ftp\w\weixinxb\wwwroot\Lib\Core\Action.class.php 第 206 行.
SQL: SHOW COLUMNS FROM `tp_user_group` [ RunTime:0.001064s ]
SQL: SELECT * FROM `tp_user_group` WHERE ( `id` = 4 ) LIMIT 1   [ RunTime:0.000258s ]
SQL: SHOW COLUMNS FROM `tp_users` [ RunTime:0.001044s ]
SQL: SELECT * FROM `tp_users` WHERE ( `id` = 32 ) LIMIT 1   [ RunTime:0.000281s ]
SQL: SHOW COLUMNS FROM `tp_wxuser` [ RunTime:0.001095s ]
SQL: SELECT `wxname`,`wxid`,`headerpic`,`weixin` FROM `tp_wxuser` WHERE ( `token` = 'gdmlwn1386769141' ) AND ( `uid` = 32 ) LIMIT 1   [ RunTime:0.000291s ]
SQL: SHOW COLUMNS FROM `tp_token_open` [ RunTime:0.000901s ]
SQL: SELECT `queryname` FROM `tp_token_open` WHERE ( `token` = 'gdmlwn1386769141' ) LIMIT 1   [ RunTime:0.000206s ]
NOTIC: [8] Undefined index:  catid E:\home\ftp\w\weixinxb\wwwroot\Lanrain\Lib\Action\User\ProductAction.class.php 第 23 行.
SQL: SHOW COLUMNS FROM `tp_product` [ RunTime:0.010461s ]
SQL: SHOW COLUMNS FROM `tp_product_cat` [ RunTime:0.002507s ]
SQL: SELECT COUNT(*) AS tp_count FROM `tp_product` WHERE ( `token` = 'gdmlwn1386769141' ) AND ( `dining` = 0 ) AND ( `groupon` <> 1 ) LIMIT 1   [ RunTime:0.000362s ]
SQL: SELECT * FROM `tp_product` WHERE ( `token` = 'gdmlwn1386769141' ) AND ( `dining` = 0 ) AND ( `groupon` <> 1 ) ORDER BY id desc LIMIT 0,20   [ RunTime:0.000425s ]
INFO: [ view_template ] --START--
INFO: Run LocationTemplate Behavior [ RunTime:-0.063421s ]
INFO: [ view_template ] --END-- [ RunTime:0.000842s ]
INFO: [ view_parse ] --START--
INFO: Run ParseTemplate Behavior [ RunTime:-0.064320s ]
INFO: [ view_parse ] --END-- [ RunTime:0.053717s ]
INFO: [ view_filter ] --START--
INFO: Run ContentReplace Behavior [ RunTime:-0.118136s ]
INFO: Run TokenBuild Behavior [ RunTime:-0.118910s ]
INFO: Run WriteHtmlCache Behavior [ RunTime:-0.119671s ]
INFO: Run ShowRuntime Behavior [ RunTime:-0.120033s ]
INFO: [ view_filter ] --END-- [ RunTime:0.002714s ]
INFO: [ view_end ] --START--
INFO: Run ShowPageTrace Behavior [ RunTime:-0.120996s ]
INFO: [ view_end ] --END-- [ RunTime:0.000960s ]

[ 2013-12-11T23:53:53+08:00 ] 110.243.54.122 /index.php?g=User&m=Lottery&a=index&token=gdmlwn1386769141
INFO: [ app_begin ] --START--
INFO: Run ReadHtmlCache Behavior [ RunTime:0.000799s ]
INFO: [ app_begin ] --END-- [ RunTime:0.000950s ]
NOTIC: [2] Cannot use a scalar value as an array E:\home\ftp\w\weixinxb\wwwroot\Lib\Core\Action.class.php 第 206 行.
SQL: SHOW COLUMNS FROM `tp_user_group` [ RunTime:0.001185s ]
SQL: SELECT * FROM `tp_user_group` WHERE ( `id` = 4 ) LIMIT 1   [ RunTime:0.000205s ]
SQL: SHOW COLUMNS FROM `tp_users` [ RunTime:0.001167s ]
SQL: SELECT * FROM `tp_users` WHERE ( `id` = 32 ) LIMIT 1   [ RunTime:0.000316s ]
SQL: SHOW COLUMNS FROM `tp_wxuser` [ RunTime:0.001092s ]
SQL: SELECT `wxname`,`wxid`,`headerpic`,`weixin` FROM `tp_wxuser` WHERE ( `token` = 'gdmlwn1386769141' ) AND ( `uid` = 32 ) LIMIT 1   [ RunTime:0.000274s ]
SQL: SELECT `gid`,`activitynum` FROM `tp_users` WHERE ( `id` = 32 ) LIMIT 1   [ RunTime:0.000171s ]
SQL: SELECT * FROM `tp_user_group` WHERE ( `id` = 4 ) LIMIT 1   [ RunTime:0.000175s ]
SQL: SHOW COLUMNS FROM `tp_lottery` [ RunTime:0.001417s ]
SQL: SELECT * FROM `tp_lottery` WHERE ( `token` = 'gdmlwn1386769141' ) AND ( `type` = 1 )  [ RunTime:0.000388s ]
SQL: SELECT COUNT(*) AS tp_count FROM `tp_lottery` WHERE ( `token` = 'gdmlwn1386769141' ) AND ( `type` = 1 ) LIMIT 1   [ RunTime:0.000264s ]
INFO: [ view_template ] --START--
INFO: Run LocationTemplate Behavior [ RunTime:-0.023888s ]
INFO: [ view_template ] --END-- [ RunTime:0.000583s ]
INFO: [ view_parse ] --START--
INFO: Run ParseTemplate Behavior [ RunTime:-0.024512s ]
INFO: [ view_parse ] --END-- [ RunTime:0.046561s ]
INFO: [ view_filter ] --START--
INFO: Run ContentReplace Behavior [ RunTime:-0.071161s ]
INFO: Run TokenBuild Behavior [ RunTime:-0.071812s ]
INFO: Run WriteHtmlCache Behavior [ RunTime:-0.072402s ]
INFO: Run ShowRuntime Behavior [ RunTime:-0.072739s ]
INFO: [ view_filter ] --END-- [ RunTime:0.002203s ]
INFO: [ view_end ] --START--
INFO: Run ShowPageTrace Behavior [ RunTime:-0.073442s ]
INFO: [ view_end ] --END-- [ RunTime:0.000809s ]

[ 2013-12-11T23:54:16+08:00 ] 114.254.77.172 /index.php?g=User&m=Function&a=index&token=gdmlwn1386769141&id=58
INFO: [ app_begin ] --START--
INFO: Run ReadHtmlCache Behavior [ RunTime:0.000923s ]
INFO: [ app_begin ] --END-- [ RunTime:0.001083s ]
NOTIC: [8] session_start() [<a href='function.session-start'>function.session-start</a>]: ps_files_cleanup_dir: opendir(c:\windows\temp) failed: No such file or directory (2) E:\home\ftp\w\weixinxb\wwwroot\Common\functions.php 第 526 行.
NOTIC: [2] Cannot use a scalar value as an array E:\home\ftp\w\weixinxb\wwwroot\Lib\Core\Action.class.php 第 206 行.
SQL: SHOW COLUMNS FROM `tp_user_group` [ RunTime:0.001368s ]
SQL: SELECT * FROM `tp_user_group` WHERE ( `id` = 4 ) LIMIT 1   [ RunTime:0.000297s ]
SQL: SHOW COLUMNS FROM `tp_users` [ RunTime:0.001482s ]
SQL: SELECT * FROM `tp_users` WHERE ( `id` = 32 ) LIMIT 1   [ RunTime:0.000297s ]
SQL: SHOW COLUMNS FROM `tp_wxuser` [ RunTime:0.001228s ]
SQL: SELECT `wxname`,`wxid`,`headerpic`,`weixin` FROM `tp_wxuser` WHERE ( `token` = 'gdmlwn1386769141' ) AND ( `uid` = 32 ) LIMIT 1   [ RunTime:0.000285s ]
SQL: SELECT * FROM `tp_wxuser` WHERE ( `id` = 58 ) LIMIT 1   [ RunTime:0.000275s ]
SQL: SHOW COLUMNS FROM `tp_token_open` [ RunTime:0.001147s ]
SQL: SELECT `id`,`queryname` FROM `tp_token_open` WHERE ( `token` = 'gdmlwn1386769141' ) AND ( `uid` = 32 ) LIMIT 1   [ RunTime:0.000293s ]
SQL: SELECT `id`,`name` FROM `tp_user_group` WHERE status=1  [ RunTime:0.000208s ]
SQL: SHOW COLUMNS FROM `tp_function` [ RunTime:0.001078s ]
SQL: SELECT * FROM `tp_function` WHERE ( `status` = 1 ) AND ( `gid` = 1 )  [ RunTime:0.000346s ]
SQL: SELECT * FROM `tp_function` WHERE ( `status` = 1 ) AND ( `gid` = 2 )  [ RunTime:0.000312s ]
SQL: SELECT * FROM `tp_function` WHERE ( `status` = 1 ) AND ( `gid` = 3 )  [ RunTime:0.000284s ]
SQL: SELECT * FROM `tp_function` WHERE ( `status` = 1 ) AND ( `gid` = 4 )  [ RunTime:0.000317s ]
SQL: SELECT `wxname`,`wxid`,`headerpic`,`weixin` FROM `tp_wxuser` WHERE ( `token` = 'gdmlwn1386769141' ) AND ( `uid` = 32 ) LIMIT 1   [ RunTime:0.000274s ]
INFO: [ view_template ] --START--
INFO: Run LocationTemplate Behavior [ RunTime:-0.033290s ]
INFO: [ view_template ] --END-- [ RunTime:0.000448s ]
INFO: [ view_parse ] --START--
INFO: Run ParseTemplate Behavior [ RunTime:-0.033800s ]
INFO: [ view_parse ] --END-- [ RunTime:0.046764s ]
INFO: [ view_filter ] --START--
INFO: Run ContentReplace Behavior [ RunTime:-0.080669s ]
INFO: Run TokenBuild Behavior [ RunTime:-0.081329s ]
INFO: Run WriteHtmlCache Behavior [ RunTime:-0.081907s ]
INFO: Run ShowRuntime Behavior [ RunTime:-0.082200s ]
INFO: [ view_filter ] --END-- [ RunTime:0.002137s ]
INFO: [ view_end ] --START--
INFO: Run ShowPageTrace Behavior [ RunTime:-0.082883s ]
INFO: [ view_end ] --END-- [ RunTime:0.000676s ]

[ 2013-12-11T23:55:07+08:00 ] 110.243.54.122 /index.php?g=User&m=Lottery&a=index&token=gdmlwn1386769141
INFO: [ app_begin ] --START--
INFO: Run ReadHtmlCache Behavior [ RunTime:0.000615s ]
INFO: [ app_begin ] --END-- [ RunTime:0.000712s ]
NOTIC: [2] Cannot use a scalar value as an array E:\home\ftp\w\weixinxb\wwwroot\Lib\Core\Action.class.php 第 206 行.
SQL: SHOW COLUMNS FROM `tp_user_group` [ RunTime:0.001158s ]
SQL: SELECT * FROM `tp_user_group` WHERE ( `id` = 4 ) LIMIT 1   [ RunTime:0.000246s ]
SQL: SHOW COLUMNS FROM `tp_users` [ RunTime:0.001077s ]
SQL: SELECT * FROM `tp_users` WHERE ( `id` = 32 ) LIMIT 1   [ RunTime:0.000254s ]
SQL: SHOW COLUMNS FROM `tp_wxuser` [ RunTime:0.001219s ]
SQL: SELECT `wxname`,`wxid`,`headerpic`,`weixin` FROM `tp_wxuser` WHERE ( `token` = 'gdmlwn1386769141' ) AND ( `uid` = 32 ) LIMIT 1   [ RunTime:0.000269s ]
SQL: SELECT `gid`,`activitynum` FROM `tp_users` WHERE ( `id` = 32 ) LIMIT 1   [ RunTime:0.000189s ]
SQL: SELECT * FROM `tp_user_group` WHERE ( `id` = 4 ) LIMIT 1   [ RunTime:0.000176s ]
SQL: SHOW COLUMNS FROM `tp_lottery` [ RunTime:0.001259s ]
SQL: SELECT * FROM `tp_lottery` WHERE ( `token` = 'gdmlwn1386769141' ) AND ( `type` = 1 )  [ RunTime:0.000372s ]
SQL: SELECT COUNT(*) AS tp_count FROM `tp_lottery` WHERE ( `token` = 'gdmlwn1386769141' ) AND ( `type` = 1 ) LIMIT 1   [ RunTime:0.000255s ]
INFO: [ view_template ] --START--
INFO: Run LocationTemplate Behavior [ RunTime:-0.024575s ]
INFO: [ view_template ] --END-- [ RunTime:0.000450s ]
INFO: [ view_parse ] --START--
INFO: Run ParseTemplate Behavior [ RunTime:-0.025081s ]
INFO: [ view_parse ] --END-- [ RunTime:0.047261s ]
INFO: [ view_filter ] --START--
INFO: Run ContentReplace Behavior [ RunTime:-0.072406s ]
INFO: Run TokenBuild Behavior [ RunTime:-0.073002s ]
INFO: Run WriteHtmlCache Behavior [ RunTime:-0.073562s ]
INFO: Run ShowRuntime Behavior [ RunTime:-0.073906s ]
INFO: [ view_filter ] --END-- [ RunTime:0.002123s ]
INFO: [ view_end ] --START--
INFO: Run ShowPageTrace Behavior [ RunTime:-0.074620s ]
INFO: [ view_end ] --END-- [ RunTime:0.000755s ]

[ 2013-12-11T23:55:08+08:00 ] 110.243.54.122 /index.php?g=User&m=Lottery&a=add
INFO: [ app_begin ] --START--
INFO: Run ReadHtmlCache Behavior [ RunTime:0.000685s ]
INFO: [ app_begin ] --END-- [ RunTime:0.000796s ]
NOTIC: [2] Cannot use a scalar value as an array E:\home\ftp\w\weixinxb\wwwroot\Lib\Core\Action.class.php 第 206 行.
SQL: SHOW COLUMNS FROM `tp_user_group` [ RunTime:0.001159s ]
SQL: SELECT * FROM `tp_user_group` WHERE ( `id` = 4 ) LIMIT 1   [ RunTime:0.000267s ]
SQL: SHOW COLUMNS FROM `tp_users` [ RunTime:0.001336s ]
SQL: SELECT * FROM `tp_users` WHERE ( `id` = 32 ) LIMIT 1   [ RunTime:0.000233s ]
SQL: SHOW COLUMNS FROM `tp_wxuser` [ RunTime:0.001109s ]
SQL: SELECT `wxname`,`wxid`,`headerpic`,`weixin` FROM `tp_wxuser` WHERE ( `token` = 'gdmlwn1386769141' ) AND ( `uid` = 32 ) LIMIT 1   [ RunTime:0.000236s ]
INFO: [ view_template ] --START--
INFO: Run LocationTemplate Behavior [ RunTime:-0.020594s ]
INFO: [ view_template ] --END-- [ RunTime:0.000575s ]
INFO: [ view_parse ] --START--
NOTIC: [8] Undefined variable: vo E:\home\ftp\w\weixinxb\wwwroot\data\Conf\logs\Cache\User\df11d88fe977022c8cd0c68d110b9a4a.php 第 360 行.
NOTIC: [8] Undefined variable: vo E:\home\ftp\w\weixinxb\wwwroot\data\Conf\logs\Cache\User\df11d88fe977022c8cd0c68d110b9a4a.php 第 365 行.
NOTIC: [8] Undefined variable: vo E:\home\ftp\w\weixinxb\wwwroot\data\Conf\logs\Cache\User\df11d88fe977022c8cd0c68d110b9a4a.php 第 376 行.
NOTIC: [8] Undefined variable: vo E:\home\ftp\w\weixinxb\wwwroot\data\Conf\logs\Cache\User\df11d88fe977022c8cd0c68d110b9a4a.php 第 383 行.
NOTIC: [8] Undefined variable: vo E:\home\ftp\w\weixinxb\wwwroot\data\Conf\logs\Cache\User\df11d88fe977022c8cd0c68d110b9a4a.php 第 389 行.
NOTIC: [8] Undefined variable: vo E:\home\ftp\w\weixinxb\wwwroot\data\Conf\logs\Cache\User\df11d88fe977022c8cd0c68d110b9a4a.php 第 394 行.
NOTIC: [8] Undefined variable: vo E:\home\ftp\w\weixinxb\wwwroot\data\Conf\logs\Cache\User\df11d88fe977022c8cd0c68d110b9a4a.php 第 396 行.
NOTIC: [8] Undefined variable: vo E:\home\ftp\w\weixinxb\wwwroot\data\Conf\logs\Cache\User\df11d88fe977022c8cd0c68d110b9a4a.php 第 401 行.
NOTIC: [8] Undefined variable: vo E:\home\ftp\w\weixinxb\wwwroot\data\Conf\logs\Cache\User\df11d88fe977022c8cd0c68d110b9a4a.php 第 407 行.
NOTIC: [8] Undefined variable: vo E:\home\ftp\w\weixinxb\wwwroot\data\Conf\logs\Cache\User\df11d88fe977022c8cd0c68d110b9a4a.php 第 425 行.
NOTIC: [8] Undefined variable: vo E:\home\ftp\w\weixinxb\wwwroot\data\Conf\logs\Cache\User\df11d88fe977022c8cd0c68d110b9a4a.php 第 428 行.
NOTIC: [8] Undefined variable: vo E:\home\ftp\w\weixinxb\wwwroot\data\Conf\logs\Cache\User\df11d88fe977022c8cd0c68d110b9a4a.php 第 435 行.
NOTIC: [8] Undefined variable: vo E:\home\ftp\w\weixinxb\wwwroot\data\Conf\logs\Cache\User\df11d88fe977022c8cd0c68d110b9a4a.php 第 453 行.
NOTIC: [8] Undefined variable: vo E:\home\ftp\w\weixinxb\wwwroot\data\Conf\logs\Cache\User\df11d88fe977022c8cd0c68d110b9a4a.php 第 459 行.
NOTIC: [8] Undefined variable: vo E:\home\ftp\w\weixinxb\wwwroot\data\Conf\logs\Cache\User\df11d88fe977022c8cd0c68d110b9a4a.php 第 464 行.
NOTIC: [8] Undefined variable: vo E:\home\ftp\w\weixinxb\wwwroot\data\Conf\logs\Cache\User\df11d88fe977022c8cd0c68d110b9a4a.php 第 469 行.
NOTIC: [8] Undefined variable: vo E:\home\ftp\w\weixinxb\wwwroot\data\Conf\logs\Cache\User\df11d88fe977022c8cd0c68d110b9a4a.php 第 474 行.
NOTIC: [8] Undefined variable: vo E:\home\ftp\w\weixinxb\wwwroot\data\Conf\logs\Cache\User\df11d88fe977022c8cd0c68d110b9a4a.php 第 479 行.
NOTIC: [8] Undefined variable: vo E:\home\ftp\w\weixinxb\wwwroot\data\Conf\logs\Cache\User\df11d88fe977022c8cd0c68d110b9a4a.php 第 484 行.
NOTIC: [8] Undefined variable: vo E:\home\ftp\w\weixinxb\wwwroot\data\Conf\logs\Cache\User\df11d88fe977022c8cd0c68d110b9a4a.php 第 490 行.
NOTIC: [8] Undefined variable: vo E:\home\ftp\w\weixinxb\wwwroot\data\Conf\logs\Cache\User\df11d88fe977022c8cd0c68d110b9a4a.php 第 495 行.
NOTIC: [8] Undefined variable: vo E:\home\ftp\w\weixinxb\wwwroot\data\Conf\logs\Cache\User\df11d88fe977022c8cd0c68d110b9a4a.php 第 501 行.
NOTIC: [8] Undefined variable: vo E:\home\ftp\w\weixinxb\wwwroot\data\Conf\logs\Cache\User\df11d88fe977022c8cd0c68d110b9a4a.php 第 506 行.
NOTIC: [8] Undefined variable: vo E:\home\ftp\w\weixinxb\wwwroot\data\Conf\logs\Cache\User\df11d88fe977022c8cd0c68d110b9a4a.php 第 512 行.
NOTIC: [8] Undefined variable: vo E:\home\ftp\w\weixinxb\wwwroot\data\Conf\logs\Cache\User\df11d88fe977022c8cd0c68d110b9a4a.php 第 520 行.
NOTIC: [8] Undefined variable: vo E:\home\ftp\w\weixinxb\wwwroot\data\Conf\logs\Cache\User\df11d88fe977022c8cd0c68d110b9a4a.php 第 524 行.
NOTIC: [8] Undefined variable: vo E:\home\ftp\w\weixinxb\wwwroot\data\Conf\logs\Cache\User\df11d88fe977022c8cd0c68d110b9a4a.php 第 529 行.
NOTIC: [8] Undefined variable: vo E:\home\ftp\w\weixinxb\wwwroot\data\Conf\logs\Cache\User\df11d88fe977022c8cd0c68d110b9a4a.php 第 529 行.
NOTIC: [8] Undefined variable: vo E:\home\ftp\w\weixinxb\wwwroot\data\Conf\logs\Cache\User\df11d88fe977022c8cd0c68d110b9a4a.php 第 533 行.
NOTIC: [8] Undefined variable: vo E:\home\ftp\w\weixinxb\wwwroot\data\Conf\logs\Cache\User\df11d88fe977022c8cd0c68d110b9a4a.php 第 533 行.
INFO: Run ParseTemplate Behavior [ RunTime:-0.021215s ]
INFO: [ view_parse ] --END-- [ RunTime:0.049032s ]
INFO: [ view_filter ] --START--
INFO: Run ContentReplace Behavior [ RunTime:-0.070315s ]
INFO: Run TokenBuild Behavior [ RunTime:-0.070965s ]
INFO: Run WriteHtmlCache Behavior [ RunTime:-0.071626s ]
INFO: Run ShowRuntime Behavior [ RunTime:-0.072014s ]
INFO: [ view_filter ] --END-- [ RunTime:0.002285s ]
INFO: [ view_end ] --START--
INFO: Run ShowPageTrace Behavior [ RunTime:-0.072692s ]
INFO: [ view_end ] --END-- [ RunTime:0.000717s ]

[ 2013-12-11T23:56:25+08:00 ] 110.243.54.122 /index.php?g=User&m=Taobao&a=index&token=gdmlwn1386769141
INFO: [ app_begin ] --START--
INFO: Run ReadHtmlCache Behavior [ RunTime:0.001260s ]
INFO: [ app_begin ] --END-- [ RunTime:0.001390s ]
NOTIC: [2] Cannot use a scalar value as an array E:\home\ftp\w\weixinxb\wwwroot\Lib\Core\Action.class.php 第 206 行.
SQL: SHOW COLUMNS FROM `tp_user_group` [ RunTime:0.000990s ]
SQL: SELECT * FROM `tp_user_group` WHERE ( `id` = 4 ) LIMIT 1   [ RunTime:0.000202s ]
SQL: SHOW COLUMNS FROM `tp_users` [ RunTime:0.000943s ]
SQL: SELECT * FROM `tp_users` WHERE ( `id` = 32 ) LIMIT 1   [ RunTime:0.000192s ]
SQL: SHOW COLUMNS FROM `tp_wxuser` [ RunTime:0.001024s ]
SQL: SELECT `wxname`,`wxid`,`headerpic`,`weixin` FROM `tp_wxuser` WHERE ( `token` = 'gdmlwn1386769141' ) AND ( `uid` = 32 ) LIMIT 1   [ RunTime:0.000216s ]
SQL: SHOW COLUMNS FROM `tp_token_open` [ RunTime:0.000797s ]
SQL: SELECT `queryname` FROM `tp_token_open` WHERE ( `token` = 'gdmlwn1386769141' ) LIMIT 1   [ RunTime:0.000238s ]
SQL: SHOW COLUMNS FROM `tp_taobao` [ RunTime:0.008520s ]
SQL: SELECT * FROM `tp_taobao` WHERE ( `token` = 'gdmlwn1386769141' ) LIMIT 1   [ RunTime:0.000269s ]
INFO: [ view_template ] --START--
INFO: Run LocationTemplate Behavior [ RunTime:-0.042166s ]
INFO: [ view_template ] --END-- [ RunTime:0.001588s ]
INFO: [ view_parse ] --START--
INFO: Run ParseTemplate Behavior [ RunTime:-0.043843s ]
INFO: [ view_parse ] --END-- [ RunTime:0.054086s ]
INFO: [ view_filter ] --START--
INFO: Run ContentReplace Behavior [ RunTime:-0.097990s ]
INFO: Run TokenBuild Behavior [ RunTime:-0.098835s ]
INFO: Run WriteHtmlCache Behavior [ RunTime:-0.099833s ]
INFO: Run ShowRuntime Behavior [ RunTime:-0.100432s ]
INFO: [ view_filter ] --END-- [ RunTime:0.003334s ]
INFO: [ view_end ] --START--
INFO: Run ShowPageTrace Behavior [ RunTime:-0.101409s ]
INFO: [ view_end ] --END-- [ RunTime:0.001002s ]

[ 2013-12-11T23:56:28+08:00 ] 110.243.54.122 /index.php?g=User&m=Member_card&a=index&token=gdmlwn1386769141
INFO: [ app_begin ] --START--
INFO: Run ReadHtmlCache Behavior [ RunTime:0.000605s ]
INFO: [ app_begin ] --END-- [ RunTime:0.000702s ]
NOTIC: [2] Cannot use a scalar value as an array E:\home\ftp\w\weixinxb\wwwroot\Lib\Core\Action.class.php 第 206 行.
SQL: SHOW COLUMNS FROM `tp_user_group` [ RunTime:0.001091s ]
SQL: SELECT * FROM `tp_user_group` WHERE ( `id` = 4 ) LIMIT 1   [ RunTime:0.000230s ]
SQL: SHOW COLUMNS FROM `tp_users` [ RunTime:0.001019s ]
SQL: SELECT * FROM `tp_users` WHERE ( `id` = 32 ) LIMIT 1   [ RunTime:0.000266s ]
SQL: SHOW COLUMNS FROM `tp_wxuser` [ RunTime:0.001068s ]
SQL: SELECT `wxname`,`wxid`,`headerpic`,`weixin` FROM `tp_wxuser` WHERE ( `token` = 'gdmlwn1386769141' ) AND ( `uid` = 32 ) LIMIT 1   [ RunTime:0.000273s ]
SQL: SELECT * FROM `tp_wxuser` WHERE ( `token` = 'gdmlwn1386769141' ) LIMIT 1   [ RunTime:0.000220s ]
SQL: SELECT * FROM `tp_users` WHERE ( `id` = 32 ) LIMIT 1   [ RunTime:0.000233s ]
SQL: SELECT * FROM `tp_user_group` WHERE ( `id` = 4 ) LIMIT 1   [ RunTime:0.000191s ]
SQL: UPDATE `tp_wxuser` SET `allcardnum`=100 WHERE ( `token` = 'gdmlwn1386769141' ) [ RunTime:0.000322s ]
SQL: UPDATE `tp_wxuser` SET `cardisok`=1 WHERE ( `uid` = 32 ) AND ( `token` = 'gdmlwn1386769141' ) [ RunTime:0.000220s ]
SQL: SHOW COLUMNS FROM `tp_token_open` [ RunTime:0.001033s ]
SQL: SELECT `queryname` FROM `tp_token_open` WHERE ( `token` = 'gdmlwn1386769141' ) LIMIT 1   [ RunTime:0.000291s ]
SQL: SHOW COLUMNS FROM `tp_member_card_set` [ RunTime:0.036925s ]
SQL: SELECT * FROM `tp_member_card_set` WHERE ( `token` = 'gdmlwn1386769141' ) LIMIT 1   [ RunTime:0.000337s ]
INFO: [ view_template ] --START--
INFO: Run LocationTemplate Behavior [ RunTime:-0.063353s ]
INFO: [ view_template ] --END-- [ RunTime:0.000836s ]
INFO: [ view_parse ] --START--
INFO: Run ParseTemplate Behavior [ RunTime:-0.064269s ]
INFO: [ view_parse ] --END-- [ RunTime:0.197185s ]
INFO: [ view_filter ] --START--
INFO: Run ContentReplace Behavior [ RunTime:-0.261528s ]
INFO: Run TokenBuild Behavior [ RunTime:-0.262149s ]
INFO: Run WriteHtmlCache Behavior [ RunTime:-0.262801s ]
INFO: Run ShowRuntime Behavior [ RunTime:-0.263114s ]
INFO: [ view_filter ] --END-- [ RunTime:0.002225s ]
INFO: [ view_end ] --START--
INFO: Run ShowPageTrace Behavior [ RunTime:-0.263841s ]
INFO: [ view_end ] --END-- [ RunTime:0.000696s ]

[ 2013-12-11T23:56:39+08:00 ] 110.243.54.122 /index.php?g=User&m=Member_card&a=exchange&token=gdmlwn1386769141
INFO: [ app_begin ] --START--
INFO: Run ReadHtmlCache Behavior [ RunTime:0.000703s ]
INFO: [ app_begin ] --END-- [ RunTime:0.000803s ]
NOTIC: [2] Cannot use a scalar value as an array E:\home\ftp\w\weixinxb\wwwroot\Lib\Core\Action.class.php 第 206 行.
SQL: SHOW COLUMNS FROM `tp_user_group` [ RunTime:0.001058s ]
SQL: SELECT * FROM `tp_user_group` WHERE ( `id` = 4 ) LIMIT 1   [ RunTime:0.000368s ]
SQL: SHOW COLUMNS FROM `tp_users` [ RunTime:0.001376s ]
SQL: SELECT * FROM `tp_users` WHERE ( `id` = 32 ) LIMIT 1   [ RunTime:0.000249s ]
SQL: SHOW COLUMNS FROM `tp_wxuser` [ RunTime:0.001380s ]
SQL: SELECT `wxname`,`wxid`,`headerpic`,`weixin` FROM `tp_wxuser` WHERE ( `token` = 'gdmlwn1386769141' ) AND ( `uid` = 32 ) LIMIT 1   [ RunTime:0.000292s ]
SQL: SELECT * FROM `tp_wxuser` WHERE ( `token` = 'gdmlwn1386769141' ) LIMIT 1   [ RunTime:0.000259s ]
SQL: SELECT * FROM `tp_users` WHERE ( `id` = 32 ) LIMIT 1   [ RunTime:0.000277s ]
SQL: SELECT * FROM `tp_user_group` WHERE ( `id` = 4 ) LIMIT 1   [ RunTime:0.000251s ]
SQL: UPDATE `tp_wxuser` SET `allcardnum`=100 WHERE ( `token` = 'gdmlwn1386769141' ) [ RunTime:0.000259s ]
SQL: UPDATE `tp_wxuser` SET `cardisok`=1 WHERE ( `uid` = 32 ) AND ( `token` = 'gdmlwn1386769141' ) [ RunTime:0.000257s ]
SQL: SHOW COLUMNS FROM `tp_member_card_exchange` [ RunTime:0.046367s ]
SQL: SELECT * FROM `tp_member_card_exchange` WHERE ( `token` = 'gdmlwn1386769141' ) LIMIT 1   [ RunTime:0.012965s ]
INFO: [ view_template ] --START--
INFO: Run LocationTemplate Behavior [ RunTime:-0.085009s ]
INFO: [ view_template ] --END-- [ RunTime:0.001129s ]
INFO: [ view_parse ] --START--
INFO: Run ParseTemplate Behavior [ RunTime:-0.086207s ]
INFO: [ view_parse ] --END-- [ RunTime:0.062836s ]
INFO: [ view_filter ] --START--
INFO: Run ContentReplace Behavior [ RunTime:-0.149134s ]
INFO: Run TokenBuild Behavior [ RunTime:-0.149881s ]
INFO: Run WriteHtmlCache Behavior [ RunTime:-0.150744s ]
INFO: Run ShowRuntime Behavior [ RunTime:-0.151175s ]
INFO: [ view_filter ] --END-- [ RunTime:0.002921s ]
INFO: [ view_end ] --START--
INFO: Run ShowPageTrace Behavior [ RunTime:-0.152197s ]
INFO: [ view_end ] --END-- [ RunTime:0.001056s ]

[ 2013-12-11T23:56:48+08:00 ] 110.243.54.122 /index.php?g=User&m=Member&a=index&token=gdmlwn1386769141
INFO: [ app_begin ] --START--
INFO: Run ReadHtmlCache Behavior [ RunTime:0.000776s ]
INFO: [ app_begin ] --END-- [ RunTime:0.000885s ]
NOTIC: [2] Cannot use a scalar value as an array E:\home\ftp\w\weixinxb\wwwroot\Lib\Core\Action.class.php 第 206 行.
SQL: SHOW COLUMNS FROM `tp_user_group` [ RunTime:0.001006s ]
SQL: SELECT * FROM `tp_user_group` WHERE ( `id` = 4 ) LIMIT 1   [ RunTime:0.000232s ]
SQL: SHOW COLUMNS FROM `tp_users` [ RunTime:0.000969s ]
SQL: SELECT * FROM `tp_users` WHERE ( `id` = 32 ) LIMIT 1   [ RunTime:0.000191s ]
SQL: SHOW COLUMNS FROM `tp_wxuser` [ RunTime:0.001147s ]
SQL: SELECT `wxname`,`wxid`,`headerpic`,`weixin` FROM `tp_wxuser` WHERE ( `token` = 'gdmlwn1386769141' ) AND ( `uid` = 32 ) LIMIT 1   [ RunTime:0.000209s ]
SQL: SHOW COLUMNS FROM `tp_member` [ RunTime:0.014388s ]
SQL: SELECT `homepic` FROM `tp_member` WHERE ( `token` = 'gdmlwn1386769141' ) AND ( `uid` = 32 ) LIMIT 1   [ RunTime:0.000191s ]
SQL: SHOW COLUMNS FROM `tp_userinfo` [ RunTime:0.010970s ]
SQL: SELECT * FROM `tp_userinfo` WHERE ( `token` = 'gdmlwn1386769141' )  [ RunTime:0.000782s ]
SQL: SHOW COLUMNS FROM `tp_member_card_sign` [ RunTime:0.010591s ]
SQL: SELECT * FROM `tp_member_card_sign` WHERE ( `token` = 'gdmlwn1386769141' )  [ RunTime:0.002023s ]
INFO: [ view_template ] --START--
INFO: Run LocationTemplate Behavior [ RunTime:-0.060257s ]
INFO: [ view_template ] --END-- [ RunTime:0.000905s ]
INFO: [ view_parse ] --START--
INFO: Run ParseTemplate Behavior [ RunTime:-0.061330s ]
INFO: [ view_parse ] --END-- [ RunTime:0.046646s ]
INFO: [ view_filter ] --START--
INFO: Run ContentReplace Behavior [ RunTime:-0.107997s ]
INFO: Run TokenBuild Behavior [ RunTime:-0.108531s ]
INFO: Run WriteHtmlCache Behavior [ RunTime:-0.109216s ]
INFO: Run ShowRuntime Behavior [ RunTime:-0.109520s ]
INFO: [ view_filter ] --END-- [ RunTime:0.002272s ]
INFO: [ view_end ] --START--
INFO: Run ShowPageTrace Behavior [ RunTime:-0.110344s ]
INFO: [ view_end ] --END-- [ RunTime:0.000866s ]

[ 2013-12-11T23:56:53+08:00 ] 110.243.54.122 /index.php?g=User&m=Member&a=edit
INFO: [ app_begin ] --START--
INFO: Run ReadHtmlCache Behavior [ RunTime:0.000753s ]
INFO: [ app_begin ] --END-- [ RunTime:0.000849s ]
NOTIC: [2] Cannot use a scalar value as an array E:\home\ftp\w\weixinxb\wwwroot\Lib\Core\Action.class.php 第 206 行.
SQL: SHOW COLUMNS FROM `tp_user_group` [ RunTime:0.001205s ]
SQL: SELECT * FROM `tp_user_group` WHERE ( `id` = 4 ) LIMIT 1   [ RunTime:0.000265s ]
SQL: SHOW COLUMNS FROM `tp_users` [ RunTime:0.001201s ]
SQL: SELECT * FROM `tp_users` WHERE ( `id` = 32 ) LIMIT 1   [ RunTime:0.000226s ]
SQL: SHOW COLUMNS FROM `tp_wxuser` [ RunTime:0.001002s ]
SQL: SELECT `wxname`,`wxid`,`headerpic`,`weixin` FROM `tp_wxuser` WHERE ( `token` = 'gdmlwn1386769141' ) AND ( `uid` = 32 ) LIMIT 1   [ RunTime:0.000338s ]
INFO: [ view_template ] --START--
INFO: Run LocationTemplate Behavior [ RunTime:-0.020153s ]
INFO: [ view_template ] --END-- [ RunTime:0.000681s ]
INFO: [ view_parse ] --START--
INFO: Run ParseTemplate Behavior [ RunTime:-0.020891s ]
INFO: [ view_parse ] --END-- [ RunTime:0.008458s ]
INFO: [ view_filter ] --START--
INFO: Run ContentReplace Behavior [ RunTime:-0.029406s ]
INFO: Run TokenBuild Behavior [ RunTime:-0.029837s ]
INFO: Run WriteHtmlCache Behavior [ RunTime:-0.030454s ]
INFO: Run ShowRuntime Behavior [ RunTime:-0.030796s ]
INFO: [ view_filter ] --END-- [ RunTime:0.002045s ]
INFO: [ view_end ] --START--
INFO: Run ShowPageTrace Behavior [ RunTime:-0.031534s ]
INFO: [ view_end ] --END-- [ RunTime:0.000736s ]

[ 2013-12-11T23:57:04+08:00 ] 110.243.54.122 /index.php?g=User&m=Member&a=edit
INFO: [ app_begin ] --START--
INFO: Run ReadHtmlCache Behavior [ RunTime:0.000630s ]
INFO: [ app_begin ] --END-- [ RunTime:0.000730s ]
NOTIC: [2] Cannot use a scalar value as an array E:\home\ftp\w\weixinxb\wwwroot\Lib\Core\Action.class.php 第 206 行.
SQL: SHOW COLUMNS FROM `tp_user_group` [ RunTime:0.000953s ]
SQL: SELECT * FROM `tp_user_group` WHERE ( `id` = 4 ) LIMIT 1   [ RunTime:0.000283s ]
SQL: SHOW COLUMNS FROM `tp_users` [ RunTime:0.001019s ]
SQL: SELECT * FROM `tp_users` WHERE ( `id` = 32 ) LIMIT 1   [ RunTime:0.000270s ]
SQL: SHOW COLUMNS FROM `tp_wxuser` [ RunTime:0.001597s ]
SQL: SELECT `wxname`,`wxid`,`headerpic`,`weixin` FROM `tp_wxuser` WHERE ( `token` = 'gdmlwn1386769141' ) AND ( `uid` = 32 ) LIMIT 1   [ RunTime:0.000212s ]
SQL: SHOW COLUMNS FROM `tp_member_card_exchange` [ RunTime:0.000770s ]
SQL: SELECT * FROM `tp_member_card_exchange` WHERE ( `token` = 'gdmlwn1386769141' ) LIMIT 1   [ RunTime:0.000194s ]
SQL: SHOW COLUMNS FROM `tp_userinfo` [ RunTime:0.000921s ]
SQL: SELECT * FROM `tp_userinfo` WHERE ( `token` = 'gdmlwn1386769141' ) AND ( `wecha_id` = 'o_jDrjj5F9AGP7bJjsEWHQn1DnH0' ) LIMIT 1   [ RunTime:0.000222s ]
SQL: SHOW COLUMNS FROM `tp_member_card_sign` [ RunTime:0.001100s ]
SQL: INSERT INTO `tp_member_card_sign` (`token`,`wecha_id`,`sign_time`,`score_type`,`expense`,`sell_expense`) VALUES ('gdmlwn1386769141','o_jDrjj5F9AGP7bJjsEWHQn1DnH0',1386691200,2,111,111) [ RunTime:0.000200s ]
SQL: UPDATE `tp_userinfo` SET `total_score`=111,`expend_score`=111,`add_expend`=111,`add_expend_time`=1386691200 WHERE ( `token` = 'gdmlwn1386769141' ) AND ( `wecha_id` = 'o_jDrjj5F9AGP7bJjsEWHQn1DnH0' ) [ RunTime:0.000244s ]
INFO: [ view_template ] --START--
INFO: Run LocationTemplate Behavior [ RunTime:-0.026410s ]
INFO: [ view_template ] --END-- [ RunTime:0.000444s ]
INFO: [ view_parse ] --START--
INFO: Run ParseTemplate Behavior [ RunTime:-0.026910s ]
INFO: [ view_parse ] --END-- [ RunTime:0.009818s ]
INFO: [ view_filter ] --START--
INFO: Run ContentReplace Behavior [ RunTime:-0.036839s ]
INFO: Run TokenBuild Behavior [ RunTime:-0.037457s ]
INFO: Run WriteHtmlCache Behavior [ RunTime:-0.038095s ]
INFO: Run ShowRuntime Behavior [ RunTime:-0.038535s ]
INFO: [ view_filter ] --END-- [ RunTime:0.002600s ]
INFO: [ view_end ] --START--
INFO: Run ShowPageTrace Behavior [ RunTime:-0.039572s ]
INFO: [ view_end ] --END-- [ RunTime:0.001017s ]

[ 2013-12-11T23:57:05+08:00 ] 110.243.54.122 /index.php?g=User&m=Member&a=index&token=gdmlwn1386769141
INFO: [ app_begin ] --START--
INFO: Run ReadHtmlCache Behavior [ RunTime:0.000721s ]
INFO: [ app_begin ] --END-- [ RunTime:0.000835s ]
NOTIC: [2] Cannot use a scalar value as an array E:\home\ftp\w\weixinxb\wwwroot\Lib\Core\Action.class.php 第 206 行.
SQL: SHOW COLUMNS FROM `tp_user_group` [ RunTime:0.000957s ]
SQL: SELECT * FROM `tp_user_group` WHERE ( `id` = 4 ) LIMIT 1   [ RunTime:0.000207s ]
SQL: SHOW COLUMNS FROM `tp_users` [ RunTime:0.000937s ]
SQL: SELECT * FROM `tp_users` WHERE ( `id` = 32 ) LIMIT 1   [ RunTime:0.000208s ]
SQL: SHOW COLUMNS FROM `tp_wxuser` [ RunTime:0.001128s ]
SQL: SELECT `wxname`,`wxid`,`headerpic`,`weixin` FROM `tp_wxuser` WHERE ( `token` = 'gdmlwn1386769141' ) AND ( `uid` = 32 ) LIMIT 1   [ RunTime:0.000294s ]
SQL: SHOW COLUMNS FROM `tp_member` [ RunTime:0.000875s ]
SQL: SELECT `homepic` FROM `tp_member` WHERE ( `token` = 'gdmlwn1386769141' ) AND ( `uid` = 32 ) LIMIT 1   [ RunTime:0.000188s ]
SQL: SHOW COLUMNS FROM `tp_userinfo` [ RunTime:0.001010s ]
SQL: SELECT * FROM `tp_userinfo` WHERE ( `token` = 'gdmlwn1386769141' )  [ RunTime:0.000247s ]
SQL: SHOW COLUMNS FROM `tp_member_card_sign` [ RunTime:0.000843s ]
SQL: SELECT * FROM `tp_member_card_sign` WHERE ( `token` = 'gdmlwn1386769141' )  [ RunTime:0.000308s ]
INFO: [ view_template ] --START--
INFO: Run LocationTemplate Behavior [ RunTime:-0.023453s ]
INFO: [ view_template ] --END-- [ RunTime:0.000475s ]
INFO: [ view_parse ] --START--
INFO: Run ParseTemplate Behavior [ RunTime:-0.023985s ]
INFO: [ view_parse ] --END-- [ RunTime:0.040816s ]
INFO: [ view_filter ] --START--
INFO: Run ContentReplace Behavior [ RunTime:-0.064872s ]
INFO: Run TokenBuild Behavior [ RunTime:-0.065453s ]
INFO: Run WriteHtmlCache Behavior [ RunTime:-0.066106s ]
INFO: Run ShowRuntime Behavior [ RunTime:-0.066424s ]
INFO: [ view_filter ] --END-- [ RunTime:0.002436s ]
INFO: [ view_end ] --START--
INFO: Run ShowPageTrace Behavior [ RunTime:-0.067540s ]
INFO: [ view_end ] --END-- [ RunTime:0.001069s ]

