[ 2014-01-23T19:23:16+08:00 ] 0.0.0.0 /wxsite/index.php?m=Index&a=login
INFO: [ app_begin ] --START--
INFO: Run ReadHtmlCache Behavior [ RunTime:0.001022s ]
INFO: [ app_begin ] --END-- [ RunTime:0.001259s ]
NOTIC: [8] Undefined offset: 1 /Library/WebServer/Documents/wxsite/Lib/Core/Action.class.php 第 206 行.
NOTIC: [2] Cannot use a scalar value as an array /Library/WebServer/Documents/wxsite/Lib/Core/Action.class.php 第 206 行.
NOTIC: [8] Undefined offset: 1 /Library/WebServer/Documents/wxsite/Lib/Core/View.class.php 第 69 行.
INFO: [ view_template ] --START--
INFO: Run LocationTemplate Behavior [ RunTime:-0.010426s ]
INFO: [ view_template ] --END-- [ RunTime:0.000757s ]
INFO: [ view_parse ] --START--
NOTIC: [8] Use of undefined constant uid - assumed 'uid' /Library/WebServer/Documents/wxsite/data/conf/logs/Cache/Home/52f87a7eb8f08d96b8a13f27c31684b4.php 第 31 行.
NOTIC: [8] Undefined index: uid /Library/WebServer/Documents/wxsite/data/conf/logs/Cache/Home/52f87a7eb8f08d96b8a13f27c31684b4.php 第 31 行.
INFO: Run ParseTemplate Behavior [ RunTime:-0.011275s ]
INFO: [ view_parse ] --END-- [ RunTime:0.030199s ]
INFO: [ view_filter ] --START--
INFO: Run ContentReplace Behavior [ RunTime:-0.041518s ]
INFO: Run TokenBuild Behavior [ RunTime:-0.042558s ]
INFO: Run WriteHtmlCache Behavior [ RunTime:-0.043251s ]
INFO: Run ShowRuntime Behavior [ RunTime:-0.043841s ]
INFO: [ view_filter ] --END-- [ RunTime:0.002994s ]
INFO: [ view_end ] --START--
INFO: Run ShowPageTrace Behavior [ RunTime:-0.044567s ]
INFO: [ view_end ] --END-- [ RunTime:0.000631s ]

[ 2014-01-23T19:23:30+08:00 ] 0.0.0.0 /wxsite/index.php?m=Users&a=checklogin
INFO: [ app_begin ] --START--
INFO: Run ReadHtmlCache Behavior [ RunTime:0.000273s ]
INFO: [ app_begin ] --END-- [ RunTime:0.000368s ]
NOTIC: [8] Undefined offset: 1 /Library/WebServer/Documents/wxsite/Lib/Core/Action.class.php 第 206 行.
NOTIC: [2] Cannot use a scalar value as an array /Library/WebServer/Documents/wxsite/Lib/Core/Action.class.php 第 206 行.
SQL: SHOW COLUMNS FROM `tp_users` [ RunTime:0.019097s ]
SQL: SELECT * FROM `tp_users` WHERE ( `username` = 'aaaa' ) LIMIT 1   [ RunTime:0.004815s ]
SQL: SHOW COLUMNS FROM `tp_user_group` [ RunTime:0.003773s ]
SQL: SELECT * FROM `tp_user_group` WHERE ( `id` = 4 ) LIMIT 1   [ RunTime:0.002605s ]
SQL: UPDATE `tp_users` SET `lasttime`=1390476210,`lastloginmonth`=1,`lastip`='::1' WHERE ( `id` = 33 ) [ RunTime:0.007196s ]
NOTIC: [8] Undefined offset: 1 /Library/WebServer/Documents/wxsite/Lib/Core/View.class.php 第 69 行.
INFO: [ view_template ] --START--
INFO: Run LocationTemplate Behavior [ RunTime:-0.124313s ]
INFO: [ view_template ] --END-- [ RunTime:0.000253s ]
INFO: [ view_parse ] --START--
INFO: Run ParseTemplate Behavior [ RunTime:-0.124611s ]
INFO: [ view_parse ] --END-- [ RunTime:0.010602s ]
INFO: [ view_filter ] --START--
INFO: Run ContentReplace Behavior [ RunTime:-0.135284s ]
INFO: Run TokenBuild Behavior [ RunTime:-0.135631s ]
INFO: Run WriteHtmlCache Behavior [ RunTime:-0.135930s ]
INFO: Run ShowRuntime Behavior [ RunTime:-0.136098s ]
INFO: [ view_filter ] --END-- [ RunTime:0.001162s ]
INFO: [ view_end ] --START--
INFO: Run ShowPageTrace Behavior [ RunTime:-0.136487s ]
INFO: [ view_end ] --END-- [ RunTime:0.000437s ]

[ 2014-01-23T19:23:31+08:00 ] 0.0.0.0 /wxsite/index.php?g=User&m=Index&a=index
INFO: [ app_begin ] --START--
INFO: Run ReadHtmlCache Behavior [ RunTime:0.000556s ]
INFO: [ app_begin ] --END-- [ RunTime:0.000643s ]
NOTIC: [2048] Declaration of IndexAction::insert() should be compatible with BaseAction::insert($name = '', $back = '/index') /Library/WebServer/Documents/wxsite/Lanrain/Lib/Action/User/IndexAction.class.php 第 2 行.
NOTIC: [8] Undefined offset: 1 /Library/WebServer/Documents/wxsite/Lib/Core/Action.class.php 第 206 行.
NOTIC: [2] Cannot use a scalar value as an array /Library/WebServer/Documents/wxsite/Lib/Core/Action.class.php 第 206 行.
SQL: SHOW COLUMNS FROM `tp_user_group` [ RunTime:0.001621s ]
SQL: SELECT * FROM `tp_user_group` WHERE ( `id` = 4 ) LIMIT 1   [ RunTime:0.000376s ]
SQL: SHOW COLUMNS FROM `tp_users` [ RunTime:0.001829s ]
SQL: SELECT * FROM `tp_users` WHERE ( `id` = 33 ) LIMIT 1   [ RunTime:0.000349s ]
SQL: SHOW COLUMNS FROM `tp_wxuser` [ RunTime:0.004881s ]
SQL: SELECT `wxname`,`wxid`,`headerpic`,`weixin` FROM `tp_wxuser` WHERE ( `token` = null ) AND ( `uid` = 33 ) LIMIT 1   [ RunTime:0.000883s ]
SQL: SHOW COLUMNS FROM `tp_user_group` [ RunTime:0.001611s ]
SQL: SELECT * FROM `tp_user_group`  [ RunTime:0.000375s ]
SQL: SELECT COUNT(*) AS tp_count FROM `tp_wxuser` WHERE ( `uid` = 33 ) LIMIT 1   [ RunTime:0.001547s ]
SQL: SELECT * FROM `tp_wxuser` WHERE ( `uid` = 33 ) LIMIT 0,25   [ RunTime:0.000582s ]
NOTIC: [8] Undefined offset: 1 /Library/WebServer/Documents/wxsite/Lib/Core/View.class.php 第 69 行.
INFO: [ view_template ] --START--
INFO: Run LocationTemplate Behavior [ RunTime:-0.028541s ]
INFO: [ view_template ] --END-- [ RunTime:0.000182s ]
INFO: [ view_parse ] --START--
INFO: Run ParseTemplate Behavior [ RunTime:-0.028746s ]
INFO: [ view_parse ] --END-- [ RunTime:0.017174s ]
INFO: [ view_filter ] --START--
INFO: Run ContentReplace Behavior [ RunTime:-0.045960s ]
INFO: Run TokenBuild Behavior [ RunTime:-0.046213s ]
INFO: Run WriteHtmlCache Behavior [ RunTime:-0.046473s ]
INFO: Run ShowRuntime Behavior [ RunTime:-0.046622s ]
INFO: [ view_filter ] --END-- [ RunTime:0.000969s ]
INFO: [ view_end ] --START--
INFO: Run ShowPageTrace Behavior [ RunTime:-0.046964s ]
INFO: [ view_end ] --END-- [ RunTime:0.000330s ]

[ 2014-01-23T19:23:31+08:00 ] 0.0.0.0 /wxsite/index.php?g=User&m=Index&a=index
INFO: [ app_begin ] --START--
INFO: Run ReadHtmlCache Behavior [ RunTime:0.000547s ]
INFO: [ app_begin ] --END-- [ RunTime:0.000711s ]
NOTIC: [2048] Declaration of IndexAction::insert() should be compatible with BaseAction::insert($name = '', $back = '/index') /Library/WebServer/Documents/wxsite/Lanrain/Lib/Action/User/IndexAction.class.php 第 2 行.
NOTIC: [8] Undefined offset: 1 /Library/WebServer/Documents/wxsite/Lib/Core/Action.class.php 第 206 行.
NOTIC: [2] Cannot use a scalar value as an array /Library/WebServer/Documents/wxsite/Lib/Core/Action.class.php 第 206 行.
SQL: SHOW COLUMNS FROM `tp_user_group` [ RunTime:0.001600s ]
SQL: SELECT * FROM `tp_user_group` WHERE ( `id` = 4 ) LIMIT 1   [ RunTime:0.000280s ]
SQL: SHOW COLUMNS FROM `tp_users` [ RunTime:0.001773s ]
SQL: SELECT * FROM `tp_users` WHERE ( `id` = 33 ) LIMIT 1   [ RunTime:0.000365s ]
SQL: SHOW COLUMNS FROM `tp_wxuser` [ RunTime:0.001663s ]
SQL: SELECT `wxname`,`wxid`,`headerpic`,`weixin` FROM `tp_wxuser` WHERE ( `token` = null ) AND ( `uid` = 33 ) LIMIT 1   [ RunTime:0.000266s ]
SQL: SHOW COLUMNS FROM `tp_user_group` [ RunTime:0.001288s ]
SQL: SELECT * FROM `tp_user_group`  [ RunTime:0.000308s ]
SQL: SELECT COUNT(*) AS tp_count FROM `tp_wxuser` WHERE ( `uid` = 33 ) LIMIT 1   [ RunTime:0.000234s ]
SQL: SELECT * FROM `tp_wxuser` WHERE ( `uid` = 33 ) LIMIT 0,25   [ RunTime:0.000311s ]
NOTIC: [8] Undefined offset: 1 /Library/WebServer/Documents/wxsite/Lib/Core/View.class.php 第 69 行.
INFO: [ view_template ] --START--
INFO: Run LocationTemplate Behavior [ RunTime:-0.044510s ]
INFO: [ view_template ] --END-- [ RunTime:0.000269s ]
INFO: [ view_parse ] --START--
INFO: Run ParseTemplate Behavior [ RunTime:-0.044816s ]
INFO: [ view_parse ] --END-- [ RunTime:0.012252s ]
INFO: [ view_filter ] --START--
INFO: Run ContentReplace Behavior [ RunTime:-0.057098s ]
INFO: Run TokenBuild Behavior [ RunTime:-0.057284s ]
INFO: Run WriteHtmlCache Behavior [ RunTime:-0.057478s ]
INFO: Run ShowRuntime Behavior [ RunTime:-0.057598s ]
INFO: [ view_filter ] --END-- [ RunTime:0.000727s ]
INFO: [ view_end ] --START--
INFO: Run ShowPageTrace Behavior [ RunTime:-0.057864s ]
INFO: [ view_end ] --END-- [ RunTime:0.000319s ]

[ 2014-01-23T19:23:34+08:00 ] 0.0.0.0 /wxsite/index.php?g=User&m=Function&a=index&id=59&token=yqfjdb1389873776
INFO: [ app_begin ] --START--
INFO: Run ReadHtmlCache Behavior [ RunTime:0.000254s ]
INFO: [ app_begin ] --END-- [ RunTime:0.000300s ]
NOTIC: [8] Undefined offset: 1 /Library/WebServer/Documents/wxsite/Lib/Core/Action.class.php 第 206 行.
NOTIC: [2] Cannot use a scalar value as an array /Library/WebServer/Documents/wxsite/Lib/Core/Action.class.php 第 206 行.
SQL: SHOW COLUMNS FROM `tp_user_group` [ RunTime:0.001704s ]
SQL: SELECT * FROM `tp_user_group` WHERE ( `id` = 4 ) LIMIT 1   [ RunTime:0.000367s ]
SQL: SHOW COLUMNS FROM `tp_users` [ RunTime:0.001841s ]
SQL: SELECT * FROM `tp_users` WHERE ( `id` = 33 ) LIMIT 1   [ RunTime:0.000406s ]
SQL: SHOW COLUMNS FROM `tp_wxuser` [ RunTime:0.002063s ]
SQL: SELECT `wxname`,`wxid`,`headerpic`,`weixin` FROM `tp_wxuser` WHERE ( `token` = null ) AND ( `uid` = 33 ) LIMIT 1   [ RunTime:0.000352s ]
SQL: SELECT * FROM `tp_wxuser` WHERE ( `id` = 59 ) LIMIT 1   [ RunTime:0.000322s ]
SQL: SHOW COLUMNS FROM `tp_token_open` [ RunTime:0.002861s ]
SQL: SELECT `id`,`queryname` FROM `tp_token_open` WHERE ( `token` = 'yqfjdb1389873776' ) AND ( `uid` = 33 ) LIMIT 1   [ RunTime:0.000913s ]
SQL: SELECT `id`,`name` FROM `tp_user_group` WHERE status=1  [ RunTime:0.000326s ]
SQL: SHOW COLUMNS FROM `tp_function` [ RunTime:0.002905s ]
SQL: SELECT * FROM `tp_function` WHERE ( `status` = 1 ) AND ( `gid` = 1 )  [ RunTime:0.001634s ]
SQL: SELECT * FROM `tp_function` WHERE ( `status` = 1 ) AND ( `gid` = 2 )  [ RunTime:0.000362s ]
SQL: SELECT * FROM `tp_function` WHERE ( `status` = 1 ) AND ( `gid` = 3 )  [ RunTime:0.000328s ]
SQL: SELECT * FROM `tp_function` WHERE ( `status` = 1 ) AND ( `gid` = 4 )  [ RunTime:0.000367s ]
SQL: SELECT `wxname`,`wxid`,`headerpic`,`weixin` FROM `tp_wxuser` WHERE ( `token` = 'yqfjdb1389873776' ) AND ( `uid` = 33 ) LIMIT 1   [ RunTime:0.000332s ]
NOTIC: [8] Undefined offset: 1 /Library/WebServer/Documents/wxsite/Lib/Core/View.class.php 第 69 行.
INFO: [ view_template ] --START--
INFO: Run LocationTemplate Behavior [ RunTime:-0.037926s ]
INFO: [ view_template ] --END-- [ RunTime:0.000267s ]
INFO: [ view_parse ] --START--
INFO: Run ParseTemplate Behavior [ RunTime:-0.038229s ]
INFO: [ view_parse ] --END-- [ RunTime:0.027224s ]
INFO: [ view_filter ] --START--
INFO: Run ContentReplace Behavior [ RunTime:-0.065491s ]
INFO: Run TokenBuild Behavior [ RunTime:-0.065828s ]
INFO: Run WriteHtmlCache Behavior [ RunTime:-0.066160s ]
INFO: Run ShowRuntime Behavior [ RunTime:-0.066311s ]
INFO: [ view_filter ] --END-- [ RunTime:0.001131s ]
INFO: [ view_end ] --START--
INFO: Run ShowPageTrace Behavior [ RunTime:-0.066684s ]
INFO: [ view_end ] --END-- [ RunTime:0.000366s ]

[ 2014-01-23T19:23:40+08:00 ] 127.0.0.1 /wxsite/index.php?g=User&m=Token_open&a=del&token=yqfjdb1389873776&id=42&r=0.9941710787825286
INFO: [ app_begin ] --START--
INFO: Run ReadHtmlCache Behavior [ RunTime:0.000272s ]
INFO: [ app_begin ] --END-- [ RunTime:0.000364s ]
NOTIC: [8] Undefined offset: 1 /Library/WebServer/Documents/wxsite/Lib/Core/Action.class.php 第 206 行.
NOTIC: [2] Cannot use a scalar value as an array /Library/WebServer/Documents/wxsite/Lib/Core/Action.class.php 第 206 行.
SQL: SHOW COLUMNS FROM `tp_user_group` [ RunTime:0.001781s ]
SQL: SELECT * FROM `tp_user_group` WHERE ( `id` = 4 ) LIMIT 1   [ RunTime:0.000341s ]
SQL: SHOW COLUMNS FROM `tp_users` [ RunTime:0.001564s ]
SQL: SELECT * FROM `tp_users` WHERE ( `id` = 33 ) LIMIT 1   [ RunTime:0.000320s ]
SQL: SHOW COLUMNS FROM `tp_wxuser` [ RunTime:0.001609s ]
SQL: SELECT `wxname`,`wxid`,`headerpic`,`weixin` FROM `tp_wxuser` WHERE ( `token` = 'yqfjdb1389873776' ) AND ( `uid` = 33 ) LIMIT 1   [ RunTime:0.000323s ]
SQL: SHOW COLUMNS FROM `tp_function` [ RunTime:0.001157s ]
SQL: SELECT * FROM `tp_function` WHERE ( `id` = 42 ) LIMIT 1   [ RunTime:0.000268s ]
SQL: SHOW COLUMNS FROM `tp_token_open` [ RunTime:0.001098s ]
SQL: SELECT * FROM `tp_token_open` WHERE ( `uid` = 33 ) AND ( `token` = 'yqfjdb1389873776' ) LIMIT 1   [ RunTime:0.000288s ]
SQL: DELETE FROM `tp_token_open` WHERE ( `uid` <> '33' ) AND ( `token` = 'yqfjdb1389873776' ) [ RunTime:0.000422s ]
SQL: UPDATE `tp_token_open` SET `queryname`='tianqi,qiushi,jishuan,langdu,jiankang,kuaidi,xiaohua,changtoushi,peiliao,liaotian,mengjian,yuyinfanyi,huoche,gongjiao,shenfenzheng,shouji,yinle,fujin,choujiang,taobao,userinfo,fanyi,api,suanming,baike,caipiao,choujiang,gua2,shouye,adma,huiyuanka,shenhe,geci,host_kev,diyform,dx,shop,etuan,Panorama,WeiXitie,Yuyue' WHERE ( `uid` = 33 ) AND ( `token` = 'yqfjdb1389873776' ) [ RunTime:0.002747s ]

[ 2014-01-23T19:23:45+08:00 ] 127.0.0.1 /wxsite/index.php?g=User&m=Token_open&a=add&token=yqfjdb1389873776&id=42&r=0.2733676005154848
INFO: [ app_begin ] --START--
INFO: Run ReadHtmlCache Behavior [ RunTime:0.000240s ]
INFO: [ app_begin ] --END-- [ RunTime:0.000279s ]
NOTIC: [8] Undefined offset: 1 /Library/WebServer/Documents/wxsite/Lib/Core/Action.class.php 第 206 行.
NOTIC: [2] Cannot use a scalar value as an array /Library/WebServer/Documents/wxsite/Lib/Core/Action.class.php 第 206 行.
SQL: SHOW COLUMNS FROM `tp_user_group` [ RunTime:0.007999s ]
SQL: SELECT * FROM `tp_user_group` WHERE ( `id` = 4 ) LIMIT 1   [ RunTime:0.000291s ]
SQL: SHOW COLUMNS FROM `tp_users` [ RunTime:0.001529s ]
SQL: SELECT * FROM `tp_users` WHERE ( `id` = 33 ) LIMIT 1   [ RunTime:0.000306s ]
SQL: SHOW COLUMNS FROM `tp_wxuser` [ RunTime:0.002067s ]
SQL: SELECT `wxname`,`wxid`,`headerpic`,`weixin` FROM `tp_wxuser` WHERE ( `token` = 'yqfjdb1389873776' ) AND ( `uid` = 33 ) LIMIT 1   [ RunTime:0.000310s ]
SQL: SHOW COLUMNS FROM `tp_function` [ RunTime:0.001826s ]
SQL: SELECT * FROM `tp_function` WHERE ( `id` = 42 ) LIMIT 1   [ RunTime:0.000268s ]
SQL: SHOW COLUMNS FROM `tp_token_open` [ RunTime:0.001490s ]
SQL: DELETE FROM `tp_token_open` WHERE ( `uid` <> '33' ) AND ( `token` = 'yqfjdb1389873776' ) [ RunTime:0.000311s ]
SQL: SELECT * FROM `tp_token_open` WHERE ( `uid` = 33 ) AND ( `token` = 'yqfjdb1389873776' ) LIMIT 1   [ RunTime:0.000425s ]
SQL: UPDATE `tp_token_open` SET `queryname`='tianqi,qiushi,jishuan,langdu,jiankang,kuaidi,xiaohua,changtoushi,peiliao,liaotian,mengjian,yuyinfanyi,huoche,gongjiao,shenfenzheng,shouji,yinle,fujin,choujiang,taobao,userinfo,fanyi,api,suanming,baike,caipiao,choujiang,gua2,shouye,adma,huiyuanka,shenhe,geci,host_kev,diyform,dx,shop,etuan,Panorama,WeiXitie,Yuyue,diymen_set' WHERE ( `uid` = 33 ) AND ( `token` = 'yqfjdb1389873776' ) [ RunTime:0.000310s ]

[ 2014-01-23T22:24:05+08:00 ] 0.0.0.0 /wxsite/index.php?g=User&m=Voiceresponse&a=index&token=yqfjdb1389873776
INFO: [ app_begin ] --START--
INFO: Run ReadHtmlCache Behavior [ RunTime:0.001290s ]
INFO: [ app_begin ] --END-- [ RunTime:0.001384s ]
NOTIC: [2048] Declaration of VoiceresponseAction::insert() should be compatible with BaseAction::insert($name = '', $back = '/index') /Library/WebServer/Documents/wxsite/Lanrain/Lib/Action/User/VoiceresponseAction.class.php 第 5 行.
NOTIC: [8] Undefined offset: 1 /Library/WebServer/Documents/wxsite/Lib/Core/Action.class.php 第 206 行.
NOTIC: [2] Cannot use a scalar value as an array /Library/WebServer/Documents/wxsite/Lib/Core/Action.class.php 第 206 行.
SQL: SHOW COLUMNS FROM `tp_user_group` [ RunTime:0.001639s ]
SQL: SELECT * FROM `tp_user_group` WHERE ( `id` = 4 ) LIMIT 1   [ RunTime:0.000486s ]
SQL: SHOW COLUMNS FROM `tp_users` [ RunTime:0.001809s ]
SQL: SELECT * FROM `tp_users` WHERE ( `id` = 33 ) LIMIT 1   [ RunTime:0.000333s ]
SQL: SHOW COLUMNS FROM `tp_wxuser` [ RunTime:0.001716s ]
SQL: SELECT `wxname`,`wxid`,`headerpic`,`weixin` FROM `tp_wxuser` WHERE ( `token` = 'yqfjdb1389873776' ) AND ( `uid` = 33 ) LIMIT 1   [ RunTime:0.000316s ]
SQL: SHOW COLUMNS FROM `tp_voiceresponse` [ RunTime:0.004511s ]
SQL: SELECT * FROM `tp_voiceresponse` WHERE ( `uid` = 33 )  [ RunTime:0.000268s ]
NOTIC: [8] Undefined offset: 1 /Library/WebServer/Documents/wxsite/Lib/Core/View.class.php 第 69 行.
INFO: [ view_template ] --START--
INFO: Run LocationTemplate Behavior [ RunTime:-0.022603s ]
INFO: [ view_template ] --END-- [ RunTime:0.000408s ]
INFO: [ view_parse ] --START--
INFO: Run ParseTemplate Behavior [ RunTime:-0.023055s ]
INFO: [ view_parse ] --END-- [ RunTime:0.027038s ]
INFO: [ view_filter ] --START--
INFO: Run ContentReplace Behavior [ RunTime:-0.050118s ]
INFO: Run TokenBuild Behavior [ RunTime:-0.050348s ]
INFO: Run WriteHtmlCache Behavior [ RunTime:-0.050578s ]
INFO: Run ShowRuntime Behavior [ RunTime:-0.050699s ]
INFO: [ view_filter ] --END-- [ RunTime:0.000807s ]
INFO: [ view_end ] --START--
INFO: Run ShowPageTrace Behavior [ RunTime:-0.050962s ]
INFO: [ view_end ] --END-- [ RunTime:0.000304s ]

[ 2014-01-23T22:24:07+08:00 ] 0.0.0.0 /wxsite/index.php?g=User&m=Call&a=index&token=yqfjdb1389873776
INFO: [ app_begin ] --START--
INFO: Run ReadHtmlCache Behavior [ RunTime:0.000261s ]
INFO: [ app_begin ] --END-- [ RunTime:0.000308s ]
NOTIC: [2048] Declaration of CallAction::insert() should be compatible with BaseAction::insert($name = '', $back = '/index') /Library/WebServer/Documents/wxsite/Lanrain/Lib/Action/User/CallAction.class.php 第 5 行.
NOTIC: [8] Undefined offset: 1 /Library/WebServer/Documents/wxsite/Lib/Core/Action.class.php 第 206 行.
NOTIC: [2] Cannot use a scalar value as an array /Library/WebServer/Documents/wxsite/Lib/Core/Action.class.php 第 206 行.
SQL: SHOW COLUMNS FROM `tp_user_group` [ RunTime:0.001422s ]
SQL: SELECT * FROM `tp_user_group` WHERE ( `id` = 4 ) LIMIT 1   [ RunTime:0.000314s ]
SQL: SHOW COLUMNS FROM `tp_users` [ RunTime:0.001457s ]
SQL: SELECT * FROM `tp_users` WHERE ( `id` = 33 ) LIMIT 1   [ RunTime:0.000346s ]
SQL: SHOW COLUMNS FROM `tp_wxuser` [ RunTime:0.001567s ]
SQL: SELECT `wxname`,`wxid`,`headerpic`,`weixin` FROM `tp_wxuser` WHERE ( `token` = 'yqfjdb1389873776' ) AND ( `uid` = 33 ) LIMIT 1   [ RunTime:0.000363s ]
SQL: SHOW COLUMNS FROM `tp_call` [ RunTime:0.005266s ]
SQL: SELECT * FROM `tp_call` WHERE ( `uid` = 33 ) AND ( `token` = 'yqfjdb1389873776' ) LIMIT 1   [ RunTime:0.000275s ]
NOTIC: [8] Undefined offset: 1 /Library/WebServer/Documents/wxsite/Lib/Core/View.class.php 第 69 行.
INFO: [ view_template ] --START--
INFO: Run LocationTemplate Behavior [ RunTime:-0.027956s ]
INFO: [ view_template ] --END-- [ RunTime:0.000237s ]
INFO: [ view_parse ] --START--
INFO: Run ParseTemplate Behavior [ RunTime:-0.028240s ]
INFO: [ view_parse ] --END-- [ RunTime:0.020499s ]
INFO: [ view_filter ] --START--
INFO: Run ContentReplace Behavior [ RunTime:-0.048752s ]
INFO: Run TokenBuild Behavior [ RunTime:-0.048988s ]
INFO: Run WriteHtmlCache Behavior [ RunTime:-0.049279s ]
INFO: Run ShowRuntime Behavior [ RunTime:-0.049392s ]
INFO: [ view_filter ] --END-- [ RunTime:0.000884s ]
INFO: [ view_end ] --START--
INFO: Run ShowPageTrace Behavior [ RunTime:-0.049678s ]
INFO: [ view_end ] --END-- [ RunTime:0.000318s ]

[ 2014-01-23T22:24:12+08:00 ] 0.0.0.0 /wxsite/index.php?g=User&m=Company&a=index&token=yqfjdb1389873776
INFO: [ app_begin ] --START--
INFO: Run ReadHtmlCache Behavior [ RunTime:0.000286s ]
INFO: [ app_begin ] --END-- [ RunTime:0.000336s ]
NOTIC: [8] Undefined offset: 1 /Library/WebServer/Documents/wxsite/Lib/Core/Action.class.php 第 206 行.
NOTIC: [2] Cannot use a scalar value as an array /Library/WebServer/Documents/wxsite/Lib/Core/Action.class.php 第 206 行.
SQL: SHOW COLUMNS FROM `tp_user_group` [ RunTime:0.001755s ]
SQL: SELECT * FROM `tp_user_group` WHERE ( `id` = 4 ) LIMIT 1   [ RunTime:0.000266s ]
SQL: SHOW COLUMNS FROM `tp_users` [ RunTime:0.001360s ]
SQL: SELECT * FROM `tp_users` WHERE ( `id` = 33 ) LIMIT 1   [ RunTime:0.000283s ]
SQL: SHOW COLUMNS FROM `tp_wxuser` [ RunTime:0.002188s ]
SQL: SELECT `wxname`,`wxid`,`headerpic`,`weixin` FROM `tp_wxuser` WHERE ( `token` = 'yqfjdb1389873776' ) AND ( `uid` = 33 ) LIMIT 1   [ RunTime:0.000395s ]
SQL: SHOW COLUMNS FROM `tp_company` [ RunTime:0.005152s ]
SQL: SELECT * FROM `tp_company` WHERE ( `token` = 'yqfjdb1389873776' ) AND ( `isbranch` = 0 ) LIMIT 1   [ RunTime:0.000271s ]
NOTIC: [8] Undefined offset: 1 /Library/WebServer/Documents/wxsite/Lib/Core/View.class.php 第 69 行.
INFO: [ view_template ] --START--
INFO: Run LocationTemplate Behavior [ RunTime:-0.019721s ]
INFO: [ view_template ] --END-- [ RunTime:0.000204s ]
INFO: [ view_parse ] --START--
NOTIC: [8] Undefined variable: id /Library/WebServer/Documents/wxsite/data/conf/logs/Cache/User/f2d3ec30fc8a5c5c71679dbbc185174b.php 第 397 行.
NOTIC: [8] Undefined variable: parentid /Library/WebServer/Documents/wxsite/data/conf/logs/Cache/User/f2d3ec30fc8a5c5c71679dbbc185174b.php 第 400 行.
NOTIC: [8] Undefined variable: parentid /Library/WebServer/Documents/wxsite/data/conf/logs/Cache/User/f2d3ec30fc8a5c5c71679dbbc185174b.php 第 400 行.
NOTIC: [8] Undefined variable: isUpdate /Library/WebServer/Documents/wxsite/data/conf/logs/Cache/User/f2d3ec30fc8a5c5c71679dbbc185174b.php 第 416 行.
INFO: Run ParseTemplate Behavior [ RunTime:-0.019951s ]
INFO: [ view_parse ] --END-- [ RunTime:0.026074s ]
INFO: [ view_filter ] --START--
INFO: Run ContentReplace Behavior [ RunTime:-0.046061s ]
INFO: Run TokenBuild Behavior [ RunTime:-0.046361s ]
INFO: Run WriteHtmlCache Behavior [ RunTime:-0.046666s ]
INFO: Run ShowRuntime Behavior [ RunTime:-0.046800s ]
INFO: [ view_filter ] --END-- [ RunTime:0.000996s ]
INFO: [ view_end ] --START--
INFO: Run ShowPageTrace Behavior [ RunTime:-0.047109s ]
INFO: [ view_end ] --END-- [ RunTime:0.000335s ]

[ 2014-01-23T22:24:17+08:00 ] 0.0.0.0 /wxsite/index.php?g=User&m=Company&a=branches&token=yqfjdb1389873776&isBranch=1
INFO: [ app_begin ] --START--
INFO: Run ReadHtmlCache Behavior [ RunTime:0.000255s ]
INFO: [ app_begin ] --END-- [ RunTime:0.000303s ]
NOTIC: [8] Undefined offset: 1 /Library/WebServer/Documents/wxsite/Lib/Core/Action.class.php 第 206 行.
NOTIC: [2] Cannot use a scalar value as an array /Library/WebServer/Documents/wxsite/Lib/Core/Action.class.php 第 206 行.
SQL: SHOW COLUMNS FROM `tp_user_group` [ RunTime:0.008213s ]
SQL: SELECT * FROM `tp_user_group` WHERE ( `id` = 4 ) LIMIT 1   [ RunTime:0.000305s ]
SQL: SHOW COLUMNS FROM `tp_users` [ RunTime:0.001545s ]
SQL: SELECT * FROM `tp_users` WHERE ( `id` = 33 ) LIMIT 1   [ RunTime:0.000366s ]
SQL: SHOW COLUMNS FROM `tp_wxuser` [ RunTime:0.001728s ]
SQL: SELECT `wxname`,`wxid`,`headerpic`,`weixin` FROM `tp_wxuser` WHERE ( `token` = 'yqfjdb1389873776' ) AND ( `uid` = 33 ) LIMIT 1   [ RunTime:0.000394s ]
SQL: SHOW COLUMNS FROM `tp_company` [ RunTime:0.001729s ]
SQL: SELECT * FROM `tp_company` WHERE ( `isbranch` = 1 ) AND ( `token` = 'yqfjdb1389873776' ) ORDER BY taxis ASC  [ RunTime:0.000342s ]
NOTIC: [8] Undefined offset: 1 /Library/WebServer/Documents/wxsite/Lib/Core/View.class.php 第 69 行.
INFO: [ view_template ] --START--
INFO: Run LocationTemplate Behavior [ RunTime:-0.022329s ]
INFO: [ view_template ] --END-- [ RunTime:0.000245s ]
INFO: [ view_parse ] --START--
NOTIC: [8] Undefined variable: isDining /Library/WebServer/Documents/wxsite/data/conf/logs/Cache/User/e674e06359f6b4e79ef0d5880bbd2c57.php 第 417 行.
NOTIC: [8] Undefined variable: page /Library/WebServer/Documents/wxsite/data/conf/logs/Cache/User/e674e06359f6b4e79ef0d5880bbd2c57.php 第 423 行.
INFO: Run ParseTemplate Behavior [ RunTime:-0.022607s ]
INFO: [ view_parse ] --END-- [ RunTime:0.021546s ]
INFO: [ view_filter ] --START--
INFO: Run ContentReplace Behavior [ RunTime:-0.044179s ]
INFO: Run TokenBuild Behavior [ RunTime:-0.044397s ]
INFO: Run WriteHtmlCache Behavior [ RunTime:-0.044642s ]
INFO: Run ShowRuntime Behavior [ RunTime:-0.044757s ]
INFO: [ view_filter ] --END-- [ RunTime:0.000798s ]
INFO: [ view_end ] --START--
INFO: Run ShowPageTrace Behavior [ RunTime:-0.045014s ]
INFO: [ view_end ] --END-- [ RunTime:0.000292s ]

[ 2014-01-23T22:24:20+08:00 ] 0.0.0.0 /wxsite/index.php?g=User&m=Company&a=index&token=yqfjdb1389873776
INFO: [ app_begin ] --START--
INFO: Run ReadHtmlCache Behavior [ RunTime:0.000243s ]
INFO: [ app_begin ] --END-- [ RunTime:0.000286s ]
NOTIC: [8] Undefined offset: 1 /Library/WebServer/Documents/wxsite/Lib/Core/Action.class.php 第 206 行.
NOTIC: [2] Cannot use a scalar value as an array /Library/WebServer/Documents/wxsite/Lib/Core/Action.class.php 第 206 行.
SQL: SHOW COLUMNS FROM `tp_user_group` [ RunTime:0.007943s ]
SQL: SELECT * FROM `tp_user_group` WHERE ( `id` = 4 ) LIMIT 1   [ RunTime:0.000384s ]
SQL: SHOW COLUMNS FROM `tp_users` [ RunTime:0.001416s ]
SQL: SELECT * FROM `tp_users` WHERE ( `id` = 33 ) LIMIT 1   [ RunTime:0.000351s ]
SQL: SHOW COLUMNS FROM `tp_wxuser` [ RunTime:0.001680s ]
SQL: SELECT `wxname`,`wxid`,`headerpic`,`weixin` FROM `tp_wxuser` WHERE ( `token` = 'yqfjdb1389873776' ) AND ( `uid` = 33 ) LIMIT 1   [ RunTime:0.000285s ]
SQL: SHOW COLUMNS FROM `tp_company` [ RunTime:0.001501s ]
SQL: SELECT * FROM `tp_company` WHERE ( `token` = 'yqfjdb1389873776' ) AND ( `isbranch` = 0 ) LIMIT 1   [ RunTime:0.000304s ]
NOTIC: [8] Undefined offset: 1 /Library/WebServer/Documents/wxsite/Lib/Core/View.class.php 第 69 行.
INFO: [ view_template ] --START--
INFO: Run LocationTemplate Behavior [ RunTime:-0.021139s ]
INFO: [ view_template ] --END-- [ RunTime:0.000234s ]
INFO: [ view_parse ] --START--
NOTIC: [8] Undefined variable: id /Library/WebServer/Documents/wxsite/data/conf/logs/Cache/User/f2d3ec30fc8a5c5c71679dbbc185174b.php 第 397 行.
NOTIC: [8] Undefined variable: parentid /Library/WebServer/Documents/wxsite/data/conf/logs/Cache/User/f2d3ec30fc8a5c5c71679dbbc185174b.php 第 400 行.
NOTIC: [8] Undefined variable: parentid /Library/WebServer/Documents/wxsite/data/conf/logs/Cache/User/f2d3ec30fc8a5c5c71679dbbc185174b.php 第 400 行.
NOTIC: [8] Undefined variable: isUpdate /Library/WebServer/Documents/wxsite/data/conf/logs/Cache/User/f2d3ec30fc8a5c5c71679dbbc185174b.php 第 416 行.
INFO: Run ParseTemplate Behavior [ RunTime:-0.021405s ]
INFO: [ view_parse ] --END-- [ RunTime:0.017766s ]
INFO: [ view_filter ] --START--
INFO: Run ContentReplace Behavior [ RunTime:-0.039199s ]
INFO: Run TokenBuild Behavior [ RunTime:-0.039415s ]
INFO: Run WriteHtmlCache Behavior [ RunTime:-0.039655s ]
INFO: Run ShowRuntime Behavior [ RunTime:-0.039767s ]
INFO: [ view_filter ] --END-- [ RunTime:0.000784s ]
INFO: [ view_end ] --START--
INFO: Run ShowPageTrace Behavior [ RunTime:-0.040020s ]
INFO: [ view_end ] --END-- [ RunTime:0.000343s ]

[ 2014-01-23T22:24:28+08:00 ] 0.0.0.0 /wxsite/index.php?g=User&m=Taobao&a=index&token=yqfjdb1389873776
INFO: [ app_begin ] --START--
INFO: Run ReadHtmlCache Behavior [ RunTime:0.000272s ]
INFO: [ app_begin ] --END-- [ RunTime:0.000371s ]
NOTIC: [8] Undefined offset: 1 /Library/WebServer/Documents/wxsite/Lib/Core/Action.class.php 第 206 行.
NOTIC: [2] Cannot use a scalar value as an array /Library/WebServer/Documents/wxsite/Lib/Core/Action.class.php 第 206 行.
SQL: SHOW COLUMNS FROM `tp_user_group` [ RunTime:0.001721s ]
SQL: SELECT * FROM `tp_user_group` WHERE ( `id` = 4 ) LIMIT 1   [ RunTime:0.000420s ]
SQL: SHOW COLUMNS FROM `tp_users` [ RunTime:0.001649s ]
SQL: SELECT * FROM `tp_users` WHERE ( `id` = 33 ) LIMIT 1   [ RunTime:0.000354s ]
SQL: SHOW COLUMNS FROM `tp_wxuser` [ RunTime:0.001706s ]
SQL: SELECT `wxname`,`wxid`,`headerpic`,`weixin` FROM `tp_wxuser` WHERE ( `token` = 'yqfjdb1389873776' ) AND ( `uid` = 33 ) LIMIT 1   [ RunTime:0.000436s ]
SQL: SHOW COLUMNS FROM `tp_token_open` [ RunTime:0.001818s ]
SQL: SELECT `queryname` FROM `tp_token_open` WHERE ( `token` = 'yqfjdb1389873776' ) LIMIT 1   [ RunTime:0.000381s ]
SQL: SHOW COLUMNS FROM `tp_taobao` [ RunTime:0.004732s ]
SQL: SELECT * FROM `tp_taobao` WHERE ( `token` = 'yqfjdb1389873776' ) LIMIT 1   [ RunTime:0.000329s ]
NOTIC: [8] Undefined offset: 1 /Library/WebServer/Documents/wxsite/Lib/Core/View.class.php 第 69 行.
INFO: [ view_template ] --START--
INFO: Run LocationTemplate Behavior [ RunTime:-0.034370s ]
INFO: [ view_template ] --END-- [ RunTime:0.000274s ]
INFO: [ view_parse ] --START--
INFO: Run ParseTemplate Behavior [ RunTime:-0.034680s ]
INFO: [ view_parse ] --END-- [ RunTime:0.022600s ]
INFO: [ view_filter ] --START--
INFO: Run ContentReplace Behavior [ RunTime:-0.057309s ]
INFO: Run TokenBuild Behavior [ RunTime:-0.057564s ]
INFO: Run WriteHtmlCache Behavior [ RunTime:-0.057869s ]
INFO: Run ShowRuntime Behavior [ RunTime:-0.058028s ]
INFO: [ view_filter ] --END-- [ RunTime:0.000969s ]
INFO: [ view_end ] --START--
INFO: Run ShowPageTrace Behavior [ RunTime:-0.058325s ]
INFO: [ view_end ] --END-- [ RunTime:0.000321s ]

[ 2014-01-23T22:24:29+08:00 ] 0.0.0.0 /wxsite/index.php?g=User&m=Api&a=index&token=yqfjdb1389873776
INFO: [ app_begin ] --START--
INFO: Run ReadHtmlCache Behavior [ RunTime:0.000258s ]
INFO: [ app_begin ] --END-- [ RunTime:0.000306s ]
NOTIC: [8] Undefined offset: 1 /Library/WebServer/Documents/wxsite/Lib/Core/Action.class.php 第 206 行.
NOTIC: [2] Cannot use a scalar value as an array /Library/WebServer/Documents/wxsite/Lib/Core/Action.class.php 第 206 行.
SQL: SHOW COLUMNS FROM `tp_user_group` [ RunTime:0.001660s ]
SQL: SELECT * FROM `tp_user_group` WHERE ( `id` = 4 ) LIMIT 1   [ RunTime:0.000332s ]
SQL: SHOW COLUMNS FROM `tp_users` [ RunTime:0.001452s ]
SQL: SELECT * FROM `tp_users` WHERE ( `id` = 33 ) LIMIT 1   [ RunTime:0.000333s ]
SQL: SHOW COLUMNS FROM `tp_wxuser` [ RunTime:0.001722s ]
SQL: SELECT `wxname`,`wxid`,`headerpic`,`weixin` FROM `tp_wxuser` WHERE ( `token` = 'yqfjdb1389873776' ) AND ( `uid` = 33 ) LIMIT 1   [ RunTime:0.000326s ]
SQL: SHOW COLUMNS FROM `tp_token_open` [ RunTime:0.001048s ]
SQL: SELECT `queryname` FROM `tp_token_open` WHERE ( `token` = 'yqfjdb1389873776' ) LIMIT 1   [ RunTime:0.000267s ]
SQL: SHOW COLUMNS FROM `tp_api` [ RunTime:0.003733s ]
SQL: SELECT * FROM `tp_api` WHERE ( `token` = 'yqfjdb1389873776' ) AND ( `uid` = 33 )  [ RunTime:0.000370s ]
NOTIC: [8] Undefined offset: 1 /Library/WebServer/Documents/wxsite/Lib/Core/View.class.php 第 69 行.
INFO: [ view_template ] --START--
INFO: Run LocationTemplate Behavior [ RunTime:-0.031373s ]
INFO: [ view_template ] --END-- [ RunTime:0.000347s ]
INFO: [ view_parse ] --START--
INFO: Run ParseTemplate Behavior [ RunTime:-0.031737s ]
INFO: [ view_parse ] --END-- [ RunTime:0.020631s ]
INFO: [ view_filter ] --START--
INFO: Run ContentReplace Behavior [ RunTime:-0.052397s ]
INFO: Run TokenBuild Behavior [ RunTime:-0.052615s ]
INFO: Run WriteHtmlCache Behavior [ RunTime:-0.052868s ]
INFO: Run ShowRuntime Behavior [ RunTime:-0.052982s ]
INFO: [ view_filter ] --END-- [ RunTime:0.000805s ]
INFO: [ view_end ] --START--
INFO: Run ShowPageTrace Behavior [ RunTime:-0.053237s ]
INFO: [ view_end ] --END-- [ RunTime:0.000293s ]

[ 2014-01-23T22:24:30+08:00 ] 0.0.0.0 /wxsite/index.php?g=User&m=Liuyan&a=index&token=yqfjdb1389873776
INFO: [ app_begin ] --START--
INFO: Run ReadHtmlCache Behavior [ RunTime:0.000246s ]
INFO: [ app_begin ] --END-- [ RunTime:0.000291s ]
NOTIC: [8] Undefined offset: 1 /Library/WebServer/Documents/wxsite/Lib/Core/Action.class.php 第 206 行.
NOTIC: [2] Cannot use a scalar value as an array /Library/WebServer/Documents/wxsite/Lib/Core/Action.class.php 第 206 行.
SQL: SHOW COLUMNS FROM `tp_user_group` [ RunTime:0.001648s ]
SQL: SELECT * FROM `tp_user_group` WHERE ( `id` = 4 ) LIMIT 1   [ RunTime:0.000340s ]
SQL: SHOW COLUMNS FROM `tp_users` [ RunTime:0.001340s ]
SQL: SELECT * FROM `tp_users` WHERE ( `id` = 33 ) LIMIT 1   [ RunTime:0.000325s ]
SQL: SHOW COLUMNS FROM `tp_wxuser` [ RunTime:0.001522s ]
SQL: SELECT `wxname`,`wxid`,`headerpic`,`weixin` FROM `tp_wxuser` WHERE ( `token` = 'yqfjdb1389873776' ) AND ( `uid` = 33 ) LIMIT 1   [ RunTime:0.000307s ]
SQL: SHOW COLUMNS FROM `tp_liuyan` [ RunTime:0.003899s ]
SQL: SELECT COUNT(*) AS tp_count FROM `tp_liuyan` WHERE ( `token` = 'yqfjdb1389873776' ) LIMIT 1   [ RunTime:0.000291s ]
SQL: SELECT * FROM `tp_liuyan` WHERE ( `token` = 'yqfjdb1389873776' ) ORDER BY createtime DESC LIMIT 0,25   [ RunTime:0.000384s ]
NOTIC: [8] Undefined variable: username /Library/WebServer/Documents/wxsite/Lanrain/Lib/Action/User/LiuyanAction.class.php 第 33 行.
NOTIC: [8] Undefined offset: 1 /Library/WebServer/Documents/wxsite/Lib/Core/View.class.php 第 69 行.
INFO: [ view_template ] --START--
INFO: Run LocationTemplate Behavior [ RunTime:-0.030664s ]
INFO: [ view_template ] --END-- [ RunTime:0.000226s ]
INFO: [ view_parse ] --START--
INFO: Run ParseTemplate Behavior [ RunTime:-0.030914s ]
INFO: [ view_parse ] --END-- [ RunTime:0.022354s ]
INFO: [ view_filter ] --START--
INFO: Run ContentReplace Behavior [ RunTime:-0.053333s ]
INFO: Run TokenBuild Behavior [ RunTime:-0.053683s ]
INFO: Run WriteHtmlCache Behavior [ RunTime:-0.054007s ]
INFO: Run ShowRuntime Behavior [ RunTime:-0.054156s ]
INFO: [ view_filter ] --END-- [ RunTime:0.001137s ]
INFO: [ view_end ] --START--
INFO: Run ShowPageTrace Behavior [ RunTime:-0.054505s ]
INFO: [ view_end ] --END-- [ RunTime:0.000392s ]

[ 2014-01-23T22:24:32+08:00 ] 0.0.0.0 /wxsite/index.php?g=User&m=Member_card&a=index&token=yqfjdb1389873776
INFO: [ app_begin ] --START--
INFO: Run ReadHtmlCache Behavior [ RunTime:0.000310s ]
INFO: [ app_begin ] --END-- [ RunTime:0.000356s ]
NOTIC: [8] Undefined offset: 1 /Library/WebServer/Documents/wxsite/Lib/Core/Action.class.php 第 206 行.
NOTIC: [2] Cannot use a scalar value as an array /Library/WebServer/Documents/wxsite/Lib/Core/Action.class.php 第 206 行.
SQL: SHOW COLUMNS FROM `tp_user_group` [ RunTime:0.001483s ]
SQL: SELECT * FROM `tp_user_group` WHERE ( `id` = 4 ) LIMIT 1   [ RunTime:0.000279s ]
SQL: SHOW COLUMNS FROM `tp_users` [ RunTime:0.001331s ]
SQL: SELECT * FROM `tp_users` WHERE ( `id` = 33 ) LIMIT 1   [ RunTime:0.000285s ]
SQL: SHOW COLUMNS FROM `tp_wxuser` [ RunTime:0.001436s ]
SQL: SELECT `wxname`,`wxid`,`headerpic`,`weixin` FROM `tp_wxuser` WHERE ( `token` = 'yqfjdb1389873776' ) AND ( `uid` = 33 ) LIMIT 1   [ RunTime:0.000373s ]
SQL: SELECT * FROM `tp_wxuser` WHERE ( `token` = 'yqfjdb1389873776' ) LIMIT 1   [ RunTime:0.000337s ]
SQL: SELECT * FROM `tp_users` WHERE ( `id` = 33 ) LIMIT 1   [ RunTime:0.000297s ]
SQL: SELECT * FROM `tp_user_group` WHERE ( `id` = 4 ) LIMIT 1   [ RunTime:0.000250s ]
SQL: UPDATE `tp_wxuser` SET `allcardnum`=100 WHERE ( `token` = 'yqfjdb1389873776' ) [ RunTime:0.000233s ]
SQL: UPDATE `tp_wxuser` SET `cardisok`=1 WHERE ( `uid` = 33 ) AND ( `token` = 'yqfjdb1389873776' ) [ RunTime:0.005373s ]
SQL: SHOW COLUMNS FROM `tp_token_open` [ RunTime:0.001322s ]
SQL: SELECT `queryname` FROM `tp_token_open` WHERE ( `token` = 'yqfjdb1389873776' ) LIMIT 1   [ RunTime:0.000319s ]
SQL: SHOW COLUMNS FROM `tp_member_card_set` [ RunTime:0.004612s ]
SQL: SELECT * FROM `tp_member_card_set` WHERE ( `token` = 'yqfjdb1389873776' ) LIMIT 1   [ RunTime:0.000390s ]
NOTIC: [8] Undefined offset: 1 /Library/WebServer/Documents/wxsite/Lib/Core/View.class.php 第 69 行.
INFO: [ view_template ] --START--
INFO: Run LocationTemplate Behavior [ RunTime:-0.038932s ]
INFO: [ view_template ] --END-- [ RunTime:0.000178s ]
INFO: [ view_parse ] --START--
INFO: Run ParseTemplate Behavior [ RunTime:-0.039132s ]
INFO: [ view_parse ] --END-- [ RunTime:0.023152s ]
INFO: [ view_filter ] --START--
INFO: Run ContentReplace Behavior [ RunTime:-0.062321s ]
INFO: Run TokenBuild Behavior [ RunTime:-0.062596s ]
INFO: Run WriteHtmlCache Behavior [ RunTime:-0.062883s ]
INFO: Run ShowRuntime Behavior [ RunTime:-0.063003s ]
INFO: [ view_filter ] --END-- [ RunTime:0.000914s ]
INFO: [ view_end ] --START--
INFO: Run ShowPageTrace Behavior [ RunTime:-0.063274s ]
INFO: [ view_end ] --END-- [ RunTime:0.000294s ]

[ 2014-01-23T22:24:34+08:00 ] 0.0.0.0 /wxsite/index.php?g=User&m=Product&a=index&token=yqfjdb1389873776
INFO: [ app_begin ] --START--
INFO: Run ReadHtmlCache Behavior [ RunTime:0.000309s ]
INFO: [ app_begin ] --END-- [ RunTime:0.000370s ]
NOTIC: [8] Undefined offset: 1 /Library/WebServer/Documents/wxsite/Lib/Core/Action.class.php 第 206 行.
NOTIC: [2] Cannot use a scalar value as an array /Library/WebServer/Documents/wxsite/Lib/Core/Action.class.php 第 206 行.
SQL: SHOW COLUMNS FROM `tp_user_group` [ RunTime:0.001578s ]
SQL: SELECT * FROM `tp_user_group` WHERE ( `id` = 4 ) LIMIT 1   [ RunTime:0.000274s ]
SQL: SHOW COLUMNS FROM `tp_users` [ RunTime:0.001529s ]
SQL: SELECT * FROM `tp_users` WHERE ( `id` = 33 ) LIMIT 1   [ RunTime:0.000301s ]
SQL: SHOW COLUMNS FROM `tp_wxuser` [ RunTime:0.001947s ]
SQL: SELECT `wxname`,`wxid`,`headerpic`,`weixin` FROM `tp_wxuser` WHERE ( `token` = 'yqfjdb1389873776' ) AND ( `uid` = 33 ) LIMIT 1   [ RunTime:0.000369s ]
SQL: SHOW COLUMNS FROM `tp_token_open` [ RunTime:0.001171s ]
SQL: SELECT `queryname` FROM `tp_token_open` WHERE ( `token` = 'yqfjdb1389873776' ) LIMIT 1   [ RunTime:0.000279s ]
NOTIC: [8] Undefined index: catid /Library/WebServer/Documents/wxsite/Lanrain/Lib/Action/User/ProductAction.class.php 第 23 行.
SQL: SHOW COLUMNS FROM `tp_product` [ RunTime:0.003366s ]
SQL: SHOW COLUMNS FROM `tp_product_cat` [ RunTime:0.002561s ]
SQL: SELECT COUNT(*) AS tp_count FROM `tp_product` WHERE ( `token` = 'yqfjdb1389873776' ) AND ( `dining` = 0 ) AND ( `groupon` <> 1 ) LIMIT 1   [ RunTime:0.000269s ]
SQL: SELECT * FROM `tp_product` WHERE ( `token` = 'yqfjdb1389873776' ) AND ( `dining` = 0 ) AND ( `groupon` <> 1 ) ORDER BY id desc LIMIT 0,20   [ RunTime:0.000309s ]
NOTIC: [8] Undefined offset: 1 /Library/WebServer/Documents/wxsite/Lib/Core/View.class.php 第 69 行.
INFO: [ view_template ] --START--
INFO: Run LocationTemplate Behavior [ RunTime:-0.036418s ]
INFO: [ view_template ] --END-- [ RunTime:0.000296s ]
INFO: [ view_parse ] --START--
INFO: Run ParseTemplate Behavior [ RunTime:-0.036753s ]
INFO: [ view_parse ] --END-- [ RunTime:0.023441s ]
INFO: [ view_filter ] --START--
INFO: Run ContentReplace Behavior [ RunTime:-0.060219s ]
INFO: Run TokenBuild Behavior [ RunTime:-0.060437s ]
INFO: Run WriteHtmlCache Behavior [ RunTime:-0.060706s ]
INFO: Run ShowRuntime Behavior [ RunTime:-0.060830s ]
INFO: [ view_filter ] --END-- [ RunTime:0.000830s ]
INFO: [ view_end ] --START--
INFO: Run ShowPageTrace Behavior [ RunTime:-0.061086s ]
INFO: [ view_end ] --END-- [ RunTime:0.000291s ]

[ 2014-01-23T22:24:34+08:00 ] 0.0.0.0 /wxsite/index.php?g=User&m=Member_card&a=index&token=yqfjdb1389873776
INFO: [ app_begin ] --START--
INFO: Run ReadHtmlCache Behavior [ RunTime:0.000288s ]
INFO: [ app_begin ] --END-- [ RunTime:0.000335s ]
NOTIC: [8] Undefined offset: 1 /Library/WebServer/Documents/wxsite/Lib/Core/Action.class.php 第 206 行.
NOTIC: [2] Cannot use a scalar value as an array /Library/WebServer/Documents/wxsite/Lib/Core/Action.class.php 第 206 行.
SQL: SHOW COLUMNS FROM `tp_user_group` [ RunTime:0.008277s ]
SQL: SELECT * FROM `tp_user_group` WHERE ( `id` = 4 ) LIMIT 1   [ RunTime:0.000500s ]
SQL: SHOW COLUMNS FROM `tp_users` [ RunTime:0.001908s ]
SQL: SELECT * FROM `tp_users` WHERE ( `id` = 33 ) LIMIT 1   [ RunTime:0.000421s ]
SQL: SHOW COLUMNS FROM `tp_wxuser` [ RunTime:0.002201s ]
SQL: SELECT `wxname`,`wxid`,`headerpic`,`weixin` FROM `tp_wxuser` WHERE ( `token` = 'yqfjdb1389873776' ) AND ( `uid` = 33 ) LIMIT 1   [ RunTime:0.000321s ]
SQL: SELECT * FROM `tp_wxuser` WHERE ( `token` = 'yqfjdb1389873776' ) LIMIT 1   [ RunTime:0.000376s ]
SQL: SELECT * FROM `tp_users` WHERE ( `id` = 33 ) LIMIT 1   [ RunTime:0.000330s ]
SQL: SELECT * FROM `tp_user_group` WHERE ( `id` = 4 ) LIMIT 1   [ RunTime:0.000363s ]
SQL: UPDATE `tp_wxuser` SET `allcardnum`=100 WHERE ( `token` = 'yqfjdb1389873776' ) [ RunTime:0.000246s ]
SQL: UPDATE `tp_wxuser` SET `cardisok`=1 WHERE ( `uid` = 33 ) AND ( `token` = 'yqfjdb1389873776' ) [ RunTime:0.000313s ]
SQL: SHOW COLUMNS FROM `tp_token_open` [ RunTime:0.001339s ]
SQL: SELECT `queryname` FROM `tp_token_open` WHERE ( `token` = 'yqfjdb1389873776' ) LIMIT 1   [ RunTime:0.000259s ]
SQL: SHOW COLUMNS FROM `tp_member_card_set` [ RunTime:0.001724s ]
SQL: SELECT * FROM `tp_member_card_set` WHERE ( `token` = 'yqfjdb1389873776' ) LIMIT 1   [ RunTime:0.000361s ]
NOTIC: [8] Undefined offset: 1 /Library/WebServer/Documents/wxsite/Lib/Core/View.class.php 第 69 行.
INFO: [ view_template ] --START--
INFO: Run LocationTemplate Behavior [ RunTime:-0.028180s ]
INFO: [ view_template ] --END-- [ RunTime:0.000240s ]
INFO: [ view_parse ] --START--
INFO: Run ParseTemplate Behavior [ RunTime:-0.028452s ]
INFO: [ view_parse ] --END-- [ RunTime:0.020727s ]
INFO: [ view_filter ] --START--
INFO: Run ContentReplace Behavior [ RunTime:-0.049220s ]
INFO: Run TokenBuild Behavior [ RunTime:-0.049463s ]
INFO: Run WriteHtmlCache Behavior [ RunTime:-0.049785s ]
INFO: Run ShowRuntime Behavior [ RunTime:-0.049912s ]
INFO: [ view_filter ] --END-- [ RunTime:0.000917s ]
INFO: [ view_end ] --START--
INFO: Run ShowPageTrace Behavior [ RunTime:-0.050178s ]
INFO: [ view_end ] --END-- [ RunTime:0.000294s ]

[ 2014-01-23T22:52:13+08:00 ] 0.0.0.0 /wxsite/index.php?g=Home&m=Index&a=fc
INFO: [ app_begin ] --START--
INFO: Run ReadHtmlCache Behavior [ RunTime:0.000382s ]
INFO: [ app_begin ] --END-- [ RunTime:0.000478s ]
NOTIC: [8] Undefined offset: 1 /Library/WebServer/Documents/wxsite/Lib/Core/Action.class.php 第 206 行.
NOTIC: [2] Cannot use a scalar value as an array /Library/WebServer/Documents/wxsite/Lib/Core/Action.class.php 第 206 行.
NOTIC: [8] Undefined offset: 1 /Library/WebServer/Documents/wxsite/Lib/Core/View.class.php 第 69 行.
INFO: [ view_template ] --START--
INFO: Run LocationTemplate Behavior [ RunTime:-0.010051s ]
INFO: [ view_template ] --END-- [ RunTime:0.000306s ]
INFO: [ view_parse ] --START--
NOTIC: [8] Use of undefined constant uid - assumed 'uid' /Library/WebServer/Documents/wxsite/data/conf/logs/Cache/Home/b719357359ce6769d919ad560d3bd861.php 第 31 行.
INFO: Run ParseTemplate Behavior [ RunTime:-0.010407s ]
INFO: [ view_parse ] --END-- [ RunTime:0.033345s ]
INFO: [ view_filter ] --START--
INFO: Run ContentReplace Behavior [ RunTime:-0.043813s ]
INFO: Run TokenBuild Behavior [ RunTime:-0.044345s ]
INFO: Run WriteHtmlCache Behavior [ RunTime:-0.045160s ]
INFO: Run ShowRuntime Behavior [ RunTime:-0.045382s ]
INFO: [ view_filter ] --END-- [ RunTime:0.001981s ]
INFO: [ view_end ] --START--
INFO: Run ShowPageTrace Behavior [ RunTime:-0.045901s ]
INFO: [ view_end ] --END-- [ RunTime:0.000489s ]

