[ 2014-01-24T13:49:15+08:00 ] 0.0.0.0 /wxsite/
INFO: [ app_begin ] --START--
INFO: Run ReadHtmlCache Behavior [ RunTime:0.000926s ]
INFO: [ app_begin ] --END-- [ RunTime:0.001220s ]
NOTIC: [8] Undefined offset: 1 /Library/WebServer/Documents/wxsite/Lib/Core/Action.class.php 第 206 行.
NOTIC: [2] Cannot use a scalar value as an array /Library/WebServer/Documents/wxsite/Lib/Core/Action.class.php 第 206 行.
NOTIC: [8] Undefined offset: 1 /Library/WebServer/Documents/wxsite/Lib/Core/View.class.php 第 69 行.
INFO: [ view_template ] --START--
INFO: Run LocationTemplate Behavior [ RunTime:-0.006643s ]
INFO: [ view_template ] --END-- [ RunTime:0.000765s ]
INFO: [ view_parse ] --START--
NOTIC: [8] Use of undefined constant uid - assumed 'uid' /Library/WebServer/Documents/wxsite/data/conf/logs/Cache/Home/6fec05cdeb567bdd6f06e8ce37bfd4e0.php 第 31 行.
INFO: Run ParseTemplate Behavior [ RunTime:-0.007541s ]
INFO: [ view_parse ] --END-- [ RunTime:0.033418s ]
INFO: [ view_filter ] --START--
INFO: Run ContentReplace Behavior [ RunTime:-0.040989s ]
INFO: Run TokenBuild Behavior [ RunTime:-0.041561s ]
INFO: Run WriteHtmlCache Behavior [ RunTime:-0.042141s ]
INFO: Run ShowRuntime Behavior [ RunTime:-0.042545s ]
INFO: [ view_filter ] --END-- [ RunTime:0.002266s ]
INFO: [ view_end ] --START--
INFO: Run ShowPageTrace Behavior [ RunTime:-0.043326s ]
INFO: [ view_end ] --END-- [ RunTime:0.000982s ]

[ 2014-01-24T13:49:16+08:00 ] 0.0.0.0 /wxsite/
INFO: [ app_begin ] --START--
INFO: Run ReadHtmlCache Behavior [ RunTime:0.000242s ]
INFO: [ app_begin ] --END-- [ RunTime:0.000282s ]
NOTIC: [8] Undefined offset: 1 /Library/WebServer/Documents/wxsite/Lib/Core/Action.class.php 第 206 行.
NOTIC: [2] Cannot use a scalar value as an array /Library/WebServer/Documents/wxsite/Lib/Core/Action.class.php 第 206 行.
NOTIC: [8] Undefined offset: 1 /Library/WebServer/Documents/wxsite/Lib/Core/View.class.php 第 69 行.
INFO: [ view_template ] --START--
INFO: Run LocationTemplate Behavior [ RunTime:-0.000891s ]
INFO: [ view_template ] --END-- [ RunTime:0.000157s ]
INFO: [ view_parse ] --START--
NOTIC: [8] Use of undefined constant uid - assumed 'uid' /Library/WebServer/Documents/wxsite/data/conf/logs/Cache/Home/6fec05cdeb567bdd6f06e8ce37bfd4e0.php 第 31 行.
INFO: Run ParseTemplate Behavior [ RunTime:-0.001072s ]
INFO: [ view_parse ] --END-- [ RunTime:0.007562s ]
INFO: [ view_filter ] --START--
INFO: Run ContentReplace Behavior [ RunTime:-0.008661s ]
INFO: Run TokenBuild Behavior [ RunTime:-0.008843s ]
INFO: Run WriteHtmlCache Behavior [ RunTime:-0.009040s ]
INFO: Run ShowRuntime Behavior [ RunTime:-0.009148s ]
INFO: [ view_filter ] --END-- [ RunTime:0.000695s ]
INFO: [ view_end ] --START--
INFO: Run ShowPageTrace Behavior [ RunTime:-0.009390s ]
INFO: [ view_end ] --END-- [ RunTime:0.000286s ]

[ 2014-01-24T13:49:22+08:00 ] 0.0.0.0 /wxsite/index.php?g=Home&m=Index&a=fc
INFO: [ app_begin ] --START--
INFO: Run ReadHtmlCache Behavior [ RunTime:0.000438s ]
INFO: [ app_begin ] --END-- [ RunTime:0.000544s ]
NOTIC: [8] Undefined offset: 1 /Library/WebServer/Documents/wxsite/Lib/Core/Action.class.php 第 206 行.
NOTIC: [2] Cannot use a scalar value as an array /Library/WebServer/Documents/wxsite/Lib/Core/Action.class.php 第 206 行.
NOTIC: [8] Undefined offset: 1 /Library/WebServer/Documents/wxsite/Lib/Core/View.class.php 第 69 行.
INFO: [ view_template ] --START--
INFO: Run LocationTemplate Behavior [ RunTime:-0.001756s ]
INFO: [ view_template ] --END-- [ RunTime:0.000198s ]
INFO: [ view_parse ] --START--
NOTIC: [8] Use of undefined constant uid - assumed 'uid' /Library/WebServer/Documents/wxsite/data/conf/logs/Cache/Home/b719357359ce6769d919ad560d3bd861.php 第 31 行.
INFO: Run ParseTemplate Behavior [ RunTime:-0.002030s ]
INFO: [ view_parse ] --END-- [ RunTime:0.032523s ]
INFO: [ view_filter ] --START--
INFO: Run ContentReplace Behavior [ RunTime:-0.034556s ]
INFO: Run TokenBuild Behavior [ RunTime:-0.035060s ]
INFO: Run WriteHtmlCache Behavior [ RunTime:-0.035390s ]
INFO: Run ShowRuntime Behavior [ RunTime:-0.035526s ]
INFO: [ view_filter ] --END-- [ RunTime:0.001249s ]
INFO: [ view_end ] --START--
INFO: Run ShowPageTrace Behavior [ RunTime:-0.035862s ]
INFO: [ view_end ] --END-- [ RunTime:0.000371s ]

[ 2014-01-24T14:04:59+08:00 ] 0.0.0.0 /wxsite/
INFO: [ app_begin ] --START--
INFO: Run ReadHtmlCache Behavior [ RunTime:0.000247s ]
INFO: [ app_begin ] --END-- [ RunTime:0.000287s ]
NOTIC: [8] Undefined offset: 1 /Library/WebServer/Documents/wxsite/Lib/Core/Action.class.php 第 206 行.
NOTIC: [2] Cannot use a scalar value as an array /Library/WebServer/Documents/wxsite/Lib/Core/Action.class.php 第 206 行.
NOTIC: [8] Undefined offset: 1 /Library/WebServer/Documents/wxsite/Lib/Core/View.class.php 第 69 行.
INFO: [ view_template ] --START--
INFO: Run LocationTemplate Behavior [ RunTime:-0.002411s ]
INFO: [ view_template ] --END-- [ RunTime:0.000339s ]
INFO: [ view_parse ] --START--
NOTIC: [8] Use of undefined constant uid - assumed 'uid' /Library/WebServer/Documents/wxsite/data/conf/logs/Cache/Home/6fec05cdeb567bdd6f06e8ce37bfd4e0.php 第 31 行.
INFO: Run ParseTemplate Behavior [ RunTime:-0.002797s ]
INFO: [ view_parse ] --END-- [ RunTime:0.012164s ]
INFO: [ view_filter ] --START--
INFO: Run ContentReplace Behavior [ RunTime:-0.014982s ]
INFO: Run TokenBuild Behavior [ RunTime:-0.015189s ]
INFO: Run WriteHtmlCache Behavior [ RunTime:-0.015410s ]
INFO: Run ShowRuntime Behavior [ RunTime:-0.015534s ]
INFO: [ view_filter ] --END-- [ RunTime:0.000785s ]
INFO: [ view_end ] --START--
INFO: Run ShowPageTrace Behavior [ RunTime:-0.015803s ]
INFO: [ view_end ] --END-- [ RunTime:0.000308s ]

[ 2014-01-24T14:05:01+08:00 ] 0.0.0.0 /wxsite/index.php?g=Home&m=Index&a=fc
INFO: [ app_begin ] --START--
INFO: Run ReadHtmlCache Behavior [ RunTime:0.000320s ]
INFO: [ app_begin ] --END-- [ RunTime:0.000420s ]
NOTIC: [8] Undefined offset: 1 /Library/WebServer/Documents/wxsite/Lib/Core/Action.class.php 第 206 行.
NOTIC: [2] Cannot use a scalar value as an array /Library/WebServer/Documents/wxsite/Lib/Core/Action.class.php 第 206 行.
NOTIC: [8] Undefined offset: 1 /Library/WebServer/Documents/wxsite/Lib/Core/View.class.php 第 69 行.
INFO: [ view_template ] --START--
INFO: Run LocationTemplate Behavior [ RunTime:-0.002161s ]
INFO: [ view_template ] --END-- [ RunTime:0.000609s ]
INFO: [ view_parse ] --START--
NOTIC: [8] Use of undefined constant uid - assumed 'uid' /Library/WebServer/Documents/wxsite/data/conf/logs/Cache/Home/b719357359ce6769d919ad560d3bd861.php 第 31 行.
INFO: Run ParseTemplate Behavior [ RunTime:-0.002904s ]
INFO: [ view_parse ] --END-- [ RunTime:0.024148s ]
INFO: [ view_filter ] --START--
INFO: Run ContentReplace Behavior [ RunTime:-0.027043s ]
INFO: Run TokenBuild Behavior [ RunTime:-0.027375s ]
INFO: Run WriteHtmlCache Behavior [ RunTime:-0.027735s ]
INFO: Run ShowRuntime Behavior [ RunTime:-0.027894s ]
INFO: [ view_filter ] --END-- [ RunTime:0.001203s ]
INFO: [ view_end ] --START--
INFO: Run ShowPageTrace Behavior [ RunTime:-0.028314s ]
INFO: [ view_end ] --END-- [ RunTime:0.000398s ]

[ 2014-01-24T14:05:41+08:00 ] 0.0.0.0 /wxsite/index.php?g=Home&m=Index&a=fc
INFO: [ app_begin ] --START--
INFO: Run ReadHtmlCache Behavior [ RunTime:0.000322s ]
INFO: [ app_begin ] --END-- [ RunTime:0.000444s ]
NOTIC: [8] Undefined offset: 1 /Library/WebServer/Documents/wxsite/Lib/Core/Action.class.php 第 206 行.
NOTIC: [2] Cannot use a scalar value as an array /Library/WebServer/Documents/wxsite/Lib/Core/Action.class.php 第 206 行.
NOTIC: [8] Undefined offset: 1 /Library/WebServer/Documents/wxsite/Lib/Core/View.class.php 第 69 行.
INFO: [ view_template ] --START--
INFO: Run LocationTemplate Behavior [ RunTime:-0.002189s ]
INFO: [ view_template ] --END-- [ RunTime:0.000221s ]
INFO: [ view_parse ] --START--
NOTIC: [8] Use of undefined constant uid - assumed 'uid' /Library/WebServer/Documents/wxsite/data/conf/logs/Cache/Home/b719357359ce6769d919ad560d3bd861.php 第 31 行.
INFO: Run ParseTemplate Behavior [ RunTime:-0.002449s ]
INFO: [ view_parse ] --END-- [ RunTime:0.018084s ]
INFO: [ view_filter ] --START--
INFO: Run ContentReplace Behavior [ RunTime:-0.020568s ]
INFO: Run TokenBuild Behavior [ RunTime:-0.020891s ]
INFO: Run WriteHtmlCache Behavior [ RunTime:-0.021249s ]
INFO: Run ShowRuntime Behavior [ RunTime:-0.021408s ]
INFO: [ view_filter ] --END-- [ RunTime:0.001195s ]
INFO: [ view_end ] --START--
INFO: Run ShowPageTrace Behavior [ RunTime:-0.021834s ]
INFO: [ view_end ] --END-- [ RunTime:0.000406s ]

[ 2014-01-24T14:05:42+08:00 ] 0.0.0.0 /wxsite/index.php?g=Home&m=Index&a=fc
INFO: [ app_begin ] --START--
INFO: Run ReadHtmlCache Behavior [ RunTime:0.000277s ]
INFO: [ app_begin ] --END-- [ RunTime:0.000323s ]
NOTIC: [8] Undefined offset: 1 /Library/WebServer/Documents/wxsite/Lib/Core/Action.class.php 第 206 行.
NOTIC: [2] Cannot use a scalar value as an array /Library/WebServer/Documents/wxsite/Lib/Core/Action.class.php 第 206 行.
NOTIC: [8] Undefined offset: 1 /Library/WebServer/Documents/wxsite/Lib/Core/View.class.php 第 69 行.
INFO: [ view_template ] --START--
INFO: Run LocationTemplate Behavior [ RunTime:-0.001011s ]
INFO: [ view_template ] --END-- [ RunTime:0.000155s ]
INFO: [ view_parse ] --START--
NOTIC: [8] Use of undefined constant uid - assumed 'uid' /Library/WebServer/Documents/wxsite/data/conf/logs/Cache/Home/b719357359ce6769d919ad560d3bd861.php 第 31 行.
INFO: Run ParseTemplate Behavior [ RunTime:-0.001189s ]
INFO: [ view_parse ] --END-- [ RunTime:0.014361s ]
INFO: [ view_filter ] --START--
INFO: Run ContentReplace Behavior [ RunTime:-0.015582s ]
INFO: Run TokenBuild Behavior [ RunTime:-0.015820s ]
INFO: Run WriteHtmlCache Behavior [ RunTime:-0.016069s ]
INFO: Run ShowRuntime Behavior [ RunTime:-0.016210s ]
INFO: [ view_filter ] --END-- [ RunTime:0.000855s ]
INFO: [ view_end ] --START--
INFO: Run ShowPageTrace Behavior [ RunTime:-0.016476s ]
INFO: [ view_end ] --END-- [ RunTime:0.000290s ]

[ 2014-01-24T14:06:10+08:00 ] 0.0.0.0 /wxsite/index.php?g=System&m=Admin&a=index
INFO: [ app_begin ] --START--
INFO: Run ReadHtmlCache Behavior [ RunTime:0.000240s ]
INFO: [ app_begin ] --END-- [ RunTime:0.000282s ]
NOTIC: [8] Undefined offset: 1 /Library/WebServer/Documents/wxsite/Lib/Core/Action.class.php 第 206 行.
NOTIC: [2] Cannot use a scalar value as an array /Library/WebServer/Documents/wxsite/Lib/Core/Action.class.php 第 206 行.
NOTIC: [8] Undefined offset: 1 /Library/WebServer/Documents/wxsite/Lib/Core/View.class.php 第 69 行.
INFO: [ view_template ] --START--
INFO: Run LocationTemplate Behavior [ RunTime:-0.009040s ]
INFO: [ view_template ] --END-- [ RunTime:0.000337s ]
INFO: [ view_parse ] --START--
NOTIC: [8] Use of undefined constant STATICS - assumed 'STATICS' /Library/WebServer/Documents/wxsite/data/conf/logs/Cache/System/0ac5617eb2d3cba46a940e61fff06d9f.php 第 14 行.
INFO: Run ParseTemplate Behavior [ RunTime:-0.009426s ]
INFO: [ view_parse ] --END-- [ RunTime:0.010538s ]
INFO: [ view_filter ] --START--
INFO: Run ContentReplace Behavior [ RunTime:-0.020071s ]
INFO: Run TokenBuild Behavior [ RunTime:-0.020420s ]
INFO: Run WriteHtmlCache Behavior [ RunTime:-0.020697s ]
INFO: Run ShowRuntime Behavior [ RunTime:-0.020852s ]
INFO: [ view_filter ] --END-- [ RunTime:0.001074s ]
INFO: [ view_end ] --START--
INFO: Run ShowPageTrace Behavior [ RunTime:-0.021181s ]
INFO: [ view_end ] --END-- [ RunTime:0.000393s ]

[ 2014-01-24T14:06:10+08:00 ] 0.0.0.0 /wxsite/index.php?g=System&m=Admin&a=verify
INFO: [ app_begin ] --START--
INFO: Run ReadHtmlCache Behavior [ RunTime:0.000237s ]
INFO: [ app_begin ] --END-- [ RunTime:0.000277s ]
NOTIC: [8] Undefined offset: 1 /Library/WebServer/Documents/wxsite/Lib/Core/Action.class.php 第 206 行.
NOTIC: [2] Cannot use a scalar value as an array /Library/WebServer/Documents/wxsite/Lib/Core/Action.class.php 第 206 行.

[ 2014-01-24T14:06:12+08:00 ] 0.0.0.0 /wxsite/index.php?g=Home&m=Index&a=fc
INFO: [ app_begin ] --START--
INFO: Run ReadHtmlCache Behavior [ RunTime:0.000378s ]
INFO: [ app_begin ] --END-- [ RunTime:0.000502s ]
NOTIC: [8] Undefined offset: 1 /Library/WebServer/Documents/wxsite/Lib/Core/Action.class.php 第 206 行.
NOTIC: [2] Cannot use a scalar value as an array /Library/WebServer/Documents/wxsite/Lib/Core/Action.class.php 第 206 行.
NOTIC: [8] Undefined offset: 1 /Library/WebServer/Documents/wxsite/Lib/Core/View.class.php 第 69 行.
INFO: [ view_template ] --START--
INFO: Run LocationTemplate Behavior [ RunTime:-0.001733s ]
INFO: [ view_template ] --END-- [ RunTime:0.000228s ]
INFO: [ view_parse ] --START--
NOTIC: [8] Use of undefined constant uid - assumed 'uid' /Library/WebServer/Documents/wxsite/data/conf/logs/Cache/Home/b719357359ce6769d919ad560d3bd861.php 第 31 行.
INFO: Run ParseTemplate Behavior [ RunTime:-0.001994s ]
INFO: [ view_parse ] --END-- [ RunTime:0.030208s ]
INFO: [ view_filter ] --START--
INFO: Run ContentReplace Behavior [ RunTime:-0.032229s ]
INFO: Run TokenBuild Behavior [ RunTime:-0.032474s ]
INFO: Run WriteHtmlCache Behavior [ RunTime:-0.032777s ]
INFO: Run ShowRuntime Behavior [ RunTime:-0.032915s ]
INFO: [ view_filter ] --END-- [ RunTime:0.000941s ]
INFO: [ view_end ] --START--
INFO: Run ShowPageTrace Behavior [ RunTime:-0.033217s ]
INFO: [ view_end ] --END-- [ RunTime:0.000293s ]

[ 2014-01-24T14:07:57+08:00 ] 0.0.0.0 /wxsite/index.php?g=Home&m=Index&a=about
INFO: [ app_begin ] --START--
INFO: Run ReadHtmlCache Behavior [ RunTime:0.000314s ]
INFO: [ app_begin ] --END-- [ RunTime:0.000366s ]
NOTIC: [8] Undefined offset: 1 /Library/WebServer/Documents/wxsite/Lib/Core/Action.class.php 第 206 行.
NOTIC: [2] Cannot use a scalar value as an array /Library/WebServer/Documents/wxsite/Lib/Core/Action.class.php 第 206 行.
NOTIC: [8] Undefined offset: 1 /Library/WebServer/Documents/wxsite/Lib/Core/View.class.php 第 69 行.
INFO: [ view_template ] --START--
INFO: Run LocationTemplate Behavior [ RunTime:-0.001041s ]
INFO: [ view_template ] --END-- [ RunTime:0.000179s ]
INFO: [ view_parse ] --START--
NOTIC: [8] Use of undefined constant uid - assumed 'uid' /Library/WebServer/Documents/wxsite/data/conf/logs/Cache/Home/78ff1c3a272e5eb0ed9d1720232c94a7.php 第 31 行.
INFO: Run ParseTemplate Behavior [ RunTime:-0.001250s ]
INFO: [ view_parse ] --END-- [ RunTime:0.027130s ]
INFO: [ view_filter ] --START--
INFO: Run ContentReplace Behavior [ RunTime:-0.028424s ]
INFO: Run TokenBuild Behavior [ RunTime:-0.028680s ]
INFO: Run WriteHtmlCache Behavior [ RunTime:-0.028914s ]
INFO: Run ShowRuntime Behavior [ RunTime:-0.029053s ]
INFO: [ view_filter ] --END-- [ RunTime:0.000902s ]
INFO: [ view_end ] --START--
INFO: Run ShowPageTrace Behavior [ RunTime:-0.029376s ]
INFO: [ view_end ] --END-- [ RunTime:0.000382s ]

[ 2014-01-24T14:07:58+08:00 ] 0.0.0.0 /wxsite/index.php?g=Home&m=Index&a=price
INFO: [ app_begin ] --START--
INFO: Run ReadHtmlCache Behavior [ RunTime:0.000301s ]
INFO: [ app_begin ] --END-- [ RunTime:0.000344s ]
NOTIC: [8] Undefined offset: 1 /Library/WebServer/Documents/wxsite/Lib/Core/Action.class.php 第 206 行.
NOTIC: [2] Cannot use a scalar value as an array /Library/WebServer/Documents/wxsite/Lib/Core/Action.class.php 第 206 行.
NOTIC: [8] Undefined offset: 1 /Library/WebServer/Documents/wxsite/Lib/Core/View.class.php 第 69 行.
INFO: [ view_template ] --START--
INFO: Run LocationTemplate Behavior [ RunTime:-0.000971s ]
INFO: [ view_template ] --END-- [ RunTime:0.000156s ]
INFO: [ view_parse ] --START--
NOTIC: [8] Use of undefined constant uid - assumed 'uid' /Library/WebServer/Documents/wxsite/data/conf/logs/Cache/Home/7d87f40fe1a639b5d2faca7da636fe55.php 第 31 行.
INFO: Run ParseTemplate Behavior [ RunTime:-0.001151s ]
INFO: [ view_parse ] --END-- [ RunTime:0.035153s ]
INFO: [ view_filter ] --START--
INFO: Run ContentReplace Behavior [ RunTime:-0.036350s ]
INFO: Run TokenBuild Behavior [ RunTime:-0.036683s ]
INFO: Run WriteHtmlCache Behavior [ RunTime:-0.037078s ]
INFO: Run ShowRuntime Behavior [ RunTime:-0.037207s ]
INFO: [ view_filter ] --END-- [ RunTime:0.001126s ]
INFO: [ view_end ] --START--
INFO: Run ShowPageTrace Behavior [ RunTime:-0.037519s ]
INFO: [ view_end ] --END-- [ RunTime:0.000319s ]

[ 2014-01-24T14:07:59+08:00 ] 0.0.0.0 /wxsite/index.php?g=Home&m=Index&a=common
INFO: [ app_begin ] --START--
INFO: Run ReadHtmlCache Behavior [ RunTime:0.000249s ]
INFO: [ app_begin ] --END-- [ RunTime:0.000295s ]
NOTIC: [8] Undefined offset: 1 /Library/WebServer/Documents/wxsite/Lib/Core/Action.class.php 第 206 行.
NOTIC: [2] Cannot use a scalar value as an array /Library/WebServer/Documents/wxsite/Lib/Core/Action.class.php 第 206 行.
NOTIC: [8] Undefined offset: 1 /Library/WebServer/Documents/wxsite/Lib/Core/View.class.php 第 69 行.
INFO: [ view_template ] --START--
INFO: Run LocationTemplate Behavior [ RunTime:-0.000950s ]
INFO: [ view_template ] --END-- [ RunTime:0.000155s ]
INFO: [ view_parse ] --START--
NOTIC: [8] Use of undefined constant uid - assumed 'uid' /Library/WebServer/Documents/wxsite/data/conf/logs/Cache/Home/3a807e3868876623571a2cfb7c876a8f.php 第 31 行.
INFO: Run ParseTemplate Behavior [ RunTime:-0.001143s ]
INFO: [ view_parse ] --END-- [ RunTime:0.020500s ]
INFO: [ view_filter ] --START--
INFO: Run ContentReplace Behavior [ RunTime:-0.021716s ]
INFO: Run TokenBuild Behavior [ RunTime:-0.022002s ]
INFO: Run WriteHtmlCache Behavior [ RunTime:-0.022271s ]
INFO: Run ShowRuntime Behavior [ RunTime:-0.022422s ]
INFO: [ view_filter ] --END-- [ RunTime:0.000998s ]
INFO: [ view_end ] --START--
INFO: Run ShowPageTrace Behavior [ RunTime:-0.022750s ]
INFO: [ view_end ] --END-- [ RunTime:0.000390s ]

[ 2014-01-24T14:08:00+08:00 ] 0.0.0.0 /wxsite/index.php?g=User&m=Index&a=index
INFO: [ app_begin ] --START--
INFO: Run ReadHtmlCache Behavior [ RunTime:0.000554s ]
INFO: [ app_begin ] --END-- [ RunTime:0.000641s ]
NOTIC: [2048] Declaration of IndexAction::insert() should be compatible with BaseAction::insert($name = '', $back = '/index') /Library/WebServer/Documents/wxsite/Lanrain/Lib/Action/User/IndexAction.class.php 第 2 行.
NOTIC: [8] Undefined offset: 1 /Library/WebServer/Documents/wxsite/Lib/Core/Action.class.php 第 206 行.
NOTIC: [2] Cannot use a scalar value as an array /Library/WebServer/Documents/wxsite/Lib/Core/Action.class.php 第 206 行.
SQL: SHOW COLUMNS FROM `tp_user_group` [ RunTime:0.002031s ]
SQL: SELECT * FROM `tp_user_group` WHERE ( `id` = 4 ) LIMIT 1   [ RunTime:0.001615s ]
SQL: SHOW COLUMNS FROM `tp_users` [ RunTime:0.001722s ]
SQL: SELECT * FROM `tp_users` WHERE ( `id` = 33 ) LIMIT 1   [ RunTime:0.000610s ]
SQL: SHOW COLUMNS FROM `tp_wxuser` [ RunTime:0.001896s ]
SQL: SELECT `wxname`,`wxid`,`headerpic`,`weixin` FROM `tp_wxuser` WHERE ( `token` = 'yqfjdb1389873776' ) AND ( `uid` = 33 ) LIMIT 1   [ RunTime:0.001023s ]
SQL: SHOW COLUMNS FROM `tp_user_group` [ RunTime:0.002146s ]
SQL: SELECT * FROM `tp_user_group`  [ RunTime:0.000306s ]
SQL: SELECT COUNT(*) AS tp_count FROM `tp_wxuser` WHERE ( `uid` = 33 ) LIMIT 1   [ RunTime:0.001038s ]
SQL: SELECT * FROM `tp_wxuser` WHERE ( `uid` = 33 ) LIMIT 0,25   [ RunTime:0.000596s ]
NOTIC: [8] Undefined offset: 1 /Library/WebServer/Documents/wxsite/Lib/Core/View.class.php 第 69 行.
INFO: [ view_template ] --START--
INFO: Run LocationTemplate Behavior [ RunTime:-0.032691s ]
INFO: [ view_template ] --END-- [ RunTime:0.000238s ]
INFO: [ view_parse ] --START--
INFO: Run ParseTemplate Behavior [ RunTime:-0.032962s ]
INFO: [ view_parse ] --END-- [ RunTime:0.015301s ]
INFO: [ view_filter ] --START--
INFO: Run ContentReplace Behavior [ RunTime:-0.048289s ]
INFO: Run TokenBuild Behavior [ RunTime:-0.048482s ]
INFO: Run WriteHtmlCache Behavior [ RunTime:-0.048676s ]
INFO: Run ShowRuntime Behavior [ RunTime:-0.048787s ]
INFO: [ view_filter ] --END-- [ RunTime:0.000772s ]
INFO: [ view_end ] --START--
INFO: Run ShowPageTrace Behavior [ RunTime:-0.049095s ]
INFO: [ view_end ] --END-- [ RunTime:0.000346s ]

[ 2014-01-24T14:08:02+08:00 ] 0.0.0.0 /wxsite/index.php?g=Home&m=Index&a=help
INFO: [ app_begin ] --START--
INFO: Run ReadHtmlCache Behavior [ RunTime:0.000266s ]
INFO: [ app_begin ] --END-- [ RunTime:0.000311s ]
NOTIC: [8] Undefined offset: 1 /Library/WebServer/Documents/wxsite/Lib/Core/Action.class.php 第 206 行.
NOTIC: [2] Cannot use a scalar value as an array /Library/WebServer/Documents/wxsite/Lib/Core/Action.class.php 第 206 行.
NOTIC: [8] Undefined offset: 1 /Library/WebServer/Documents/wxsite/Lib/Core/View.class.php 第 69 行.
INFO: [ view_template ] --START--
INFO: Run LocationTemplate Behavior [ RunTime:-0.000945s ]
INFO: [ view_template ] --END-- [ RunTime:0.000184s ]
INFO: [ view_parse ] --START--
NOTIC: [8] Use of undefined constant uid - assumed 'uid' /Library/WebServer/Documents/wxsite/data/conf/logs/Cache/Home/ac7dcbce78569838c0e0004a41cffac4.php 第 31 行.
NOTIC: [8] Undefined index: token /Library/WebServer/Documents/wxsite/data/conf/logs/Cache/Home/ac7dcbce78569838c0e0004a41cffac4.php 第 147 行.
NOTIC: [8] Undefined index: token /Library/WebServer/Documents/wxsite/data/conf/logs/Cache/Home/ac7dcbce78569838c0e0004a41cffac4.php 第 174 行.
NOTIC: [8] Undefined index: token /Library/WebServer/Documents/wxsite/data/conf/logs/Cache/Home/ac7dcbce78569838c0e0004a41cffac4.php 第 178 行.
INFO: Run ParseTemplate Behavior [ RunTime:-0.001153s ]
INFO: [ view_parse ] --END-- [ RunTime:0.020182s ]
INFO: [ view_filter ] --START--
INFO: Run ContentReplace Behavior [ RunTime:-0.021366s ]
INFO: Run TokenBuild Behavior [ RunTime:-0.021574s ]
INFO: Run WriteHtmlCache Behavior [ RunTime:-0.021773s ]
INFO: Run ShowRuntime Behavior [ RunTime:-0.021885s ]
INFO: [ view_filter ] --END-- [ RunTime:0.000730s ]
INFO: [ view_end ] --START--
INFO: Run ShowPageTrace Behavior [ RunTime:-0.022132s ]
INFO: [ view_end ] --END-- [ RunTime:0.000290s ]

[ 2014-01-24T14:08:03+08:00 ] 0.0.0.0 /wxsite/index.php?g=Home&m=Index&a=fc
INFO: [ app_begin ] --START--
INFO: Run ReadHtmlCache Behavior [ RunTime:0.000245s ]
INFO: [ app_begin ] --END-- [ RunTime:0.000290s ]
NOTIC: [8] Undefined offset: 1 /Library/WebServer/Documents/wxsite/Lib/Core/Action.class.php 第 206 行.
NOTIC: [2] Cannot use a scalar value as an array /Library/WebServer/Documents/wxsite/Lib/Core/Action.class.php 第 206 行.
NOTIC: [8] Undefined offset: 1 /Library/WebServer/Documents/wxsite/Lib/Core/View.class.php 第 69 行.
INFO: [ view_template ] --START--
INFO: Run LocationTemplate Behavior [ RunTime:-0.000915s ]
INFO: [ view_template ] --END-- [ RunTime:0.000154s ]
INFO: [ view_parse ] --START--
NOTIC: [8] Use of undefined constant uid - assumed 'uid' /Library/WebServer/Documents/wxsite/data/conf/logs/Cache/Home/b719357359ce6769d919ad560d3bd861.php 第 31 行.
INFO: Run ParseTemplate Behavior [ RunTime:-0.001094s ]
INFO: [ view_parse ] --END-- [ RunTime:0.016722s ]
INFO: [ view_filter ] --START--
INFO: Run ContentReplace Behavior [ RunTime:-0.017861s ]
INFO: Run TokenBuild Behavior [ RunTime:-0.018185s ]
INFO: Run WriteHtmlCache Behavior [ RunTime:-0.018530s ]
INFO: Run ShowRuntime Behavior [ RunTime:-0.018681s ]
INFO: [ view_filter ] --END-- [ RunTime:0.001124s ]
INFO: [ view_end ] --START--
INFO: Run ShowPageTrace Behavior [ RunTime:-0.019038s ]
INFO: [ view_end ] --END-- [ RunTime:0.000391s ]

[ 2014-01-24T14:15:04+08:00 ] 0.0.0.0 /wxsite/index.php?g=Home&m=Index&a=fc
INFO: [ app_begin ] --START--
INFO: Run ReadHtmlCache Behavior [ RunTime:0.000280s ]
INFO: [ app_begin ] --END-- [ RunTime:0.000422s ]
NOTIC: [8] Undefined offset: 1 /Library/WebServer/Documents/wxsite/Lib/Core/Action.class.php 第 206 行.
NOTIC: [2] Cannot use a scalar value as an array /Library/WebServer/Documents/wxsite/Lib/Core/Action.class.php 第 206 行.
NOTIC: [8] Undefined offset: 1 /Library/WebServer/Documents/wxsite/Lib/Core/View.class.php 第 69 行.
INFO: [ view_template ] --START--
INFO: Run LocationTemplate Behavior [ RunTime:-0.001313s ]
INFO: [ view_template ] --END-- [ RunTime:0.000211s ]
INFO: [ view_parse ] --START--
NOTIC: [8] Use of undefined constant uid - assumed 'uid' /Library/WebServer/Documents/wxsite/data/conf/logs/Cache/Home/b719357359ce6769d919ad560d3bd861.php 第 31 行.
INFO: Run ParseTemplate Behavior [ RunTime:-0.001553s ]
INFO: [ view_parse ] --END-- [ RunTime:0.014571s ]
INFO: [ view_filter ] --START--
INFO: Run ContentReplace Behavior [ RunTime:-0.016152s ]
INFO: Run TokenBuild Behavior [ RunTime:-0.016400s ]
INFO: Run WriteHtmlCache Behavior [ RunTime:-0.016662s ]
INFO: Run ShowRuntime Behavior [ RunTime:-0.016791s ]
INFO: [ view_filter ] --END-- [ RunTime:0.000879s ]
INFO: [ view_end ] --START--
INFO: Run ShowPageTrace Behavior [ RunTime:-0.017078s ]
INFO: [ view_end ] --END-- [ RunTime:0.000306s ]

[ 2014-01-24T14:15:06+08:00 ] 0.0.0.0 /wxsite/index.php?g=Home&m=Index&a=fc
INFO: [ app_begin ] --START--
INFO: Run ReadHtmlCache Behavior [ RunTime:0.000278s ]
INFO: [ app_begin ] --END-- [ RunTime:0.000324s ]
NOTIC: [8] Undefined offset: 1 /Library/WebServer/Documents/wxsite/Lib/Core/Action.class.php 第 206 行.
NOTIC: [2] Cannot use a scalar value as an array /Library/WebServer/Documents/wxsite/Lib/Core/Action.class.php 第 206 行.
NOTIC: [8] Undefined offset: 1 /Library/WebServer/Documents/wxsite/Lib/Core/View.class.php 第 69 行.
INFO: [ view_template ] --START--
INFO: Run LocationTemplate Behavior [ RunTime:-0.001032s ]
INFO: [ view_template ] --END-- [ RunTime:0.000176s ]
INFO: [ view_parse ] --START--
NOTIC: [8] Use of undefined constant uid - assumed 'uid' /Library/WebServer/Documents/wxsite/data/conf/logs/Cache/Home/b719357359ce6769d919ad560d3bd861.php 第 31 行.
INFO: Run ParseTemplate Behavior [ RunTime:-0.001236s ]
INFO: [ view_parse ] --END-- [ RunTime:0.014070s ]
INFO: [ view_filter ] --START--
INFO: Run ContentReplace Behavior [ RunTime:-0.015338s ]
INFO: Run TokenBuild Behavior [ RunTime:-0.015577s ]
INFO: Run WriteHtmlCache Behavior [ RunTime:-0.015828s ]
INFO: Run ShowRuntime Behavior [ RunTime:-0.015937s ]
INFO: [ view_filter ] --END-- [ RunTime:0.000823s ]
INFO: [ view_end ] --START--
INFO: Run ShowPageTrace Behavior [ RunTime:-0.016201s ]
INFO: [ view_end ] --END-- [ RunTime:0.000300s ]

[ 2014-01-24T14:15:39+08:00 ] 0.0.0.0 /wxsite/
INFO: [ app_begin ] --START--
INFO: Run ReadHtmlCache Behavior [ RunTime:0.000285s ]
INFO: [ app_begin ] --END-- [ RunTime:0.000380s ]
NOTIC: [8] Undefined offset: 1 /Library/WebServer/Documents/wxsite/Lib/Core/Action.class.php 第 206 行.
NOTIC: [2] Cannot use a scalar value as an array /Library/WebServer/Documents/wxsite/Lib/Core/Action.class.php 第 206 行.
NOTIC: [8] Undefined offset: 1 /Library/WebServer/Documents/wxsite/Lib/Core/View.class.php 第 69 行.
INFO: [ view_template ] --START--
INFO: Run LocationTemplate Behavior [ RunTime:-0.001218s ]
INFO: [ view_template ] --END-- [ RunTime:0.000172s ]
INFO: [ view_parse ] --START--
NOTIC: [8] Use of undefined constant uid - assumed 'uid' /Library/WebServer/Documents/wxsite/data/conf/logs/Cache/Home/6fec05cdeb567bdd6f06e8ce37bfd4e0.php 第 31 行.
INFO: Run ParseTemplate Behavior [ RunTime:-0.001421s ]
INFO: [ view_parse ] --END-- [ RunTime:0.008455s ]
INFO: [ view_filter ] --START--
INFO: Run ContentReplace Behavior [ RunTime:-0.009899s ]
INFO: Run TokenBuild Behavior [ RunTime:-0.010091s ]
INFO: Run WriteHtmlCache Behavior [ RunTime:-0.010292s ]
INFO: Run ShowRuntime Behavior [ RunTime:-0.010414s ]
INFO: [ view_filter ] --END-- [ RunTime:0.000727s ]
INFO: [ view_end ] --START--
INFO: Run ShowPageTrace Behavior [ RunTime:-0.010668s ]
INFO: [ view_end ] --END-- [ RunTime:0.000307s ]

