[ 2014-01-18T00:06:17+08:00 ] 0.0.0.0 /wxsite/
INFO: [ app_begin ] --START--
INFO: Run ReadHtmlCache Behavior [ RunTime:0.000816s ]
INFO: [ app_begin ] --END-- [ RunTime:0.001235s ]
NOTIC: [8] Undefined offset: 1 /Library/WebServer/Documents/wxsite/Lib/Core/Action.class.php 第 206 行.
NOTIC: [2] Cannot use a scalar value as an array /Library/WebServer/Documents/wxsite/Lib/Core/Action.class.php 第 206 行.
NOTIC: [8] Undefined offset: 1 /Library/WebServer/Documents/wxsite/Lib/Core/View.class.php 第 69 行.
INFO: [ view_template ] --START--
INFO: Run LocationTemplate Behavior [ RunTime:-0.007792s ]
INFO: [ view_template ] --END-- [ RunTime:0.000462s ]
INFO: [ view_parse ] --START--
NOTIC: [8] Use of undefined constant uid - assumed 'uid' /Library/WebServer/Documents/wxsite/data/conf/logs/Cache/Home/6fec05cdeb567bdd6f06e8ce37bfd4e0.php 第 31 行.
NOTIC: [8] Undefined index: uid /Library/WebServer/Documents/wxsite/data/conf/logs/Cache/Home/6fec05cdeb567bdd6f06e8ce37bfd4e0.php 第 31 行.
INFO: Run ParseTemplate Behavior [ RunTime:-0.008327s ]
INFO: [ view_parse ] --END-- [ RunTime:0.022903s ]
INFO: [ view_filter ] --START--
INFO: Run ContentReplace Behavior [ RunTime:-0.031248s ]
INFO: Run TokenBuild Behavior [ RunTime:-0.031998s ]
INFO: Run WriteHtmlCache Behavior [ RunTime:-0.032609s ]
INFO: Run ShowRuntime Behavior [ RunTime:-0.032984s ]
INFO: [ view_filter ] --END-- [ RunTime:0.002280s ]
INFO: [ view_end ] --START--
INFO: Run ShowPageTrace Behavior [ RunTime:-0.033598s ]
INFO: [ view_end ] --END-- [ RunTime:0.000746s ]

[ 2014-01-18T00:06:18+08:00 ] 0.0.0.0 /wxsite/
INFO: [ app_begin ] --START--
INFO: Run ReadHtmlCache Behavior [ RunTime:0.000445s ]
INFO: [ app_begin ] --END-- [ RunTime:0.000612s ]
NOTIC: [8] Undefined offset: 1 /Library/WebServer/Documents/wxsite/Lib/Core/Action.class.php 第 206 行.
NOTIC: [2] Cannot use a scalar value as an array /Library/WebServer/Documents/wxsite/Lib/Core/Action.class.php 第 206 行.
NOTIC: [8] Undefined offset: 1 /Library/WebServer/Documents/wxsite/Lib/Core/View.class.php 第 69 行.
INFO: [ view_template ] --START--
INFO: Run LocationTemplate Behavior [ RunTime:-0.002027s ]
INFO: [ view_template ] --END-- [ RunTime:0.000232s ]
INFO: [ view_parse ] --START--
NOTIC: [8] Use of undefined constant uid - assumed 'uid' /Library/WebServer/Documents/wxsite/data/conf/logs/Cache/Home/6fec05cdeb567bdd6f06e8ce37bfd4e0.php 第 31 行.
NOTIC: [8] Undefined index: uid /Library/WebServer/Documents/wxsite/data/conf/logs/Cache/Home/6fec05cdeb567bdd6f06e8ce37bfd4e0.php 第 31 行.
INFO: Run ParseTemplate Behavior [ RunTime:-0.002306s ]
INFO: [ view_parse ] --END-- [ RunTime:0.017077s ]
INFO: [ view_filter ] --START--
INFO: Run ContentReplace Behavior [ RunTime:-0.019404s ]
INFO: Run TokenBuild Behavior [ RunTime:-0.019668s ]
INFO: Run WriteHtmlCache Behavior [ RunTime:-0.019941s ]
INFO: Run ShowRuntime Behavior [ RunTime:-0.020091s ]
INFO: [ view_filter ] --END-- [ RunTime:0.000964s ]
INFO: [ view_end ] --START--
INFO: Run ShowPageTrace Behavior [ RunTime:-0.020432s ]
INFO: [ view_end ] --END-- [ RunTime:0.000485s ]

[ 2014-01-18T00:06:19+08:00 ] 0.0.0.0 /wxsite/
INFO: [ app_begin ] --START--
INFO: Run ReadHtmlCache Behavior [ RunTime:0.000249s ]
INFO: [ app_begin ] --END-- [ RunTime:0.000291s ]
NOTIC: [8] Undefined offset: 1 /Library/WebServer/Documents/wxsite/Lib/Core/Action.class.php 第 206 行.
NOTIC: [2] Cannot use a scalar value as an array /Library/WebServer/Documents/wxsite/Lib/Core/Action.class.php 第 206 行.
NOTIC: [8] Undefined offset: 1 /Library/WebServer/Documents/wxsite/Lib/Core/View.class.php 第 69 行.
INFO: [ view_template ] --START--
INFO: Run LocationTemplate Behavior [ RunTime:-0.000874s ]
INFO: [ view_template ] --END-- [ RunTime:0.000161s ]
INFO: [ view_parse ] --START--
NOTIC: [8] Use of undefined constant uid - assumed 'uid' /Library/WebServer/Documents/wxsite/data/conf/logs/Cache/Home/6fec05cdeb567bdd6f06e8ce37bfd4e0.php 第 31 行.
NOTIC: [8] Undefined index: uid /Library/WebServer/Documents/wxsite/data/conf/logs/Cache/Home/6fec05cdeb567bdd6f06e8ce37bfd4e0.php 第 31 行.
INFO: Run ParseTemplate Behavior [ RunTime:-0.001059s ]
INFO: [ view_parse ] --END-- [ RunTime:0.007516s ]
INFO: [ view_filter ] --START--
INFO: Run ContentReplace Behavior [ RunTime:-0.008600s ]
INFO: Run TokenBuild Behavior [ RunTime:-0.008786s ]
INFO: Run WriteHtmlCache Behavior [ RunTime:-0.008987s ]
INFO: Run ShowRuntime Behavior [ RunTime:-0.009098s ]
INFO: [ view_filter ] --END-- [ RunTime:0.000731s ]
INFO: [ view_end ] --START--
INFO: Run ShowPageTrace Behavior [ RunTime:-0.009365s ]
INFO: [ view_end ] --END-- [ RunTime:0.000284s ]

[ 2014-01-18T00:06:20+08:00 ] 0.0.0.0 /wxsite/
INFO: [ app_begin ] --START--
INFO: Run ReadHtmlCache Behavior [ RunTime:0.000320s ]
INFO: [ app_begin ] --END-- [ RunTime:0.000422s ]
NOTIC: [8] Undefined offset: 1 /Library/WebServer/Documents/wxsite/Lib/Core/Action.class.php 第 206 行.
NOTIC: [2] Cannot use a scalar value as an array /Library/WebServer/Documents/wxsite/Lib/Core/Action.class.php 第 206 行.
NOTIC: [8] Undefined offset: 1 /Library/WebServer/Documents/wxsite/Lib/Core/View.class.php 第 69 行.
INFO: [ view_template ] --START--
INFO: Run LocationTemplate Behavior [ RunTime:-0.004166s ]
INFO: [ view_template ] --END-- [ RunTime:0.000390s ]
INFO: [ view_parse ] --START--
NOTIC: [8] Use of undefined constant uid - assumed 'uid' /Library/WebServer/Documents/wxsite/data/conf/logs/Cache/Home/6fec05cdeb567bdd6f06e8ce37bfd4e0.php 第 31 行.
NOTIC: [8] Undefined index: uid /Library/WebServer/Documents/wxsite/data/conf/logs/Cache/Home/6fec05cdeb567bdd6f06e8ce37bfd4e0.php 第 31 行.
INFO: Run ParseTemplate Behavior [ RunTime:-0.004638s ]
INFO: [ view_parse ] --END-- [ RunTime:0.014063s ]
INFO: [ view_filter ] --START--
INFO: Run ContentReplace Behavior [ RunTime:-0.018697s ]
INFO: Run TokenBuild Behavior [ RunTime:-0.018898s ]
INFO: Run WriteHtmlCache Behavior [ RunTime:-0.019174s ]
INFO: Run ShowRuntime Behavior [ RunTime:-0.019305s ]
INFO: [ view_filter ] --END-- [ RunTime:0.000847s ]
INFO: [ view_end ] --START--
INFO: Run ShowPageTrace Behavior [ RunTime:-0.019606s ]
INFO: [ view_end ] --END-- [ RunTime:0.000306s ]

[ 2014-01-18T00:06:21+08:00 ] 0.0.0.0 /wxsite/index.php
INFO: [ app_begin ] --START--
INFO: Run ReadHtmlCache Behavior [ RunTime:0.000241s ]
INFO: [ app_begin ] --END-- [ RunTime:0.000281s ]
NOTIC: [8] Undefined offset: 1 /Library/WebServer/Documents/wxsite/Lib/Core/Action.class.php 第 206 行.
NOTIC: [2] Cannot use a scalar value as an array /Library/WebServer/Documents/wxsite/Lib/Core/Action.class.php 第 206 行.
NOTIC: [8] Undefined offset: 1 /Library/WebServer/Documents/wxsite/Lib/Core/View.class.php 第 69 行.
INFO: [ view_template ] --START--
INFO: Run LocationTemplate Behavior [ RunTime:-0.000856s ]
INFO: [ view_template ] --END-- [ RunTime:0.000160s ]
INFO: [ view_parse ] --START--
NOTIC: [8] Use of undefined constant uid - assumed 'uid' /Library/WebServer/Documents/wxsite/data/conf/logs/Cache/Home/6fec05cdeb567bdd6f06e8ce37bfd4e0.php 第 31 行.
NOTIC: [8] Undefined index: uid /Library/WebServer/Documents/wxsite/data/conf/logs/Cache/Home/6fec05cdeb567bdd6f06e8ce37bfd4e0.php 第 31 行.
INFO: Run ParseTemplate Behavior [ RunTime:-0.001038s ]
INFO: [ view_parse ] --END-- [ RunTime:0.007480s ]
INFO: [ view_filter ] --START--
INFO: Run ContentReplace Behavior [ RunTime:-0.008544s ]
INFO: Run TokenBuild Behavior [ RunTime:-0.008732s ]
INFO: Run WriteHtmlCache Behavior [ RunTime:-0.008935s ]
INFO: Run ShowRuntime Behavior [ RunTime:-0.009046s ]
INFO: [ view_filter ] --END-- [ RunTime:0.000709s ]
INFO: [ view_end ] --START--
INFO: Run ShowPageTrace Behavior [ RunTime:-0.009286s ]
INFO: [ view_end ] --END-- [ RunTime:0.000311s ]

[ 2014-01-18T00:06:43+08:00 ] 0.0.0.0 /wxsite/
INFO: [ app_begin ] --START--
INFO: Run ReadHtmlCache Behavior [ RunTime:0.001021s ]
INFO: [ app_begin ] --END-- [ RunTime:0.001193s ]
NOTIC: [8] Undefined offset: 1 /Library/WebServer/Documents/wxsite/Lib/Core/Action.class.php 第 206 行.
NOTIC: [2] Cannot use a scalar value as an array /Library/WebServer/Documents/wxsite/Lib/Core/Action.class.php 第 206 行.
NOTIC: [8] Undefined offset: 1 /Library/WebServer/Documents/wxsite/Lib/Core/View.class.php 第 69 行.
INFO: [ view_template ] --START--
INFO: Run LocationTemplate Behavior [ RunTime:-0.003829s ]
INFO: [ view_template ] --END-- [ RunTime:0.000751s ]
INFO: [ view_parse ] --START--
NOTIC: [8] Use of undefined constant uid - assumed 'uid' /Library/WebServer/Documents/wxsite/data/conf/logs/Cache/Home/6fec05cdeb567bdd6f06e8ce37bfd4e0.php 第 31 行.
NOTIC: [8] Undefined index: uid /Library/WebServer/Documents/wxsite/data/conf/logs/Cache/Home/6fec05cdeb567bdd6f06e8ce37bfd4e0.php 第 31 行.
INFO: Run ParseTemplate Behavior [ RunTime:-0.004673s ]
INFO: [ view_parse ] --END-- [ RunTime:0.020168s ]
INFO: [ view_filter ] --START--
INFO: Run ContentReplace Behavior [ RunTime:-0.024848s ]
INFO: Run TokenBuild Behavior [ RunTime:-0.025461s ]
INFO: Run WriteHtmlCache Behavior [ RunTime:-0.026250s ]
INFO: Run ShowRuntime Behavior [ RunTime:-0.027091s ]
INFO: [ view_filter ] --END-- [ RunTime:0.003180s ]
INFO: [ view_end ] --START--
INFO: Run ShowPageTrace Behavior [ RunTime:-0.028162s ]
INFO: [ view_end ] --END-- [ RunTime:0.001227s ]

[ 2014-01-18T00:06:44+08:00 ] 0.0.0.0 /wxsite/
INFO: [ app_begin ] --START--
INFO: Run ReadHtmlCache Behavior [ RunTime:0.000243s ]
INFO: [ app_begin ] --END-- [ RunTime:0.000282s ]
NOTIC: [8] Undefined offset: 1 /Library/WebServer/Documents/wxsite/Lib/Core/Action.class.php 第 206 行.
NOTIC: [2] Cannot use a scalar value as an array /Library/WebServer/Documents/wxsite/Lib/Core/Action.class.php 第 206 行.
NOTIC: [8] Undefined offset: 1 /Library/WebServer/Documents/wxsite/Lib/Core/View.class.php 第 69 行.
INFO: [ view_template ] --START--
INFO: Run LocationTemplate Behavior [ RunTime:-0.000855s ]
INFO: [ view_template ] --END-- [ RunTime:0.000159s ]
INFO: [ view_parse ] --START--
NOTIC: [8] Use of undefined constant uid - assumed 'uid' /Library/WebServer/Documents/wxsite/data/conf/logs/Cache/Home/6fec05cdeb567bdd6f06e8ce37bfd4e0.php 第 31 行.
NOTIC: [8] Undefined index: uid /Library/WebServer/Documents/wxsite/data/conf/logs/Cache/Home/6fec05cdeb567bdd6f06e8ce37bfd4e0.php 第 31 行.
INFO: Run ParseTemplate Behavior [ RunTime:-0.001037s ]
INFO: [ view_parse ] --END-- [ RunTime:0.007567s ]
INFO: [ view_filter ] --START--
INFO: Run ContentReplace Behavior [ RunTime:-0.008632s ]
INFO: Run TokenBuild Behavior [ RunTime:-0.008817s ]
INFO: Run WriteHtmlCache Behavior [ RunTime:-0.009020s ]
INFO: Run ShowRuntime Behavior [ RunTime:-0.009131s ]
INFO: [ view_filter ] --END-- [ RunTime:0.000707s ]
INFO: [ view_end ] --START--
INFO: Run ShowPageTrace Behavior [ RunTime:-0.009371s ]
INFO: [ view_end ] --END-- [ RunTime:0.000284s ]

[ 2014-01-18T00:06:44+08:00 ] 0.0.0.0 /wxsite/index.php
INFO: [ app_begin ] --START--
INFO: Run ReadHtmlCache Behavior [ RunTime:0.000282s ]
INFO: [ app_begin ] --END-- [ RunTime:0.000320s ]
NOTIC: [8] Undefined offset: 1 /Library/WebServer/Documents/wxsite/Lib/Core/Action.class.php 第 206 行.
NOTIC: [2] Cannot use a scalar value as an array /Library/WebServer/Documents/wxsite/Lib/Core/Action.class.php 第 206 行.
NOTIC: [8] Undefined offset: 1 /Library/WebServer/Documents/wxsite/Lib/Core/View.class.php 第 69 行.
INFO: [ view_template ] --START--
INFO: Run LocationTemplate Behavior [ RunTime:-0.000857s ]
INFO: [ view_template ] --END-- [ RunTime:0.000160s ]
INFO: [ view_parse ] --START--
NOTIC: [8] Use of undefined constant uid - assumed 'uid' /Library/WebServer/Documents/wxsite/data/conf/logs/Cache/Home/6fec05cdeb567bdd6f06e8ce37bfd4e0.php 第 31 行.
NOTIC: [8] Undefined index: uid /Library/WebServer/Documents/wxsite/data/conf/logs/Cache/Home/6fec05cdeb567bdd6f06e8ce37bfd4e0.php 第 31 行.
INFO: Run ParseTemplate Behavior [ RunTime:-0.001040s ]
INFO: [ view_parse ] --END-- [ RunTime:0.007512s ]
INFO: [ view_filter ] --START--
INFO: Run ContentReplace Behavior [ RunTime:-0.008577s ]
INFO: Run TokenBuild Behavior [ RunTime:-0.008763s ]
INFO: Run WriteHtmlCache Behavior [ RunTime:-0.008964s ]
INFO: Run ShowRuntime Behavior [ RunTime:-0.009075s ]
INFO: [ view_filter ] --END-- [ RunTime:0.000705s ]
INFO: [ view_end ] --START--
INFO: Run ShowPageTrace Behavior [ RunTime:-0.009316s ]
INFO: [ view_end ] --END-- [ RunTime:0.000285s ]

[ 2014-01-18T00:15:20+08:00 ] 0.0.0.0 /wxsite/
INFO: [ app_begin ] --START--
INFO: Run ReadHtmlCache Behavior [ RunTime:0.000849s ]
INFO: [ app_begin ] --END-- [ RunTime:0.000971s ]
NOTIC: [8] Undefined offset: 1 /Library/WebServer/Documents/wxsite/Lib/Core/Action.class.php 第 206 行.
NOTIC: [2] Cannot use a scalar value as an array /Library/WebServer/Documents/wxsite/Lib/Core/Action.class.php 第 206 行.
NOTIC: [8] Undefined offset: 1 /Library/WebServer/Documents/wxsite/Lib/Core/View.class.php 第 69 行.
INFO: [ view_template ] --START--
INFO: Run LocationTemplate Behavior [ RunTime:-0.003705s ]
INFO: [ view_template ] --END-- [ RunTime:0.000950s ]
INFO: [ view_parse ] --START--
NOTIC: [8] Use of undefined constant uid - assumed 'uid' /Library/WebServer/Documents/wxsite/data/conf/logs/Cache/Home/6fec05cdeb567bdd6f06e8ce37bfd4e0.php 第 31 行.
NOTIC: [8] Undefined index: uid /Library/WebServer/Documents/wxsite/data/conf/logs/Cache/Home/6fec05cdeb567bdd6f06e8ce37bfd4e0.php 第 31 行.
INFO: Run ParseTemplate Behavior [ RunTime:-0.004804s ]
INFO: [ view_parse ] --END-- [ RunTime:0.022179s ]
INFO: [ view_filter ] --START--
INFO: Run ContentReplace Behavior [ RunTime:-0.026972s ]
INFO: Run TokenBuild Behavior [ RunTime:-0.027550s ]
INFO: Run WriteHtmlCache Behavior [ RunTime:-0.028201s ]
INFO: Run ShowRuntime Behavior [ RunTime:-0.028829s ]
INFO: [ view_filter ] --END-- [ RunTime:0.002736s ]
INFO: [ view_end ] --START--
INFO: Run ShowPageTrace Behavior [ RunTime:-0.029843s ]
INFO: [ view_end ] --END-- [ RunTime:0.001013s ]

[ 2014-01-18T01:11:47+08:00 ] 0.0.0.0 /wxsite/index.php
INFO: [ app_begin ] --START--
INFO: Run ReadHtmlCache Behavior [ RunTime:0.000414s ]
INFO: [ app_begin ] --END-- [ RunTime:0.000522s ]
NOTIC: [8] Undefined offset: 1 /Library/WebServer/Documents/wxsite/Lib/Core/Action.class.php 第 206 行.
NOTIC: [2] Cannot use a scalar value as an array /Library/WebServer/Documents/wxsite/Lib/Core/Action.class.php 第 206 行.
NOTIC: [8] Undefined offset: 1 /Library/WebServer/Documents/wxsite/Lib/Core/View.class.php 第 69 行.
INFO: [ view_template ] --START--
INFO: Run LocationTemplate Behavior [ RunTime:-0.001414s ]
INFO: [ view_template ] --END-- [ RunTime:0.000225s ]
INFO: [ view_parse ] --START--
NOTIC: [8] Use of undefined constant uid - assumed 'uid' /Library/WebServer/Documents/wxsite/data/conf/logs/Cache/Home/6fec05cdeb567bdd6f06e8ce37bfd4e0.php 第 31 行.
NOTIC: [8] Undefined index: uid /Library/WebServer/Documents/wxsite/data/conf/logs/Cache/Home/6fec05cdeb567bdd6f06e8ce37bfd4e0.php 第 31 行.
INFO: Run ParseTemplate Behavior [ RunTime:-0.001679s ]
INFO: [ view_parse ] --END-- [ RunTime:0.009828s ]
INFO: [ view_filter ] --START--
INFO: Run ContentReplace Behavior [ RunTime:-0.011561s ]
INFO: Run TokenBuild Behavior [ RunTime:-0.011904s ]
INFO: Run WriteHtmlCache Behavior [ RunTime:-0.012226s ]
INFO: Run ShowRuntime Behavior [ RunTime:-0.012402s ]
INFO: [ view_filter ] --END-- [ RunTime:0.001191s ]
INFO: [ view_end ] --START--
INFO: Run ShowPageTrace Behavior [ RunTime:-0.012785s ]
INFO: [ view_end ] --END-- [ RunTime:0.000369s ]

[ 2014-01-18T01:12:16+08:00 ] 0.0.0.0 /wxsite/index.php
INFO: [ app_begin ] --START--
INFO: Run ReadHtmlCache Behavior [ RunTime:0.000751s ]
INFO: [ app_begin ] --END-- [ RunTime:0.000841s ]
NOTIC: [8] Undefined offset: 1 /Library/WebServer/Documents/wxsite/Lib/Core/Action.class.php 第 206 行.
NOTIC: [2] Cannot use a scalar value as an array /Library/WebServer/Documents/wxsite/Lib/Core/Action.class.php 第 206 行.
NOTIC: [8] Undefined offset: 1 /Library/WebServer/Documents/wxsite/Lib/Core/View.class.php 第 69 行.
INFO: [ view_template ] --START--
INFO: Run LocationTemplate Behavior [ RunTime:-0.002483s ]
INFO: [ view_template ] --END-- [ RunTime:0.000595s ]
INFO: [ view_parse ] --START--
NOTIC: [8] Use of undefined constant uid - assumed 'uid' /Library/WebServer/Documents/wxsite/data/conf/logs/Cache/Home/6fec05cdeb567bdd6f06e8ce37bfd4e0.php 第 31 行.
NOTIC: [8] Undefined index: uid /Library/WebServer/Documents/wxsite/data/conf/logs/Cache/Home/6fec05cdeb567bdd6f06e8ce37bfd4e0.php 第 31 行.
INFO: Run ParseTemplate Behavior [ RunTime:-0.003142s ]
INFO: [ view_parse ] --END-- [ RunTime:0.017524s ]
INFO: [ view_filter ] --START--
INFO: Run ContentReplace Behavior [ RunTime:-0.020711s ]
INFO: Run TokenBuild Behavior [ RunTime:-0.021326s ]
INFO: Run WriteHtmlCache Behavior [ RunTime:-0.022043s ]
INFO: Run ShowRuntime Behavior [ RunTime:-0.022643s ]
INFO: [ view_filter ] --END-- [ RunTime:0.002790s ]
INFO: [ view_end ] --START--
INFO: Run ShowPageTrace Behavior [ RunTime:-0.023582s ]
INFO: [ view_end ] --END-- [ RunTime:0.000930s ]

[ 2014-01-18T01:12:18+08:00 ] 0.0.0.0 /wxsite/index.php?g=Home&m=Index&a=help
INFO: [ app_begin ] --START--
INFO: Run ReadHtmlCache Behavior [ RunTime:0.000312s ]
INFO: [ app_begin ] --END-- [ RunTime:0.000362s ]
NOTIC: [8] Undefined offset: 1 /Library/WebServer/Documents/wxsite/Lib/Core/Action.class.php 第 206 行.
NOTIC: [2] Cannot use a scalar value as an array /Library/WebServer/Documents/wxsite/Lib/Core/Action.class.php 第 206 行.
NOTIC: [8] Undefined offset: 1 /Library/WebServer/Documents/wxsite/Lib/Core/View.class.php 第 69 行.
INFO: [ view_template ] --START--
INFO: Run LocationTemplate Behavior [ RunTime:-0.010780s ]
INFO: [ view_template ] --END-- [ RunTime:0.000216s ]
INFO: [ view_parse ] --START--
NOTIC: [8] Use of undefined constant uid - assumed 'uid' /Library/WebServer/Documents/wxsite/data/conf/logs/Cache/Home/ac7dcbce78569838c0e0004a41cffac4.php 第 31 行.
NOTIC: [8] Undefined index: uid /Library/WebServer/Documents/wxsite/data/conf/logs/Cache/Home/ac7dcbce78569838c0e0004a41cffac4.php 第 31 行.
NOTIC: [8] Undefined index: token /Library/WebServer/Documents/wxsite/data/conf/logs/Cache/Home/ac7dcbce78569838c0e0004a41cffac4.php 第 147 行.
NOTIC: [8] Undefined index: token /Library/WebServer/Documents/wxsite/data/conf/logs/Cache/Home/ac7dcbce78569838c0e0004a41cffac4.php 第 174 行.
NOTIC: [8] Undefined index: token /Library/WebServer/Documents/wxsite/data/conf/logs/Cache/Home/ac7dcbce78569838c0e0004a41cffac4.php 第 178 行.
INFO: Run ParseTemplate Behavior [ RunTime:-0.011025s ]
INFO: [ view_parse ] --END-- [ RunTime:0.009951s ]
INFO: [ view_filter ] --START--
INFO: Run ContentReplace Behavior [ RunTime:-0.021017s ]
INFO: Run TokenBuild Behavior [ RunTime:-0.021335s ]
INFO: Run WriteHtmlCache Behavior [ RunTime:-0.021629s ]
INFO: Run ShowRuntime Behavior [ RunTime:-0.021779s ]
INFO: [ view_filter ] --END-- [ RunTime:0.001019s ]
INFO: [ view_end ] --START--
INFO: Run ShowPageTrace Behavior [ RunTime:-0.022075s ]
INFO: [ view_end ] --END-- [ RunTime:0.000339s ]

[ 2014-01-18T01:12:19+08:00 ] 0.0.0.0 /wxsite/index.php?g=Home&m=Index&a=login
INFO: [ app_begin ] --START--
INFO: Run ReadHtmlCache Behavior [ RunTime:0.000249s ]
INFO: [ app_begin ] --END-- [ RunTime:0.000293s ]
NOTIC: [8] Undefined offset: 1 /Library/WebServer/Documents/wxsite/Lib/Core/Action.class.php 第 206 行.
NOTIC: [2] Cannot use a scalar value as an array /Library/WebServer/Documents/wxsite/Lib/Core/Action.class.php 第 206 行.
NOTIC: [8] Undefined offset: 1 /Library/WebServer/Documents/wxsite/Lib/Core/View.class.php 第 69 行.
INFO: [ view_template ] --START--
INFO: Run LocationTemplate Behavior [ RunTime:-0.000922s ]
INFO: [ view_template ] --END-- [ RunTime:0.000159s ]
INFO: [ view_parse ] --START--
NOTIC: [8] Use of undefined constant uid - assumed 'uid' /Library/WebServer/Documents/wxsite/data/conf/logs/Cache/Home/52f87a7eb8f08d96b8a13f27c31684b4.php 第 31 行.
NOTIC: [8] Undefined index: uid /Library/WebServer/Documents/wxsite/data/conf/logs/Cache/Home/52f87a7eb8f08d96b8a13f27c31684b4.php 第 31 行.
INFO: Run ParseTemplate Behavior [ RunTime:-0.001103s ]
INFO: [ view_parse ] --END-- [ RunTime:0.008950s ]
INFO: [ view_filter ] --START--
INFO: Run ContentReplace Behavior [ RunTime:-0.010081s ]
INFO: Run TokenBuild Behavior [ RunTime:-0.010274s ]
INFO: Run WriteHtmlCache Behavior [ RunTime:-0.010496s ]
INFO: Run ShowRuntime Behavior [ RunTime:-0.010612s ]
INFO: [ view_filter ] --END-- [ RunTime:0.000748s ]
INFO: [ view_end ] --START--
INFO: Run ShowPageTrace Behavior [ RunTime:-0.010865s ]
INFO: [ view_end ] --END-- [ RunTime:0.000297s ]

[ 2014-01-18T01:12:29+08:00 ] 0.0.0.0 /wxsite/index.php?m=Users&a=checklogin
INFO: [ app_begin ] --START--
INFO: Run ReadHtmlCache Behavior [ RunTime:0.000286s ]
INFO: [ app_begin ] --END-- [ RunTime:0.000330s ]
NOTIC: [8] Undefined offset: 1 /Library/WebServer/Documents/wxsite/Lib/Core/Action.class.php 第 206 行.
NOTIC: [2] Cannot use a scalar value as an array /Library/WebServer/Documents/wxsite/Lib/Core/Action.class.php 第 206 行.
SQL: SHOW COLUMNS FROM `tp_users` [ RunTime:0.001927s ]
SQL: SELECT * FROM `tp_users` WHERE ( `username` = 'aaaa' ) LIMIT 1   [ RunTime:0.002639s ]
SQL: SHOW COLUMNS FROM `tp_user_group` [ RunTime:0.001453s ]
SQL: SELECT * FROM `tp_user_group` WHERE ( `id` = 4 ) LIMIT 1   [ RunTime:0.003814s ]
SQL: UPDATE `tp_users` SET `lasttime`=1389978749,`lastloginmonth`=1,`lastip`='::1' WHERE ( `id` = 33 ) [ RunTime:0.007782s ]
NOTIC: [8] Undefined offset: 1 /Library/WebServer/Documents/wxsite/Lib/Core/View.class.php 第 69 行.
INFO: [ view_template ] --START--
INFO: Run LocationTemplate Behavior [ RunTime:-0.047563s ]
INFO: [ view_template ] --END-- [ RunTime:0.000261s ]
INFO: [ view_parse ] --START--
INFO: Run ParseTemplate Behavior [ RunTime:-0.047856s ]
INFO: [ view_parse ] --END-- [ RunTime:0.006526s ]
INFO: [ view_filter ] --START--
INFO: Run ContentReplace Behavior [ RunTime:-0.054412s ]
INFO: Run TokenBuild Behavior [ RunTime:-0.054616s ]
INFO: Run WriteHtmlCache Behavior [ RunTime:-0.054812s ]
INFO: Run ShowRuntime Behavior [ RunTime:-0.054935s ]
INFO: [ view_filter ] --END-- [ RunTime:0.000769s ]
INFO: [ view_end ] --START--
INFO: Run ShowPageTrace Behavior [ RunTime:-0.055216s ]
INFO: [ view_end ] --END-- [ RunTime:0.000328s ]

[ 2014-01-18T01:12:30+08:00 ] 0.0.0.0 /wxsite/index.php?g=User&m=Index&a=index
INFO: [ app_begin ] --START--
INFO: Run ReadHtmlCache Behavior [ RunTime:0.000358s ]
INFO: [ app_begin ] --END-- [ RunTime:0.000411s ]
NOTIC: [2048] Declaration of IndexAction::insert() should be compatible with BaseAction::insert($name = '', $back = '/index') /Library/WebServer/Documents/wxsite/Lanrain/Lib/Action/User/IndexAction.class.php 第 2 行.
NOTIC: [8] Undefined offset: 1 /Library/WebServer/Documents/wxsite/Lib/Core/Action.class.php 第 206 行.
NOTIC: [2] Cannot use a scalar value as an array /Library/WebServer/Documents/wxsite/Lib/Core/Action.class.php 第 206 行.
SQL: SHOW COLUMNS FROM `tp_user_group` [ RunTime:0.019079s ]
SQL: SELECT * FROM `tp_user_group` WHERE ( `id` = 4 ) LIMIT 1   [ RunTime:0.000445s ]
SQL: SHOW COLUMNS FROM `tp_users` [ RunTime:0.024671s ]
SQL: SELECT * FROM `tp_users` WHERE ( `id` = 33 ) LIMIT 1   [ RunTime:0.000531s ]
SQL: SHOW COLUMNS FROM `tp_wxuser` [ RunTime:0.003057s ]
SQL: SELECT `wxname`,`wxid`,`headerpic`,`weixin` FROM `tp_wxuser` WHERE ( `token` = null ) AND ( `uid` = 33 ) LIMIT 1   [ RunTime:0.000820s ]
SQL: SHOW COLUMNS FROM `tp_user_group` [ RunTime:0.002864s ]
SQL: SELECT * FROM `tp_user_group`  [ RunTime:0.001168s ]
SQL: SELECT COUNT(*) AS tp_count FROM `tp_wxuser` WHERE ( `uid` = 33 ) LIMIT 1   [ RunTime:0.004847s ]
SQL: SELECT * FROM `tp_wxuser` WHERE ( `uid` = 33 ) LIMIT 0,25   [ RunTime:0.000465s ]
NOTIC: [8] Undefined offset: 1 /Library/WebServer/Documents/wxsite/Lib/Core/View.class.php 第 69 行.
INFO: [ view_template ] --START--
INFO: Run LocationTemplate Behavior [ RunTime:-0.076063s ]
INFO: [ view_template ] --END-- [ RunTime:0.000267s ]
INFO: [ view_parse ] --START--
INFO: Run ParseTemplate Behavior [ RunTime:-0.076361s ]
INFO: [ view_parse ] --END-- [ RunTime:0.017132s ]
INFO: [ view_filter ] --START--
INFO: Run ContentReplace Behavior [ RunTime:-0.093530s ]
INFO: Run TokenBuild Behavior [ RunTime:-0.093793s ]
INFO: Run WriteHtmlCache Behavior [ RunTime:-0.094063s ]
INFO: Run ShowRuntime Behavior [ RunTime:-0.094219s ]
INFO: [ view_filter ] --END-- [ RunTime:0.000992s ]
INFO: [ view_end ] --START--
INFO: Run ShowPageTrace Behavior [ RunTime:-0.094565s ]
INFO: [ view_end ] --END-- [ RunTime:0.000411s ]

