[ 2014-01-25T10:40:38+08:00 ] 0.0.0.0 /index.php?g=Home&m=Index&a=login
INFO: [ app_begin ] --START--
INFO: Run ReadHtmlCache Behavior [ RunTime:0.000419s ]
INFO: [ app_begin ] --END-- [ RunTime:0.000486s ]
NOTIC: [8] Undefined offset: 1 /Library/WebServer/Documents/Lib/Core/Action.class.php 第 206 行.
NOTIC: [2] Cannot use a scalar value as an array /Library/WebServer/Documents/Lib/Core/Action.class.php 第 206 行.
NOTIC: [8] Undefined offset: 1 /Library/WebServer/Documents/Lib/Core/View.class.php 第 69 行.
INFO: [ view_template ] --START--
INFO: Run LocationTemplate Behavior [ RunTime:-0.006499s ]
INFO: [ view_template ] --END-- [ RunTime:0.000749s ]
INFO: [ view_parse ] --START--
NOTIC: [8] Use of undefined constant uid - assumed 'uid' /Library/WebServer/Documents/data/conf/logs/Cache/Home/52f87a7eb8f08d96b8a13f27c31684b4.php 第 31 行.
NOTIC: [8] Undefined index: uid /Library/WebServer/Documents/data/conf/logs/Cache/Home/52f87a7eb8f08d96b8a13f27c31684b4.php 第 31 行.
INFO: Run ParseTemplate Behavior [ RunTime:-0.007304s ]
INFO: [ view_parse ] --END-- [ RunTime:0.016691s ]
INFO: [ view_filter ] --START--
INFO: Run ContentReplace Behavior [ RunTime:-0.024017s ]
INFO: Run TokenBuild Behavior [ RunTime:-0.024649s ]
INFO: Run WriteHtmlCache Behavior [ RunTime:-0.025323s ]
INFO: Run ShowRuntime Behavior [ RunTime:-0.026010s ]
INFO: [ view_filter ] --END-- [ RunTime:0.002964s ]
INFO: [ view_end ] --START--
INFO: Run ShowPageTrace Behavior [ RunTime:-0.027100s ]
INFO: [ view_end ] --END-- [ RunTime:0.001146s ]

